mode: atomic
github.com/evstack/ev-node/block/internal/cache/generic_cache.go:32.34,40.2 1 62
github.com/evstack/ev-node/block/internal/cache/generic_cache.go:44.46,46.9 2 1
github.com/evstack/ev-node/block/internal/cache/generic_cache.go:46.9,48.3 1 0
github.com/evstack/ev-node/block/internal/cache/generic_cache.go:49.2,50.9 2 1
github.com/evstack/ev-node/block/internal/cache/generic_cache.go:50.9,52.3 1 0
github.com/evstack/ev-node/block/internal/cache/generic_cache.go:53.2,53.12 1 1
github.com/evstack/ev-node/block/internal/cache/generic_cache.go:57.52,59.2 1 20009
github.com/evstack/ev-node/block/internal/cache/generic_cache.go:63.50,65.13 2 2506
github.com/evstack/ev-node/block/internal/cache/generic_cache.go:65.13,67.3 1 2
github.com/evstack/ev-node/block/internal/cache/generic_cache.go:68.2,69.9 2 2504
github.com/evstack/ev-node/block/internal/cache/generic_cache.go:69.9,71.3 1 0
github.com/evstack/ev-node/block/internal/cache/generic_cache.go:72.2,72.12 1 2504
github.com/evstack/ev-node/block/internal/cache/generic_cache.go:76.45,78.9 2 31
github.com/evstack/ev-node/block/internal/cache/generic_cache.go:78.9,80.3 1 10
github.com/evstack/ev-node/block/internal/cache/generic_cache.go:81.2,81.20 1 21
github.com/evstack/ev-node/block/internal/cache/generic_cache.go:85.56,88.2 2 25
github.com/evstack/ev-node/block/internal/cache/generic_cache.go:91.62,93.9 2 5
github.com/evstack/ev-node/block/internal/cache/generic_cache.go:93.9,95.3 1 0
github.com/evstack/ev-node/block/internal/cache/generic_cache.go:96.2,96.34 1 5
github.com/evstack/ev-node/block/internal/cache/generic_cache.go:100.84,105.18 3 12
github.com/evstack/ev-node/block/internal/cache/generic_cache.go:105.18,107.26 2 12
github.com/evstack/ev-node/block/internal/cache/generic_cache.go:107.26,109.4 1 2
github.com/evstack/ev-node/block/internal/cache/generic_cache.go:110.3,110.54 1 10
github.com/evstack/ev-node/block/internal/cache/generic_cache.go:110.54,112.4 1 10
github.com/evstack/ev-node/block/internal/cache/generic_cache.go:117.50,119.2 1 0
github.com/evstack/ev-node/block/internal/cache/generic_cache.go:123.38,125.2 1 5
github.com/evstack/ev-node/block/internal/cache/generic_cache.go:128.54,131.8 3 3
github.com/evstack/ev-node/block/internal/cache/generic_cache.go:131.8,135.3 2 2
github.com/evstack/ev-node/block/internal/cache/generic_cache.go:145.81,147.16 2 30
github.com/evstack/ev-node/block/internal/cache/generic_cache.go:147.16,149.3 1 0
github.com/evstack/ev-node/block/internal/cache/generic_cache.go:150.2,152.15 2 30
github.com/evstack/ev-node/block/internal/cache/generic_cache.go:152.15,154.3 1 30
github.com/evstack/ev-node/block/internal/cache/generic_cache.go:155.2,155.60 1 30
github.com/evstack/ev-node/block/internal/cache/generic_cache.go:155.60,157.3 1 0
github.com/evstack/ev-node/block/internal/cache/generic_cache.go:158.2,158.12 1 30
github.com/evstack/ev-node/block/internal/cache/generic_cache.go:163.72,166.16 3 177
github.com/evstack/ev-node/block/internal/cache/generic_cache.go:166.16,167.25 1 146
github.com/evstack/ev-node/block/internal/cache/generic_cache.go:167.25,169.4 1 146
github.com/evstack/ev-node/block/internal/cache/generic_cache.go:170.3,170.70 1 0
github.com/evstack/ev-node/block/internal/cache/generic_cache.go:172.2,175.43 3 31
github.com/evstack/ev-node/block/internal/cache/generic_cache.go:175.43,177.3 1 1
github.com/evstack/ev-node/block/internal/cache/generic_cache.go:178.2,178.15 1 30
github.com/evstack/ev-node/block/internal/cache/generic_cache.go:184.56,185.55 1 11
github.com/evstack/ev-node/block/internal/cache/generic_cache.go:185.55,187.3 1 1
github.com/evstack/ev-node/block/internal/cache/generic_cache.go:188.2,190.21 2 10
github.com/evstack/ev-node/block/internal/cache/generic_cache.go:190.21,193.45 2 10
github.com/evstack/ev-node/block/internal/cache/generic_cache.go:193.45,194.32 1 6
github.com/evstack/ev-node/block/internal/cache/generic_cache.go:194.32,195.29 1 6
github.com/evstack/ev-node/block/internal/cache/generic_cache.go:195.29,197.6 1 6
github.com/evstack/ev-node/block/internal/cache/generic_cache.go:199.4,199.15 1 6
github.com/evstack/ev-node/block/internal/cache/generic_cache.go:202.3,202.104 1 10
github.com/evstack/ev-node/block/internal/cache/generic_cache.go:202.104,204.4 1 0
github.com/evstack/ev-node/block/internal/cache/generic_cache.go:205.3,205.13 1 10
github.com/evstack/ev-node/block/internal/cache/generic_cache.go:209.2,209.21 1 10
github.com/evstack/ev-node/block/internal/cache/generic_cache.go:209.21,211.38 2 10
github.com/evstack/ev-node/block/internal/cache/generic_cache.go:211.38,214.22 3 9
github.com/evstack/ev-node/block/internal/cache/generic_cache.go:214.22,216.5 1 9
github.com/evstack/ev-node/block/internal/cache/generic_cache.go:217.4,217.15 1 9
github.com/evstack/ev-node/block/internal/cache/generic_cache.go:219.3,219.93 1 10
github.com/evstack/ev-node/block/internal/cache/generic_cache.go:219.93,221.4 1 0
github.com/evstack/ev-node/block/internal/cache/generic_cache.go:222.3,222.13 1 10
github.com/evstack/ev-node/block/internal/cache/generic_cache.go:226.2,226.21 1 10
github.com/evstack/ev-node/block/internal/cache/generic_cache.go:226.21,228.42 2 10
github.com/evstack/ev-node/block/internal/cache/generic_cache.go:228.42,231.22 3 10
github.com/evstack/ev-node/block/internal/cache/generic_cache.go:231.22,233.5 1 10
github.com/evstack/ev-node/block/internal/cache/generic_cache.go:234.4,234.15 1 10
github.com/evstack/ev-node/block/internal/cache/generic_cache.go:236.3,236.101 1 10
github.com/evstack/ev-node/block/internal/cache/generic_cache.go:236.101,238.4 1 0
github.com/evstack/ev-node/block/internal/cache/generic_cache.go:239.3,239.13 1 10
github.com/evstack/ev-node/block/internal/cache/generic_cache.go:241.2,241.18 1 10
github.com/evstack/ev-node/block/internal/cache/generic_cache.go:248.58,251.21 2 59
github.com/evstack/ev-node/block/internal/cache/generic_cache.go:251.21,253.17 2 59
github.com/evstack/ev-node/block/internal/cache/generic_cache.go:253.17,255.4 1 1
github.com/evstack/ev-node/block/internal/cache/generic_cache.go:256.3,256.38 1 58
github.com/evstack/ev-node/block/internal/cache/generic_cache.go:256.38,258.4 1 6
github.com/evstack/ev-node/block/internal/cache/generic_cache.go:259.3,259.13 1 58
github.com/evstack/ev-node/block/internal/cache/generic_cache.go:262.2,262.21 1 59
github.com/evstack/ev-node/block/internal/cache/generic_cache.go:262.21,264.17 2 59
github.com/evstack/ev-node/block/internal/cache/generic_cache.go:264.17,266.4 1 0
github.com/evstack/ev-node/block/internal/cache/generic_cache.go:267.3,267.31 1 59
github.com/evstack/ev-node/block/internal/cache/generic_cache.go:267.31,269.4 1 9
github.com/evstack/ev-node/block/internal/cache/generic_cache.go:270.3,270.13 1 59
github.com/evstack/ev-node/block/internal/cache/generic_cache.go:273.2,273.21 1 59
github.com/evstack/ev-node/block/internal/cache/generic_cache.go:273.21,275.17 2 59
github.com/evstack/ev-node/block/internal/cache/generic_cache.go:275.17,277.4 1 0
github.com/evstack/ev-node/block/internal/cache/generic_cache.go:278.3,278.35 1 59
github.com/evstack/ev-node/block/internal/cache/generic_cache.go:278.35,282.19 3 10
github.com/evstack/ev-node/block/internal/cache/generic_cache.go:282.19,284.5 1 4
github.com/evstack/ev-node/block/internal/cache/generic_cache.go:286.3,286.13 1 59
github.com/evstack/ev-node/block/internal/cache/generic_cache.go:288.2,288.18 1 59
github.com/evstack/ev-node/block/internal/cache/manager.go:36.25,37.28 1 30
github.com/evstack/ev-node/block/internal/cache/manager.go:37.28,41.3 3 1
github.com/evstack/ev-node/block/internal/cache/manager.go:111.90,113.16 2 0
github.com/evstack/ev-node/block/internal/cache/manager.go:113.16,115.3 1 0
github.com/evstack/ev-node/block/internal/cache/manager.go:117.2,118.16 2 0
github.com/evstack/ev-node/block/internal/cache/manager.go:118.16,120.3 1 0
github.com/evstack/ev-node/block/internal/cache/manager.go:122.2,126.8 1 0
github.com/evstack/ev-node/block/internal/cache/manager.go:130.86,148.20 7 0
github.com/evstack/ev-node/block/internal/cache/manager.go:148.20,150.46 1 0
github.com/evstack/ev-node/block/internal/cache/manager.go:150.46,152.4 1 0
github.com/evstack/ev-node/block/internal/cache/manager.go:153.8,155.45 1 0
github.com/evstack/ev-node/block/internal/cache/manager.go:155.45,157.4 1 0
github.com/evstack/ev-node/block/internal/cache/manager.go:160.2,160.18 1 0
github.com/evstack/ev-node/block/internal/cache/manager.go:164.95,173.16 6 14
github.com/evstack/ev-node/block/internal/cache/manager.go:173.16,175.3 1 0
github.com/evstack/ev-node/block/internal/cache/manager.go:177.2,178.16 2 14
github.com/evstack/ev-node/block/internal/cache/manager.go:178.16,180.3 1 0
github.com/evstack/ev-node/block/internal/cache/manager.go:182.2,195.20 3 14
github.com/evstack/ev-node/block/internal/cache/manager.go:195.20,197.46 1 0
github.com/evstack/ev-node/block/internal/cache/manager.go:197.46,199.4 1 0
github.com/evstack/ev-node/block/internal/cache/manager.go:200.8,202.45 1 14
github.com/evstack/ev-node/block/internal/cache/manager.go:202.45,204.4 1 0
github.com/evstack/ev-node/block/internal/cache/manager.go:207.2,207.18 1 14
github.com/evstack/ev-node/block/internal/cache/manager.go:211.57,213.2 1 4
github.com/evstack/ev-node/block/internal/cache/manager.go:215.73,217.2 1 3
github.com/evstack/ev-node/block/internal/cache/manager.go:219.74,221.2 1 2
github.com/evstack/ev-node/block/internal/cache/manager.go:223.96,225.2 1 2
github.com/evstack/ev-node/block/internal/cache/manager.go:227.62,229.2 1 0
github.com/evstack/ev-node/block/internal/cache/manager.go:232.44,234.2 1 0
github.com/evstack/ev-node/block/internal/cache/manager.go:237.55,239.2 1 4
github.com/evstack/ev-node/block/internal/cache/manager.go:241.71,243.2 1 3
github.com/evstack/ev-node/block/internal/cache/manager.go:245.72,247.2 1 2
github.com/evstack/ev-node/block/internal/cache/manager.go:249.94,251.2 1 2
github.com/evstack/ev-node/block/internal/cache/manager.go:254.53,256.2 1 22
github.com/evstack/ev-node/block/internal/cache/manager.go:258.49,263.2 2 11
github.com/evstack/ev-node/block/internal/cache/manager.go:268.69,269.20 1 4
github.com/evstack/ev-node/block/internal/cache/manager.go:269.20,271.3 1 1
github.com/evstack/ev-node/block/internal/cache/manager.go:273.2,276.49 3 4
github.com/evstack/ev-node/block/internal/cache/manager.go:276.49,278.10 2 9
github.com/evstack/ev-node/block/internal/cache/manager.go:278.10,280.4 1 0
github.com/evstack/ev-node/block/internal/cache/manager.go:282.3,283.10 2 9
github.com/evstack/ev-node/block/internal/cache/manager.go:283.10,285.4 1 0
github.com/evstack/ev-node/block/internal/cache/manager.go:287.3,287.31 1 9
github.com/evstack/ev-node/block/internal/cache/manager.go:287.31,292.4 3 6
github.com/evstack/ev-node/block/internal/cache/manager.go:293.3,293.14 1 9
github.com/evstack/ev-node/block/internal/cache/manager.go:296.2,296.17 1 4
github.com/evstack/ev-node/block/internal/cache/manager.go:296.17,301.3 1 3
github.com/evstack/ev-node/block/internal/cache/manager.go:303.2,303.16 1 4
github.com/evstack/ev-node/block/internal/cache/manager.go:308.59,318.2 3 1
github.com/evstack/ev-node/block/internal/cache/manager.go:321.96,323.2 1 2
github.com/evstack/ev-node/block/internal/cache/manager.go:325.91,328.16 2 2
github.com/evstack/ev-node/block/internal/cache/manager.go:328.16,330.3 1 0
github.com/evstack/ev-node/block/internal/cache/manager.go:333.2,334.32 2 2
github.com/evstack/ev-node/block/internal/cache/manager.go:334.32,335.25 1 4
github.com/evstack/ev-node/block/internal/cache/manager.go:335.25,336.12 1 1
github.com/evstack/ev-node/block/internal/cache/manager.go:341.3,344.5 1 3
github.com/evstack/ev-node/block/internal/cache/manager.go:347.2,347.28 1 2
github.com/evstack/ev-node/block/internal/cache/manager.go:350.91,352.2 1 1
github.com/evstack/ev-node/block/internal/cache/manager.go:354.89,356.2 1 1
github.com/evstack/ev-node/block/internal/cache/manager.go:358.53,360.2 1 1
github.com/evstack/ev-node/block/internal/cache/manager.go:362.50,364.2 1 1
github.com/evstack/ev-node/block/internal/cache/manager.go:367.86,369.2 1 4
github.com/evstack/ev-node/block/internal/cache/manager.go:373.83,375.2 1 6
github.com/evstack/ev-node/block/internal/cache/manager.go:377.45,383.88 3 2
github.com/evstack/ev-node/block/internal/cache/manager.go:383.88,385.3 1 0
github.com/evstack/ev-node/block/internal/cache/manager.go:387.2,387.84 1 2
github.com/evstack/ev-node/block/internal/cache/manager.go:387.84,389.3 1 0
github.com/evstack/ev-node/block/internal/cache/manager.go:391.2,391.80 1 2
github.com/evstack/ev-node/block/internal/cache/manager.go:391.80,393.3 1 0
github.com/evstack/ev-node/block/internal/cache/manager.go:395.2,395.102 1 2
github.com/evstack/ev-node/block/internal/cache/manager.go:395.102,397.3 1 0
github.com/evstack/ev-node/block/internal/cache/manager.go:403.2,403.12 1 2
github.com/evstack/ev-node/block/internal/cache/manager.go:406.47,412.90 3 14
github.com/evstack/ev-node/block/internal/cache/manager.go:412.90,414.3 1 0
github.com/evstack/ev-node/block/internal/cache/manager.go:416.2,416.86 1 14
github.com/evstack/ev-node/block/internal/cache/manager.go:416.86,418.3 1 0
github.com/evstack/ev-node/block/internal/cache/manager.go:420.2,420.82 1 14
github.com/evstack/ev-node/block/internal/cache/manager.go:420.82,422.3 1 0
github.com/evstack/ev-node/block/internal/cache/manager.go:424.2,424.104 1 14
github.com/evstack/ev-node/block/internal/cache/manager.go:424.104,426.3 1 0
github.com/evstack/ev-node/block/internal/cache/manager.go:430.2,431.51 2 14
github.com/evstack/ev-node/block/internal/cache/manager.go:431.51,432.35 1 2
github.com/evstack/ev-node/block/internal/cache/manager.go:432.35,434.4 1 2
github.com/evstack/ev-node/block/internal/cache/manager.go:435.3,435.14 1 2
github.com/evstack/ev-node/block/internal/cache/manager.go:438.2,438.12 1 14
github.com/evstack/ev-node/block/internal/cache/manager.go:441.48,443.48 2 0
github.com/evstack/ev-node/block/internal/cache/manager.go:443.48,445.3 1 0
github.com/evstack/ev-node/block/internal/cache/manager.go:446.2,446.12 1 0
github.com/evstack/ev-node/block/internal/cache/pending_base.go:28.189,35.34 2 38
github.com/evstack/ev-node/block/internal/cache/pending_base.go:35.34,37.3 1 2
github.com/evstack/ev-node/block/internal/cache/pending_base.go:38.2,38.16 1 36
github.com/evstack/ev-node/block/internal/cache/pending_base.go:42.72,45.16 3 11
github.com/evstack/ev-node/block/internal/cache/pending_base.go:45.16,47.3 1 0
github.com/evstack/ev-node/block/internal/cache/pending_base.go:48.2,48.29 1 11
github.com/evstack/ev-node/block/internal/cache/pending_base.go:48.29,50.3 1 1
github.com/evstack/ev-node/block/internal/cache/pending_base.go:51.2,51.28 1 10
github.com/evstack/ev-node/block/internal/cache/pending_base.go:51.28,53.3 1 1
github.com/evstack/ev-node/block/internal/cache/pending_base.go:54.2,55.47 2 9
github.com/evstack/ev-node/block/internal/cache/pending_base.go:55.47,57.17 2 19
github.com/evstack/ev-node/block/internal/cache/pending_base.go:57.17,59.4 1 1
github.com/evstack/ev-node/block/internal/cache/pending_base.go:60.3,60.34 1 18
github.com/evstack/ev-node/block/internal/cache/pending_base.go:62.2,62.21 1 8
github.com/evstack/ev-node/block/internal/cache/pending_base.go:65.47,67.16 2 10
github.com/evstack/ev-node/block/internal/cache/pending_base.go:67.16,70.3 2 0
github.com/evstack/ev-node/block/internal/cache/pending_base.go:71.2,71.38 1 10
github.com/evstack/ev-node/block/internal/cache/pending_base.go:74.102,76.95 2 7
github.com/evstack/ev-node/block/internal/cache/pending_base.go:76.95,80.17 4 6
github.com/evstack/ev-node/block/internal/cache/pending_base.go:80.17,82.4 1 0
github.com/evstack/ev-node/block/internal/cache/pending_base.go:86.40,88.36 2 38
github.com/evstack/ev-node/block/internal/cache/pending_base.go:88.36,90.3 1 33
github.com/evstack/ev-node/block/internal/cache/pending_base.go:91.2,91.16 1 5
github.com/evstack/ev-node/block/internal/cache/pending_base.go:91.16,93.3 1 0
github.com/evstack/ev-node/block/internal/cache/pending_base.go:94.2,94.19 1 5
github.com/evstack/ev-node/block/internal/cache/pending_base.go:94.19,96.3 1 2
github.com/evstack/ev-node/block/internal/cache/pending_base.go:97.2,98.14 2 3
github.com/evstack/ev-node/block/internal/cache/pending_base.go:98.14,100.3 1 0
github.com/evstack/ev-node/block/internal/cache/pending_base.go:101.2,102.12 2 3
github.com/evstack/ev-node/block/internal/cache/pending_data.go:31.92,34.2 2 10
github.com/evstack/ev-node/block/internal/cache/pending_data.go:37.85,39.16 2 18
github.com/evstack/ev-node/block/internal/cache/pending_data.go:39.16,41.3 1 1
github.com/evstack/ev-node/block/internal/cache/pending_data.go:42.2,42.38 1 17
github.com/evstack/ev-node/block/internal/cache/pending_data.go:45.37,47.2 1 0
github.com/evstack/ev-node/block/internal/cache/pending_data.go:50.83,52.2 1 5
github.com/evstack/ev-node/block/internal/cache/pending_data.go:54.48,56.2 1 4
github.com/evstack/ev-node/block/internal/cache/pending_data.go:58.107,60.2 1 2
github.com/evstack/ev-node/block/internal/cache/pending_headers.go:28.111,31.2 2 9
github.com/evstack/ev-node/block/internal/cache/pending_headers.go:34.94,36.16 2 20
github.com/evstack/ev-node/block/internal/cache/pending_headers.go:36.16,38.3 1 1
github.com/evstack/ev-node/block/internal/cache/pending_headers.go:39.2,39.41 1 19
github.com/evstack/ev-node/block/internal/cache/pending_headers.go:43.97,45.2 1 6
github.com/evstack/ev-node/block/internal/cache/pending_headers.go:47.54,49.2 1 6
github.com/evstack/ev-node/block/internal/cache/pending_headers.go:51.114,53.2 1 5
github.com/evstack/ev-node/block/internal/cache/pending_headers.go:55.40,57.2 1 0
github.com/evstack/ev-node/block/internal/common/broadcaster_mock.go:20.24,24.19 3 0
github.com/evstack/ev-node/block/internal/common/broadcaster_mock.go:24.19,24.49 1 0
github.com/evstack/ev-node/block/internal/common/broadcaster_mock.go:26.2,26.13 1 0
github.com/evstack/ev-node/block/internal/common/broadcaster_mock.go:38.69,40.2 1 0
github.com/evstack/ev-node/block/internal/common/broadcaster_mock.go:43.58,46.19 2 0
github.com/evstack/ev-node/block/internal/common/broadcaster_mock.go:46.19,47.47 1 0
github.com/evstack/ev-node/block/internal/common/broadcaster_mock.go:50.2,51.63 2 0
github.com/evstack/ev-node/block/internal/common/broadcaster_mock.go:51.63,53.3 1 0
github.com/evstack/ev-node/block/internal/common/broadcaster_mock.go:53.8,54.24 1 0
github.com/evstack/ev-node/block/internal/common/broadcaster_mock.go:54.24,56.4 1 0
github.com/evstack/ev-node/block/internal/common/broadcaster_mock.go:58.2,58.11 1 0
github.com/evstack/ev-node/block/internal/common/broadcaster_mock.go:67.79,69.2 1 0
github.com/evstack/ev-node/block/internal/common/broadcaster_mock.go:71.89,72.40 1 0
github.com/evstack/ev-node/block/internal/common/broadcaster_mock.go:72.40,74.3 1 0
github.com/evstack/ev-node/block/internal/common/broadcaster_mock.go:75.2,75.11 1 0
github.com/evstack/ev-node/block/internal/common/broadcaster_mock.go:78.103,81.2 2 0
github.com/evstack/ev-node/block/internal/common/broadcaster_mock.go:83.114,86.2 2 0
github.com/evstack/ev-node/block/internal/common/broadcaster_mock.go:89.120,92.23 2 0
github.com/evstack/ev-node/block/internal/common/broadcaster_mock.go:92.23,94.3 1 0
github.com/evstack/ev-node/block/internal/common/broadcaster_mock.go:95.2,100.19 5 0
github.com/evstack/ev-node/block/internal/common/broadcaster_mock.go:100.19,101.66 1 0
github.com/evstack/ev-node/block/internal/common/broadcaster_mock.go:104.2,105.89 2 0
github.com/evstack/ev-node/block/internal/common/broadcaster_mock.go:105.89,107.3 1 0
github.com/evstack/ev-node/block/internal/common/broadcaster_mock.go:107.8,109.3 1 0
github.com/evstack/ev-node/block/internal/common/broadcaster_mock.go:110.2,110.11 1 0
github.com/evstack/ev-node/block/internal/common/broadcaster_mock.go:122.174,125.2 1 0
github.com/evstack/ev-node/block/internal/common/broadcaster_mock.go:127.180,128.40 1 0
github.com/evstack/ev-node/block/internal/common/broadcaster_mock.go:128.40,130.21 2 0
github.com/evstack/ev-node/block/internal/common/broadcaster_mock.go:130.21,132.4 1 0
github.com/evstack/ev-node/block/internal/common/broadcaster_mock.go:133.3,134.21 2 0
github.com/evstack/ev-node/block/internal/common/broadcaster_mock.go:134.21,136.4 1 0
github.com/evstack/ev-node/block/internal/common/broadcaster_mock.go:137.3,139.30 3 0
github.com/evstack/ev-node/block/internal/common/broadcaster_mock.go:139.30,140.16 1 0
github.com/evstack/ev-node/block/internal/common/broadcaster_mock.go:140.16,142.5 1 0
github.com/evstack/ev-node/block/internal/common/broadcaster_mock.go:144.3,149.4 2 0
github.com/evstack/ev-node/block/internal/common/broadcaster_mock.go:151.2,151.11 1 0
github.com/evstack/ev-node/block/internal/common/broadcaster_mock.go:154.129,157.2 2 0
github.com/evstack/ev-node/block/internal/common/broadcaster_mock.go:159.195,162.2 2 0
github.com/evstack/ev-node/block/internal/common/metrics.go:31.64,42.2 1 5
github.com/evstack/ev-node/block/internal/common/metrics.go:75.78,77.47 2 4
github.com/evstack/ev-node/block/internal/common/metrics.go:77.47,79.3 1 3
github.com/evstack/ev-node/block/internal/common/metrics.go:81.2,133.32 9 4
github.com/evstack/ev-node/block/internal/common/metrics.go:133.32,144.3 1 20
github.com/evstack/ev-node/block/internal/common/metrics.go:147.2,220.56 11 4
github.com/evstack/ev-node/block/internal/common/metrics.go:220.56,240.3 2 32
github.com/evstack/ev-node/block/internal/common/metrics.go:242.2,242.10 1 4
github.com/evstack/ev-node/block/internal/common/metrics.go:246.28,276.32 3 1
github.com/evstack/ev-node/block/internal/common/metrics.go:276.32,278.3 1 5
github.com/evstack/ev-node/block/internal/common/metrics.go:281.2,281.56 1 1
github.com/evstack/ev-node/block/internal/common/metrics.go:281.56,284.3 2 8
github.com/evstack/ev-node/block/internal/common/metrics.go:286.2,286.10 1 1
github.com/evstack/ev-node/block/internal/common/options.go:17.41,23.2 1 0
github.com/evstack/ev-node/block/internal/common/options.go:26.44,27.54 1 0
github.com/evstack/ev-node/block/internal/common/options.go:27.54,29.3 1 0
github.com/evstack/ev-node/block/internal/common/options.go:31.2,31.48 1 0
github.com/evstack/ev-node/block/internal/common/options.go:31.48,33.3 1 0
github.com/evstack/ev-node/block/internal/common/options.go:35.2,35.41 1 0
github.com/evstack/ev-node/block/internal/common/options.go:35.41,37.3 1 0
github.com/evstack/ev-node/block/internal/common/options.go:39.2,39.12 1 0
github.com/evstack/ev-node/block/internal/common/replay.go:32.13,39.2 1 8
github.com/evstack/ev-node/block/internal/common/replay.go:46.81,49.9 2 8
github.com/evstack/ev-node/block/internal/common/replay.go:49.9,52.3 2 1
github.com/evstack/ev-node/block/internal/common/replay.go:55.2,55.44 1 7
github.com/evstack/ev-node/block/internal/common/replay.go:55.44,58.3 2 1
github.com/evstack/ev-node/block/internal/common/replay.go:60.2,61.16 2 6
github.com/evstack/ev-node/block/internal/common/replay.go:61.16,63.3 1 0
github.com/evstack/ev-node/block/internal/common/replay.go:65.2,73.31 2 6
github.com/evstack/ev-node/block/internal/common/replay.go:73.31,79.3 2 1
github.com/evstack/ev-node/block/internal/common/replay.go:82.2,82.31 1 5
github.com/evstack/ev-node/block/internal/common/replay.go:82.31,90.66 2 4
github.com/evstack/ev-node/block/internal/common/replay.go:90.66,91.53 1 6
github.com/evstack/ev-node/block/internal/common/replay.go:91.53,93.5 1 1
github.com/evstack/ev-node/block/internal/common/replay.go:96.3,98.46 1 3
github.com/evstack/ev-node/block/internal/common/replay.go:99.8,101.3 1 1
github.com/evstack/ev-node/block/internal/common/replay.go:103.2,103.12 1 4
github.com/evstack/ev-node/block/internal/common/replay.go:113.74,118.16 3 6
github.com/evstack/ev-node/block/internal/common/replay.go:118.16,120.3 1 0
github.com/evstack/ev-node/block/internal/common/replay.go:123.2,124.39 2 6
github.com/evstack/ev-node/block/internal/common/replay.go:124.39,133.3 1 1
github.com/evstack/ev-node/block/internal/common/replay.go:133.8,136.17 2 5
github.com/evstack/ev-node/block/internal/common/replay.go:136.17,138.4 1 0
github.com/evstack/ev-node/block/internal/common/replay.go:140.3,141.17 2 5
github.com/evstack/ev-node/block/internal/common/replay.go:141.17,143.4 1 0
github.com/evstack/ev-node/block/internal/common/replay.go:144.3,145.41 2 5
github.com/evstack/ev-node/block/internal/common/replay.go:149.2,150.30 2 6
github.com/evstack/ev-node/block/internal/common/replay.go:150.30,152.3 1 6
github.com/evstack/ev-node/block/internal/common/replay.go:155.2,161.16 3 6
github.com/evstack/ev-node/block/internal/common/replay.go:161.16,163.3 1 0
github.com/evstack/ev-node/block/internal/common/replay.go:166.2,166.46 1 6
github.com/evstack/ev-node/block/internal/common/replay.go:166.46,178.3 3 1
github.com/evstack/ev-node/block/internal/common/replay.go:180.2,184.12 2 5
github.com/evstack/ev-node/block/internal/da/client.go:46.39,47.19 1 18
github.com/evstack/ev-node/block/internal/da/client.go:47.19,49.3 1 0
github.com/evstack/ev-node/block/internal/da/client.go:50.2,50.29 1 18
github.com/evstack/ev-node/block/internal/da/client.go:50.29,52.3 1 18
github.com/evstack/ev-node/block/internal/da/client.go:54.2,56.24 3 18
github.com/evstack/ev-node/block/internal/da/client.go:56.24,58.3 1 0
github.com/evstack/ev-node/block/internal/da/client.go:60.2,69.3 1 18
github.com/evstack/ev-node/block/internal/da/client.go:73.127,76.25 2 10
github.com/evstack/ev-node/block/internal/da/client.go:76.25,78.3 1 10
github.com/evstack/ev-node/block/internal/da/client.go:80.2,81.16 2 10
github.com/evstack/ev-node/block/internal/da/client.go:81.16,88.3 1 1
github.com/evstack/ev-node/block/internal/da/client.go:90.2,91.27 2 9
github.com/evstack/ev-node/block/internal/da/client.go:91.27,92.51 1 9
github.com/evstack/ev-node/block/internal/da/client.go:92.51,99.4 1 0
github.com/evstack/ev-node/block/internal/da/client.go:100.3,101.17 2 9
github.com/evstack/ev-node/block/internal/da/client.go:101.17,108.4 1 0
github.com/evstack/ev-node/block/internal/da/client.go:111.2,112.22 2 9
github.com/evstack/ev-node/block/internal/da/client.go:112.22,113.62 1 1
github.com/evstack/ev-node/block/internal/da/client.go:113.62,120.4 1 0
github.com/evstack/ev-node/block/internal/da/client.go:123.2,124.16 2 9
github.com/evstack/ev-node/block/internal/da/client.go:124.16,126.10 2 7
github.com/evstack/ev-node/block/internal/da/client.go:127.41,128.40 1 1
github.com/evstack/ev-node/block/internal/da/client.go:129.69,130.43 1 1
github.com/evstack/ev-node/block/internal/da/client.go:131.77,132.41 1 1
github.com/evstack/ev-node/block/internal/da/client.go:133.85,134.49 1 1
github.com/evstack/ev-node/block/internal/da/client.go:135.76,136.31 1 1
github.com/evstack/ev-node/block/internal/da/client.go:137.74,138.40 1 1
github.com/evstack/ev-node/block/internal/da/client.go:140.3,140.35 1 7
github.com/evstack/ev-node/block/internal/da/client.go:140.35,142.4 1 1
github.com/evstack/ev-node/block/internal/da/client.go:142.9,144.4 1 6
github.com/evstack/ev-node/block/internal/da/client.go:145.3,154.4 1 7
github.com/evstack/ev-node/block/internal/da/client.go:157.2,157.21 1 2
github.com/evstack/ev-node/block/internal/da/client.go:157.21,165.3 1 0
github.com/evstack/ev-node/block/internal/da/client.go:167.2,168.26 2 2
github.com/evstack/ev-node/block/internal/da/client.go:168.26,170.3 1 2
github.com/evstack/ev-node/block/internal/da/client.go:171.2,182.3 2 2
github.com/evstack/ev-node/block/internal/da/client.go:186.91,191.16 4 2
github.com/evstack/ev-node/block/internal/da/client.go:191.16,193.3 1 0
github.com/evstack/ev-node/block/internal/da/client.go:195.2,195.27 1 2
github.com/evstack/ev-node/block/internal/da/client.go:201.104,203.16 2 2
github.com/evstack/ev-node/block/internal/da/client.go:203.16,212.3 1 0
github.com/evstack/ev-node/block/internal/da/client.go:214.2,218.16 4 2
github.com/evstack/ev-node/block/internal/da/client.go:218.16,220.10 1 1
github.com/evstack/ev-node/block/internal/da/client.go:221.71,225.18 3 1
github.com/evstack/ev-node/block/internal/da/client.go:225.18,229.5 2 0
github.com/evstack/ev-node/block/internal/da/client.go:231.4,238.5 1 1
github.com/evstack/ev-node/block/internal/da/client.go:239.75,247.5 1 0
github.com/evstack/ev-node/block/internal/da/client.go:248.11,257.5 2 0
github.com/evstack/ev-node/block/internal/da/client.go:262.2,263.16 2 1
github.com/evstack/ev-node/block/internal/da/client.go:263.16,267.3 2 0
github.com/evstack/ev-node/block/internal/da/client.go:269.2,269.21 1 1
github.com/evstack/ev-node/block/internal/da/client.go:269.21,279.3 2 0
github.com/evstack/ev-node/block/internal/da/client.go:282.2,284.26 3 1
github.com/evstack/ev-node/block/internal/da/client.go:284.26,287.3 2 1
github.com/evstack/ev-node/block/internal/da/client.go:289.2,299.3 2 1
github.com/evstack/ev-node/block/internal/da/client.go:303.101,304.27 1 0
github.com/evstack/ev-node/block/internal/da/client.go:304.27,312.3 1 0
github.com/evstack/ev-node/block/internal/da/client.go:313.2,313.53 1 0
github.com/evstack/ev-node/block/internal/da/client.go:317.46,319.2 1 0
github.com/evstack/ev-node/block/internal/da/client.go:322.44,324.2 1 0
github.com/evstack/ev-node/block/internal/da/client.go:327.55,329.2 1 0
github.com/evstack/ev-node/block/internal/da/client.go:332.53,334.2 1 0
github.com/evstack/ev-node/block/internal/da/client.go:337.103,338.19 1 2
github.com/evstack/ev-node/block/internal/da/client.go:338.19,340.3 1 0
github.com/evstack/ev-node/block/internal/da/client.go:342.2,343.16 2 2
github.com/evstack/ev-node/block/internal/da/client.go:343.16,345.3 1 0
github.com/evstack/ev-node/block/internal/da/client.go:347.2,351.25 4 2
github.com/evstack/ev-node/block/internal/da/client.go:351.25,353.24 2 4
github.com/evstack/ev-node/block/internal/da/client.go:353.24,355.4 1 0
github.com/evstack/ev-node/block/internal/da/client.go:357.3,358.17 2 4
github.com/evstack/ev-node/block/internal/da/client.go:358.17,360.4 1 1
github.com/evstack/ev-node/block/internal/da/client.go:361.3,361.15 1 3
github.com/evstack/ev-node/block/internal/da/client.go:361.15,362.12 1 0
github.com/evstack/ev-node/block/internal/da/client.go:364.3,364.30 1 3
github.com/evstack/ev-node/block/internal/da/client.go:367.2,367.17 1 1
github.com/evstack/ev-node/block/internal/da/client.go:371.110,372.19 1 1
github.com/evstack/ev-node/block/internal/da/client.go:372.19,374.3 1 0
github.com/evstack/ev-node/block/internal/da/client.go:376.2,377.16 2 1
github.com/evstack/ev-node/block/internal/da/client.go:377.16,379.3 1 0
github.com/evstack/ev-node/block/internal/da/client.go:381.2,385.25 4 1
github.com/evstack/ev-node/block/internal/da/client.go:385.25,387.24 2 3
github.com/evstack/ev-node/block/internal/da/client.go:387.24,389.4 1 0
github.com/evstack/ev-node/block/internal/da/client.go:391.3,392.17 2 3
github.com/evstack/ev-node/block/internal/da/client.go:392.17,394.4 1 0
github.com/evstack/ev-node/block/internal/da/client.go:396.3,397.17 2 3
github.com/evstack/ev-node/block/internal/da/client.go:397.17,399.4 1 0
github.com/evstack/ev-node/block/internal/da/client.go:400.3,400.17 1 3
github.com/evstack/ev-node/block/internal/da/client.go:403.2,403.20 1 1
github.com/evstack/ev-node/block/internal/da/client.go:407.124,408.29 1 3
github.com/evstack/ev-node/block/internal/da/client.go:408.29,410.3 1 1
github.com/evstack/ev-node/block/internal/da/client.go:412.2,412.19 1 2
github.com/evstack/ev-node/block/internal/da/client.go:412.19,414.3 1 0
github.com/evstack/ev-node/block/internal/da/client.go:416.2,417.16 2 2
github.com/evstack/ev-node/block/internal/da/client.go:417.16,419.3 1 0
github.com/evstack/ev-node/block/internal/da/client.go:421.2,425.25 4 2
github.com/evstack/ev-node/block/internal/da/client.go:425.25,427.59 2 5
github.com/evstack/ev-node/block/internal/da/client.go:427.59,429.4 1 0
github.com/evstack/ev-node/block/internal/da/client.go:431.3,432.24 2 5
github.com/evstack/ev-node/block/internal/da/client.go:432.24,434.4 1 0
github.com/evstack/ev-node/block/internal/da/client.go:436.3,437.17 2 5
github.com/evstack/ev-node/block/internal/da/client.go:437.17,439.4 1 1
github.com/evstack/ev-node/block/internal/da/client.go:440.3,440.24 1 5
github.com/evstack/ev-node/block/internal/da/client.go:443.2,443.21 1 2
github.com/evstack/ev-node/block/internal/da/forced_inclusion_retriever.go:39.29,46.2 1 8
github.com/evstack/ev-node/block/internal/da/forced_inclusion_retriever.go:50.131,52.45 1 6
github.com/evstack/ev-node/block/internal/da/forced_inclusion_retriever.go:52.45,54.3 1 1
github.com/evstack/ev-node/block/internal/da/forced_inclusion_retriever.go:56.2,56.32 1 5
github.com/evstack/ev-node/block/internal/da/forced_inclusion_retriever.go:56.32,58.3 1 0
github.com/evstack/ev-node/block/internal/da/forced_inclusion_retriever.go:60.2,62.26 2 5
github.com/evstack/ev-node/block/internal/da/forced_inclusion_retriever.go:62.26,73.3 2 1
github.com/evstack/ev-node/block/internal/da/forced_inclusion_retriever.go:75.2,82.59 3 4
github.com/evstack/ev-node/block/internal/da/forced_inclusion_retriever.go:82.59,87.3 2 1
github.com/evstack/ev-node/block/internal/da/forced_inclusion_retriever.go:89.2,90.28 2 3
github.com/evstack/ev-node/block/internal/da/forced_inclusion_retriever.go:90.28,92.62 2 1
github.com/evstack/ev-node/block/internal/da/forced_inclusion_retriever.go:92.62,97.4 2 0
github.com/evstack/ev-node/block/internal/da/forced_inclusion_retriever.go:100.2,112.75 5 3
github.com/evstack/ev-node/block/internal/da/forced_inclusion_retriever.go:112.75,117.3 3 1
github.com/evstack/ev-node/block/internal/da/forced_inclusion_retriever.go:120.2,120.28 1 3
github.com/evstack/ev-node/block/internal/da/forced_inclusion_retriever.go:120.28,123.3 2 1
github.com/evstack/ev-node/block/internal/da/forced_inclusion_retriever.go:126.2,126.24 1 3
github.com/evstack/ev-node/block/internal/da/forced_inclusion_retriever.go:126.24,140.3 2 0
github.com/evstack/ev-node/block/internal/da/forced_inclusion_retriever.go:142.2,142.19 1 3
github.com/evstack/ev-node/block/internal/da/forced_inclusion_retriever.go:150.9,151.43 1 9
github.com/evstack/ev-node/block/internal/da/forced_inclusion_retriever.go:151.43,154.3 2 2
github.com/evstack/ev-node/block/internal/da/forced_inclusion_retriever.go:156.2,156.42 1 7
github.com/evstack/ev-node/block/internal/da/forced_inclusion_retriever.go:156.42,158.3 1 1
github.com/evstack/ev-node/block/internal/da/forced_inclusion_retriever.go:161.2,161.35 1 6
github.com/evstack/ev-node/block/internal/da/forced_inclusion_retriever.go:161.35,162.20 1 14
github.com/evstack/ev-node/block/internal/da/forced_inclusion_retriever.go:162.20,164.4 1 13
github.com/evstack/ev-node/block/internal/da/forced_inclusion_retriever.go:167.2,167.45 1 6
github.com/evstack/ev-node/block/internal/da/forced_inclusion_retriever.go:167.45,169.3 1 3
github.com/evstack/ev-node/block/internal/da/forced_inclusion_retriever.go:171.2,176.12 2 6
github.com/evstack/ev-node/block/internal/reaping/reaper.go:58.20,59.21 1 5
github.com/evstack/ev-node/block/internal/reaping/reaper.go:59.21,61.3 1 0
github.com/evstack/ev-node/block/internal/reaping/reaper.go:62.2,62.18 1 5
github.com/evstack/ev-node/block/internal/reaping/reaper.go:62.18,64.3 1 0
github.com/evstack/ev-node/block/internal/reaping/reaper.go:65.2,65.25 1 5
github.com/evstack/ev-node/block/internal/reaping/reaper.go:65.25,67.3 1 0
github.com/evstack/ev-node/block/internal/reaping/reaper.go:69.2,77.8 1 5
github.com/evstack/ev-node/block/internal/reaping/reaper.go:81.51,86.12 3 0
github.com/evstack/ev-node/block/internal/reaping/reaper.go:86.12,89.3 2 0
github.com/evstack/ev-node/block/internal/reaping/reaper.go:91.2,92.12 2 0
github.com/evstack/ev-node/block/internal/reaping/reaper.go:95.31,104.6 6 0
github.com/evstack/ev-node/block/internal/reaping/reaper.go:104.6,105.10 1 0
github.com/evstack/ev-node/block/internal/reaping/reaper.go:106.23,107.10 1 0
github.com/evstack/ev-node/block/internal/reaping/reaper.go:108.19,110.18 2 0
github.com/evstack/ev-node/block/internal/reaping/reaper.go:110.18,123.5 5 0
github.com/evstack/ev-node/block/internal/reaping/reaper.go:123.10,125.32 1 0
github.com/evstack/ev-node/block/internal/reaping/reaper.go:125.32,129.6 3 0
github.com/evstack/ev-node/block/internal/reaping/reaper.go:131.26,135.19 2 0
github.com/evstack/ev-node/block/internal/reaping/reaper.go:135.19,137.5 1 0
github.com/evstack/ev-node/block/internal/reaping/reaper.go:143.31,144.21 1 0
github.com/evstack/ev-node/block/internal/reaping/reaper.go:144.21,146.3 1 0
github.com/evstack/ev-node/block/internal/reaping/reaper.go:147.2,150.12 3 0
github.com/evstack/ev-node/block/internal/reaping/reaper.go:155.36,157.16 2 5
github.com/evstack/ev-node/block/internal/reaping/reaper.go:157.16,160.3 2 0
github.com/evstack/ev-node/block/internal/reaping/reaper.go:161.2,161.19 1 5
github.com/evstack/ev-node/block/internal/reaping/reaper.go:161.19,164.3 2 0
github.com/evstack/ev-node/block/internal/reaping/reaper.go:166.2,167.25 2 5
github.com/evstack/ev-node/block/internal/reaping/reaper.go:167.25,169.32 2 8
github.com/evstack/ev-node/block/internal/reaping/reaper.go:169.32,171.4 1 5
github.com/evstack/ev-node/block/internal/reaping/reaper.go:174.2,174.22 1 5
github.com/evstack/ev-node/block/internal/reaping/reaper.go:174.22,177.3 2 1
github.com/evstack/ev-node/block/internal/reaping/reaper.go:179.2,185.16 3 4
github.com/evstack/ev-node/block/internal/reaping/reaper.go:185.16,187.3 1 1
github.com/evstack/ev-node/block/internal/reaping/reaper.go:189.2,189.28 1 3
github.com/evstack/ev-node/block/internal/reaping/reaper.go:189.28,192.3 2 4
github.com/evstack/ev-node/block/internal/reaping/reaper.go:195.2,195.21 1 3
github.com/evstack/ev-node/block/internal/reaping/reaper.go:195.21,198.3 2 3
github.com/evstack/ev-node/block/internal/reaping/reaper.go:200.2,201.12 2 3
github.com/evstack/ev-node/block/internal/reaping/reaper.go:204.31,207.2 2 22
github.com/evstack/ev-node/pkg/da/jsonrpc/mocks/blob_module_mock.go:20.20,24.19 3 0
github.com/evstack/ev-node/pkg/da/jsonrpc/mocks/blob_module_mock.go:24.19,24.49 1 0
github.com/evstack/ev-node/pkg/da/jsonrpc/mocks/blob_module_mock.go:26.2,26.13 1 0
github.com/evstack/ev-node/pkg/da/jsonrpc/mocks/blob_module_mock.go:38.61,40.2 1 0
github.com/evstack/ev-node/pkg/da/jsonrpc/mocks/blob_module_mock.go:43.151,46.19 2 0
github.com/evstack/ev-node/pkg/da/jsonrpc/mocks/blob_module_mock.go:46.19,47.45 1 0
github.com/evstack/ev-node/pkg/da/jsonrpc/mocks/blob_module_mock.go:50.2,52.130 3 0
github.com/evstack/ev-node/pkg/da/jsonrpc/mocks/blob_module_mock.go:52.130,54.3 1 0
github.com/evstack/ev-node/pkg/da/jsonrpc/mocks/blob_module_mock.go:55.2,55.121 1 0
github.com/evstack/ev-node/pkg/da/jsonrpc/mocks/blob_module_mock.go:55.121,57.3 1 0
github.com/evstack/ev-node/pkg/da/jsonrpc/mocks/blob_module_mock.go:57.8,58.24 1 0
github.com/evstack/ev-node/pkg/da/jsonrpc/mocks/blob_module_mock.go:58.24,60.4 1 0
github.com/evstack/ev-node/pkg/da/jsonrpc/mocks/blob_module_mock.go:62.2,62.113 1 0
github.com/evstack/ev-node/pkg/da/jsonrpc/mocks/blob_module_mock.go:62.113,64.3 1 0
github.com/evstack/ev-node/pkg/da/jsonrpc/mocks/blob_module_mock.go:64.8,66.3 1 0
github.com/evstack/ev-node/pkg/da/jsonrpc/mocks/blob_module_mock.go:67.2,67.15 1 0
github.com/evstack/ev-node/pkg/da/jsonrpc/mocks/blob_module_mock.go:80.149,82.2 1 0
github.com/evstack/ev-node/pkg/da/jsonrpc/mocks/blob_module_mock.go:84.169,85.40 1 0
github.com/evstack/ev-node/pkg/da/jsonrpc/mocks/blob_module_mock.go:85.40,87.21 2 0
github.com/evstack/ev-node/pkg/da/jsonrpc/mocks/blob_module_mock.go:87.21,89.4 1 0
github.com/evstack/ev-node/pkg/da/jsonrpc/mocks/blob_module_mock.go:90.3,91.21 2 0
github.com/evstack/ev-node/pkg/da/jsonrpc/mocks/blob_module_mock.go:91.21,93.4 1 0
github.com/evstack/ev-node/pkg/da/jsonrpc/mocks/blob_module_mock.go:94.3,95.21 2 0
github.com/evstack/ev-node/pkg/da/jsonrpc/mocks/blob_module_mock.go:95.21,97.4 1 0
github.com/evstack/ev-node/pkg/da/jsonrpc/mocks/blob_module_mock.go:98.3,99.21 2 0
github.com/evstack/ev-node/pkg/da/jsonrpc/mocks/blob_module_mock.go:99.21,101.4 1 0
github.com/evstack/ev-node/pkg/da/jsonrpc/mocks/blob_module_mock.go:102.3,107.4 1 0
github.com/evstack/ev-node/pkg/da/jsonrpc/mocks/blob_module_mock.go:109.2,109.11 1 0
github.com/evstack/ev-node/pkg/da/jsonrpc/mocks/blob_module_mock.go:112.99,115.2 2 0
github.com/evstack/ev-node/pkg/da/jsonrpc/mocks/blob_module_mock.go:117.201,120.2 2 0
github.com/evstack/ev-node/pkg/da/jsonrpc/mocks/blob_module_mock.go:123.128,126.19 2 0
github.com/evstack/ev-node/pkg/da/jsonrpc/mocks/blob_module_mock.go:126.19,127.48 1 0
github.com/evstack/ev-node/pkg/da/jsonrpc/mocks/blob_module_mock.go:130.2,132.114 3 0
github.com/evstack/ev-node/pkg/da/jsonrpc/mocks/blob_module_mock.go:132.114,134.3 1 0
github.com/evstack/ev-node/pkg/da/jsonrpc/mocks/blob_module_mock.go:135.2,135.105 1 0
github.com/evstack/ev-node/pkg/da/jsonrpc/mocks/blob_module_mock.go:135.105,137.3 1 0
github.com/evstack/ev-node/pkg/da/jsonrpc/mocks/blob_module_mock.go:137.8,138.24 1 0
github.com/evstack/ev-node/pkg/da/jsonrpc/mocks/blob_module_mock.go:138.24,140.4 1 0
github.com/evstack/ev-node/pkg/da/jsonrpc/mocks/blob_module_mock.go:142.2,142.95 1 0
github.com/evstack/ev-node/pkg/da/jsonrpc/mocks/blob_module_mock.go:142.95,144.3 1 0
github.com/evstack/ev-node/pkg/da/jsonrpc/mocks/blob_module_mock.go:144.8,146.3 1 0
github.com/evstack/ev-node/pkg/da/jsonrpc/mocks/blob_module_mock.go:147.2,147.15 1 0
github.com/evstack/ev-node/pkg/da/jsonrpc/mocks/blob_module_mock.go:159.132,161.2 1 0
github.com/evstack/ev-node/pkg/da/jsonrpc/mocks/blob_module_mock.go:163.147,164.40 1 0
github.com/evstack/ev-node/pkg/da/jsonrpc/mocks/blob_module_mock.go:164.40,166.21 2 0
github.com/evstack/ev-node/pkg/da/jsonrpc/mocks/blob_module_mock.go:166.21,168.4 1 0
github.com/evstack/ev-node/pkg/da/jsonrpc/mocks/blob_module_mock.go:169.3,170.21 2 0
github.com/evstack/ev-node/pkg/da/jsonrpc/mocks/blob_module_mock.go:170.21,172.4 1 0
github.com/evstack/ev-node/pkg/da/jsonrpc/mocks/blob_module_mock.go:173.3,174.21 2 0
github.com/evstack/ev-node/pkg/da/jsonrpc/mocks/blob_module_mock.go:174.21,176.4 1 0
github.com/evstack/ev-node/pkg/da/jsonrpc/mocks/blob_module_mock.go:177.3,181.4 1 0
github.com/evstack/ev-node/pkg/da/jsonrpc/mocks/blob_module_mock.go:183.2,183.11 1 0
github.com/evstack/ev-node/pkg/da/jsonrpc/mocks/blob_module_mock.go:186.108,189.2 2 0
github.com/evstack/ev-node/pkg/da/jsonrpc/mocks/blob_module_mock.go:191.181,194.2 2 0
github.com/evstack/ev-node/pkg/da/jsonrpc/mocks/blob_module_mock.go:197.160,200.19 2 0
github.com/evstack/ev-node/pkg/da/jsonrpc/mocks/blob_module_mock.go:200.19,201.60 1 0
github.com/evstack/ev-node/pkg/da/jsonrpc/mocks/blob_module_mock.go:204.2,206.129 3 0
github.com/evstack/ev-node/pkg/da/jsonrpc/mocks/blob_module_mock.go:206.129,208.3 1 0
github.com/evstack/ev-node/pkg/da/jsonrpc/mocks/blob_module_mock.go:209.2,209.120 1 0
github.com/evstack/ev-node/pkg/da/jsonrpc/mocks/blob_module_mock.go:209.120,211.3 1 0
github.com/evstack/ev-node/pkg/da/jsonrpc/mocks/blob_module_mock.go:211.8,212.24 1 0
github.com/evstack/ev-node/pkg/da/jsonrpc/mocks/blob_module_mock.go:212.24,214.4 1 0
github.com/evstack/ev-node/pkg/da/jsonrpc/mocks/blob_module_mock.go:216.2,216.101 1 0
github.com/evstack/ev-node/pkg/da/jsonrpc/mocks/blob_module_mock.go:216.101,218.3 1 0
github.com/evstack/ev-node/pkg/da/jsonrpc/mocks/blob_module_mock.go:218.8,220.3 1 0
github.com/evstack/ev-node/pkg/da/jsonrpc/mocks/blob_module_mock.go:221.2,221.15 1 0
github.com/evstack/ev-node/pkg/da/jsonrpc/mocks/blob_module_mock.go:234.174,236.2 1 0
github.com/evstack/ev-node/pkg/da/jsonrpc/mocks/blob_module_mock.go:238.182,239.40 1 0
github.com/evstack/ev-node/pkg/da/jsonrpc/mocks/blob_module_mock.go:239.40,241.21 2 0
github.com/evstack/ev-node/pkg/da/jsonrpc/mocks/blob_module_mock.go:241.21,243.4 1 0
github.com/evstack/ev-node/pkg/da/jsonrpc/mocks/blob_module_mock.go:244.3,245.21 2 0
github.com/evstack/ev-node/pkg/da/jsonrpc/mocks/blob_module_mock.go:245.21,247.4 1 0
github.com/evstack/ev-node/pkg/da/jsonrpc/mocks/blob_module_mock.go:248.3,249.21 2 0
github.com/evstack/ev-node/pkg/da/jsonrpc/mocks/blob_module_mock.go:249.21,251.4 1 0
github.com/evstack/ev-node/pkg/da/jsonrpc/mocks/blob_module_mock.go:252.3,253.21 2 0
github.com/evstack/ev-node/pkg/da/jsonrpc/mocks/blob_module_mock.go:253.21,255.4 1 0
github.com/evstack/ev-node/pkg/da/jsonrpc/mocks/blob_module_mock.go:256.3,261.4 1 0
github.com/evstack/ev-node/pkg/da/jsonrpc/mocks/blob_module_mock.go:263.2,263.11 1 0
github.com/evstack/ev-node/pkg/da/jsonrpc/mocks/blob_module_mock.go:266.151,269.2 2 0
github.com/evstack/ev-node/pkg/da/jsonrpc/mocks/blob_module_mock.go:271.225,274.2 2 0
github.com/evstack/ev-node/pkg/da/jsonrpc/mocks/blob_module_mock.go:277.157,280.19 2 0
github.com/evstack/ev-node/pkg/da/jsonrpc/mocks/blob_module_mock.go:280.19,281.50 1 0
github.com/evstack/ev-node/pkg/da/jsonrpc/mocks/blob_module_mock.go:284.2,286.131 3 0
github.com/evstack/ev-node/pkg/da/jsonrpc/mocks/blob_module_mock.go:286.131,288.3 1 0
github.com/evstack/ev-node/pkg/da/jsonrpc/mocks/blob_module_mock.go:289.2,289.122 1 0
github.com/evstack/ev-node/pkg/da/jsonrpc/mocks/blob_module_mock.go:289.122,291.3 1 0
github.com/evstack/ev-node/pkg/da/jsonrpc/mocks/blob_module_mock.go:291.8,292.24 1 0
github.com/evstack/ev-node/pkg/da/jsonrpc/mocks/blob_module_mock.go:292.24,294.4 1 0
github.com/evstack/ev-node/pkg/da/jsonrpc/mocks/blob_module_mock.go:296.2,296.113 1 0
github.com/evstack/ev-node/pkg/da/jsonrpc/mocks/blob_module_mock.go:296.113,298.3 1 0
github.com/evstack/ev-node/pkg/da/jsonrpc/mocks/blob_module_mock.go:298.8,300.3 1 0
github.com/evstack/ev-node/pkg/da/jsonrpc/mocks/blob_module_mock.go:301.2,301.15 1 0
github.com/evstack/ev-node/pkg/da/jsonrpc/mocks/blob_module_mock.go:314.159,316.2 1 0
github.com/evstack/ev-node/pkg/da/jsonrpc/mocks/blob_module_mock.go:318.179,319.40 1 0
github.com/evstack/ev-node/pkg/da/jsonrpc/mocks/blob_module_mock.go:319.40,321.21 2 0
github.com/evstack/ev-node/pkg/da/jsonrpc/mocks/blob_module_mock.go:321.21,323.4 1 0
github.com/evstack/ev-node/pkg/da/jsonrpc/mocks/blob_module_mock.go:324.3,325.21 2 0
github.com/evstack/ev-node/pkg/da/jsonrpc/mocks/blob_module_mock.go:325.21,327.4 1 0
github.com/evstack/ev-node/pkg/da/jsonrpc/mocks/blob_module_mock.go:328.3,329.21 2 0
github.com/evstack/ev-node/pkg/da/jsonrpc/mocks/blob_module_mock.go:329.21,331.4 1 0
github.com/evstack/ev-node/pkg/da/jsonrpc/mocks/blob_module_mock.go:332.3,333.21 2 0
github.com/evstack/ev-node/pkg/da/jsonrpc/mocks/blob_module_mock.go:333.21,335.4 1 0
github.com/evstack/ev-node/pkg/da/jsonrpc/mocks/blob_module_mock.go:336.3,341.4 1 0
github.com/evstack/ev-node/pkg/da/jsonrpc/mocks/blob_module_mock.go:343.2,343.11 1 0
github.com/evstack/ev-node/pkg/da/jsonrpc/mocks/blob_module_mock.go:346.111,349.2 2 0
github.com/evstack/ev-node/pkg/da/jsonrpc/mocks/blob_module_mock.go:351.212,354.2 2 0
github.com/evstack/ev-node/pkg/da/jsonrpc/mocks/blob_module_mock.go:357.169,360.19 2 0
github.com/evstack/ev-node/pkg/da/jsonrpc/mocks/blob_module_mock.go:360.19,361.50 1 0
github.com/evstack/ev-node/pkg/da/jsonrpc/mocks/blob_module_mock.go:364.2,366.137 3 0
github.com/evstack/ev-node/pkg/da/jsonrpc/mocks/blob_module_mock.go:366.137,368.3 1 0
github.com/evstack/ev-node/pkg/da/jsonrpc/mocks/blob_module_mock.go:369.2,369.128 1 0
github.com/evstack/ev-node/pkg/da/jsonrpc/mocks/blob_module_mock.go:369.128,371.3 1 0
github.com/evstack/ev-node/pkg/da/jsonrpc/mocks/blob_module_mock.go:371.8,373.3 1 0
github.com/evstack/ev-node/pkg/da/jsonrpc/mocks/blob_module_mock.go:374.2,374.129 1 0
github.com/evstack/ev-node/pkg/da/jsonrpc/mocks/blob_module_mock.go:374.129,376.3 1 0
github.com/evstack/ev-node/pkg/da/jsonrpc/mocks/blob_module_mock.go:376.8,378.3 1 0
github.com/evstack/ev-node/pkg/da/jsonrpc/mocks/blob_module_mock.go:379.2,379.15 1 0
github.com/evstack/ev-node/pkg/da/jsonrpc/mocks/blob_module_mock.go:393.178,395.2 1 0
github.com/evstack/ev-node/pkg/da/jsonrpc/mocks/blob_module_mock.go:397.201,398.40 1 0
github.com/evstack/ev-node/pkg/da/jsonrpc/mocks/blob_module_mock.go:398.40,400.21 2 0
github.com/evstack/ev-node/pkg/da/jsonrpc/mocks/blob_module_mock.go:400.21,402.4 1 0
github.com/evstack/ev-node/pkg/da/jsonrpc/mocks/blob_module_mock.go:403.3,404.21 2 0
github.com/evstack/ev-node/pkg/da/jsonrpc/mocks/blob_module_mock.go:404.21,406.4 1 0
github.com/evstack/ev-node/pkg/da/jsonrpc/mocks/blob_module_mock.go:407.3,408.21 2 0
github.com/evstack/ev-node/pkg/da/jsonrpc/mocks/blob_module_mock.go:408.21,410.4 1 0
github.com/evstack/ev-node/pkg/da/jsonrpc/mocks/blob_module_mock.go:411.3,412.21 2 0
github.com/evstack/ev-node/pkg/da/jsonrpc/mocks/blob_module_mock.go:412.21,414.4 1 0
github.com/evstack/ev-node/pkg/da/jsonrpc/mocks/blob_module_mock.go:415.3,416.21 2 0
github.com/evstack/ev-node/pkg/da/jsonrpc/mocks/blob_module_mock.go:416.21,418.4 1 0
github.com/evstack/ev-node/pkg/da/jsonrpc/mocks/blob_module_mock.go:419.3,425.4 1 0
github.com/evstack/ev-node/pkg/da/jsonrpc/mocks/blob_module_mock.go:427.2,427.11 1 0
github.com/evstack/ev-node/pkg/da/jsonrpc/mocks/blob_module_mock.go:430.97,433.2 2 0
github.com/evstack/ev-node/pkg/da/jsonrpc/mocks/blob_module_mock.go:435.224,438.2 2 0
github.com/evstack/ev-node/pkg/da/jsonrpc/mocks/blob_module_mock.go:441.140,444.19 2 0
github.com/evstack/ev-node/pkg/da/jsonrpc/mocks/blob_module_mock.go:444.19,445.48 1 0
github.com/evstack/ev-node/pkg/da/jsonrpc/mocks/blob_module_mock.go:448.2,450.119 3 0
github.com/evstack/ev-node/pkg/da/jsonrpc/mocks/blob_module_mock.go:450.119,452.3 1 0
github.com/evstack/ev-node/pkg/da/jsonrpc/mocks/blob_module_mock.go:453.2,453.110 1 0
github.com/evstack/ev-node/pkg/da/jsonrpc/mocks/blob_module_mock.go:453.110,455.3 1 0
github.com/evstack/ev-node/pkg/da/jsonrpc/mocks/blob_module_mock.go:455.8,457.3 1 0
github.com/evstack/ev-node/pkg/da/jsonrpc/mocks/blob_module_mock.go:458.2,458.109 1 0
github.com/evstack/ev-node/pkg/da/jsonrpc/mocks/blob_module_mock.go:458.109,460.3 1 0
github.com/evstack/ev-node/pkg/da/jsonrpc/mocks/blob_module_mock.go:460.8,462.3 1 0
github.com/evstack/ev-node/pkg/da/jsonrpc/mocks/blob_module_mock.go:463.2,463.15 1 0
github.com/evstack/ev-node/pkg/da/jsonrpc/mocks/blob_module_mock.go:475.139,477.2 1 0
github.com/evstack/ev-node/pkg/da/jsonrpc/mocks/blob_module_mock.go:479.168,480.40 1 0
github.com/evstack/ev-node/pkg/da/jsonrpc/mocks/blob_module_mock.go:480.40,482.21 2 0
github.com/evstack/ev-node/pkg/da/jsonrpc/mocks/blob_module_mock.go:482.21,484.4 1 0
github.com/evstack/ev-node/pkg/da/jsonrpc/mocks/blob_module_mock.go:485.3,486.21 2 0
github.com/evstack/ev-node/pkg/da/jsonrpc/mocks/blob_module_mock.go:486.21,488.4 1 0
github.com/evstack/ev-node/pkg/da/jsonrpc/mocks/blob_module_mock.go:489.3,490.21 2 0
github.com/evstack/ev-node/pkg/da/jsonrpc/mocks/blob_module_mock.go:490.21,492.4 1 0
github.com/evstack/ev-node/pkg/da/jsonrpc/mocks/blob_module_mock.go:493.3,497.4 1 0
github.com/evstack/ev-node/pkg/da/jsonrpc/mocks/blob_module_mock.go:499.2,499.11 1 0
github.com/evstack/ev-node/pkg/da/jsonrpc/mocks/blob_module_mock.go:502.95,505.2 2 0
github.com/evstack/ev-node/pkg/da/jsonrpc/mocks/blob_module_mock.go:507.193,510.2 2 0
github.com/evstack/ev-node/pkg/da/jsonrpc/mocks/blob_module_mock.go:513.139,516.19 2 0
github.com/evstack/ev-node/pkg/da/jsonrpc/mocks/blob_module_mock.go:516.19,517.51 1 0
github.com/evstack/ev-node/pkg/da/jsonrpc/mocks/blob_module_mock.go:520.2,522.125 3 0
github.com/evstack/ev-node/pkg/da/jsonrpc/mocks/blob_module_mock.go:522.125,524.3 1 0
github.com/evstack/ev-node/pkg/da/jsonrpc/mocks/blob_module_mock.go:525.2,525.116 1 0
github.com/evstack/ev-node/pkg/da/jsonrpc/mocks/blob_module_mock.go:525.116,527.3 1 0
github.com/evstack/ev-node/pkg/da/jsonrpc/mocks/blob_module_mock.go:527.8,528.24 1 0
github.com/evstack/ev-node/pkg/da/jsonrpc/mocks/blob_module_mock.go:528.24,530.4 1 0
github.com/evstack/ev-node/pkg/da/jsonrpc/mocks/blob_module_mock.go:532.2,532.85 1 0
github.com/evstack/ev-node/pkg/da/jsonrpc/mocks/blob_module_mock.go:532.85,534.3 1 0
github.com/evstack/ev-node/pkg/da/jsonrpc/mocks/blob_module_mock.go:534.8,536.3 1 0
github.com/evstack/ev-node/pkg/da/jsonrpc/mocks/blob_module_mock.go:537.2,537.15 1 0
github.com/evstack/ev-node/pkg/da/jsonrpc/mocks/blob_module_mock.go:548.122,550.2 1 0
github.com/evstack/ev-node/pkg/da/jsonrpc/mocks/blob_module_mock.go:552.140,553.40 1 0
github.com/evstack/ev-node/pkg/da/jsonrpc/mocks/blob_module_mock.go:553.40,555.21 2 0
github.com/evstack/ev-node/pkg/da/jsonrpc/mocks/blob_module_mock.go:555.21,557.4 1 0
github.com/evstack/ev-node/pkg/da/jsonrpc/mocks/blob_module_mock.go:558.3,559.21 2 0
github.com/evstack/ev-node/pkg/da/jsonrpc/mocks/blob_module_mock.go:559.21,561.4 1 0
github.com/evstack/ev-node/pkg/da/jsonrpc/mocks/blob_module_mock.go:562.3,565.4 1 0
github.com/evstack/ev-node/pkg/da/jsonrpc/mocks/blob_module_mock.go:567.2,567.11 1 0
github.com/evstack/ev-node/pkg/da/jsonrpc/mocks/blob_module_mock.go:570.152,573.2 2 0
github.com/evstack/ev-node/pkg/da/jsonrpc/mocks/blob_module_mock.go:575.195,578.2 2 0
github.com/evstack/ev-node/pkg/da/jsonrpc/mocks/header_module_mock.go:19.22,23.19 3 0
github.com/evstack/ev-node/pkg/da/jsonrpc/mocks/header_module_mock.go:23.19,23.49 1 0
github.com/evstack/ev-node/pkg/da/jsonrpc/mocks/header_module_mock.go:25.2,25.13 1 0
github.com/evstack/ev-node/pkg/da/jsonrpc/mocks/header_module_mock.go:37.65,39.2 1 0
github.com/evstack/ev-node/pkg/da/jsonrpc/mocks/header_module_mock.go:42.105,45.19 2 0
github.com/evstack/ev-node/pkg/da/jsonrpc/mocks/header_module_mock.go:45.19,46.53 1 0
github.com/evstack/ev-node/pkg/da/jsonrpc/mocks/header_module_mock.go:49.2,51.95 3 0
github.com/evstack/ev-node/pkg/da/jsonrpc/mocks/header_module_mock.go:51.95,53.3 1 0
github.com/evstack/ev-node/pkg/da/jsonrpc/mocks/header_module_mock.go:54.2,54.86 1 0
github.com/evstack/ev-node/pkg/da/jsonrpc/mocks/header_module_mock.go:54.86,56.3 1 0
github.com/evstack/ev-node/pkg/da/jsonrpc/mocks/header_module_mock.go:56.8,57.24 1 0
github.com/evstack/ev-node/pkg/da/jsonrpc/mocks/header_module_mock.go:57.24,59.4 1 0
github.com/evstack/ev-node/pkg/da/jsonrpc/mocks/header_module_mock.go:61.2,61.76 1 0
github.com/evstack/ev-node/pkg/da/jsonrpc/mocks/header_module_mock.go:61.76,63.3 1 0
github.com/evstack/ev-node/pkg/da/jsonrpc/mocks/header_module_mock.go:63.8,65.3 1 0
github.com/evstack/ev-node/pkg/da/jsonrpc/mocks/header_module_mock.go:66.2,66.15 1 0
github.com/evstack/ev-node/pkg/da/jsonrpc/mocks/header_module_mock.go:77.122,79.2 1 0
github.com/evstack/ev-node/pkg/da/jsonrpc/mocks/header_module_mock.go:81.131,82.40 1 0
github.com/evstack/ev-node/pkg/da/jsonrpc/mocks/header_module_mock.go:82.40,84.21 2 0
github.com/evstack/ev-node/pkg/da/jsonrpc/mocks/header_module_mock.go:84.21,86.4 1 0
github.com/evstack/ev-node/pkg/da/jsonrpc/mocks/header_module_mock.go:87.3,88.21 2 0
github.com/evstack/ev-node/pkg/da/jsonrpc/mocks/header_module_mock.go:88.21,90.4 1 0
github.com/evstack/ev-node/pkg/da/jsonrpc/mocks/header_module_mock.go:91.3,94.4 1 0
github.com/evstack/ev-node/pkg/da/jsonrpc/mocks/header_module_mock.go:96.2,96.11 1 0
github.com/evstack/ev-node/pkg/da/jsonrpc/mocks/header_module_mock.go:99.123,102.2 2 0
github.com/evstack/ev-node/pkg/da/jsonrpc/mocks/header_module_mock.go:104.165,107.2 2 0
github.com/evstack/ev-node/pkg/da/jsonrpc/mocks/header_module_mock.go:110.93,113.19 2 0
github.com/evstack/ev-node/pkg/da/jsonrpc/mocks/header_module_mock.go:113.19,114.51 1 0
github.com/evstack/ev-node/pkg/da/jsonrpc/mocks/header_module_mock.go:117.2,119.87 3 0
github.com/evstack/ev-node/pkg/da/jsonrpc/mocks/header_module_mock.go:119.87,121.3 1 0
github.com/evstack/ev-node/pkg/da/jsonrpc/mocks/header_module_mock.go:122.2,122.78 1 0
github.com/evstack/ev-node/pkg/da/jsonrpc/mocks/header_module_mock.go:122.78,124.3 1 0
github.com/evstack/ev-node/pkg/da/jsonrpc/mocks/header_module_mock.go:124.8,125.24 1 0
github.com/evstack/ev-node/pkg/da/jsonrpc/mocks/header_module_mock.go:125.24,127.4 1 0
github.com/evstack/ev-node/pkg/da/jsonrpc/mocks/header_module_mock.go:129.2,129.68 1 0
github.com/evstack/ev-node/pkg/da/jsonrpc/mocks/header_module_mock.go:129.68,131.3 1 0
github.com/evstack/ev-node/pkg/da/jsonrpc/mocks/header_module_mock.go:131.8,133.3 1 0
github.com/evstack/ev-node/pkg/da/jsonrpc/mocks/header_module_mock.go:134.2,134.15 1 0
github.com/evstack/ev-node/pkg/da/jsonrpc/mocks/header_module_mock.go:144.103,146.2 1 0
github.com/evstack/ev-node/pkg/da/jsonrpc/mocks/header_module_mock.go:148.117,149.40 1 0
github.com/evstack/ev-node/pkg/da/jsonrpc/mocks/header_module_mock.go:149.40,151.21 2 0
github.com/evstack/ev-node/pkg/da/jsonrpc/mocks/header_module_mock.go:151.21,153.4 1 0
github.com/evstack/ev-node/pkg/da/jsonrpc/mocks/header_module_mock.go:154.3,156.4 1 0
github.com/evstack/ev-node/pkg/da/jsonrpc/mocks/header_module_mock.go:158.2,158.11 1 0
github.com/evstack/ev-node/pkg/da/jsonrpc/mocks/header_module_mock.go:161.119,164.2 2 0
github.com/evstack/ev-node/pkg/da/jsonrpc/mocks/header_module_mock.go:166.151,169.2 2 0
github.com/evstack/ev-node/pkg/da/jsonrpc/mocks/header_module_mock.go:172.95,175.19 2 0
github.com/evstack/ev-node/pkg/da/jsonrpc/mocks/header_module_mock.go:175.19,176.53 1 0
github.com/evstack/ev-node/pkg/da/jsonrpc/mocks/header_module_mock.go:179.2,181.87 3 0
github.com/evstack/ev-node/pkg/da/jsonrpc/mocks/header_module_mock.go:181.87,183.3 1 0
github.com/evstack/ev-node/pkg/da/jsonrpc/mocks/header_module_mock.go:184.2,184.78 1 0
github.com/evstack/ev-node/pkg/da/jsonrpc/mocks/header_module_mock.go:184.78,186.3 1 0
github.com/evstack/ev-node/pkg/da/jsonrpc/mocks/header_module_mock.go:186.8,187.24 1 0
github.com/evstack/ev-node/pkg/da/jsonrpc/mocks/header_module_mock.go:187.24,189.4 1 0
github.com/evstack/ev-node/pkg/da/jsonrpc/mocks/header_module_mock.go:191.2,191.68 1 0
github.com/evstack/ev-node/pkg/da/jsonrpc/mocks/header_module_mock.go:191.68,193.3 1 0
github.com/evstack/ev-node/pkg/da/jsonrpc/mocks/header_module_mock.go:193.8,195.3 1 0
github.com/evstack/ev-node/pkg/da/jsonrpc/mocks/header_module_mock.go:196.2,196.15 1 0
github.com/evstack/ev-node/pkg/da/jsonrpc/mocks/header_module_mock.go:206.107,208.2 1 0
github.com/evstack/ev-node/pkg/da/jsonrpc/mocks/header_module_mock.go:210.121,211.40 1 0
github.com/evstack/ev-node/pkg/da/jsonrpc/mocks/header_module_mock.go:211.40,213.21 2 0
github.com/evstack/ev-node/pkg/da/jsonrpc/mocks/header_module_mock.go:213.21,215.4 1 0
github.com/evstack/ev-node/pkg/da/jsonrpc/mocks/header_module_mock.go:216.3,218.4 1 0
github.com/evstack/ev-node/pkg/da/jsonrpc/mocks/header_module_mock.go:220.2,220.11 1 0
github.com/evstack/ev-node/pkg/da/jsonrpc/mocks/header_module_mock.go:223.123,226.2 2 0
github.com/evstack/ev-node/pkg/da/jsonrpc/mocks/header_module_mock.go:228.155,231.2 2 0
github.com/evstack/ev-node/pkg/config/addr.go:13.45,14.34 1 5
github.com/evstack/ev-node/pkg/config/addr.go:14.34,16.17 2 2
github.com/evstack/ev-node/pkg/config/addr.go:16.17,18.4 1 1
github.com/evstack/ev-node/pkg/config/addr.go:19.3,19.41 1 1
github.com/evstack/ev-node/pkg/config/addr.go:22.2,23.29 2 4
github.com/evstack/ev-node/pkg/config/addr.go:23.29,24.17 1 6
github.com/evstack/ev-node/pkg/config/addr.go:24.17,26.18 2 4
github.com/evstack/ev-node/pkg/config/addr.go:26.18,28.5 1 1
github.com/evstack/ev-node/pkg/config/addr.go:29.4,29.28 1 3
github.com/evstack/ev-node/pkg/config/addr.go:32.2,34.12 2 3
github.com/evstack/ev-node/pkg/config/addr.go:39.61,44.21 5 13
github.com/evstack/ev-node/pkg/config/addr.go:44.21,47.3 2 1
github.com/evstack/ev-node/pkg/config/addr.go:49.2,49.50 1 13
github.com/evstack/ev-node/pkg/config/addr.go:49.50,51.17 2 3
github.com/evstack/ev-node/pkg/config/addr.go:51.17,53.4 1 1
github.com/evstack/ev-node/pkg/config/addr.go:54.3,54.21 1 2
github.com/evstack/ev-node/pkg/config/addr.go:56.2,57.21 2 12
github.com/evstack/ev-node/pkg/config/addr.go:57.21,59.3 1 4
github.com/evstack/ev-node/pkg/config/addr.go:60.2,61.16 2 8
github.com/evstack/ev-node/pkg/config/addr.go:61.16,63.3 1 1
github.com/evstack/ev-node/pkg/config/addr.go:64.2,64.18 1 7
github.com/evstack/ev-node/pkg/config/addr.go:64.18,66.3 1 2
github.com/evstack/ev-node/pkg/config/addr.go:67.2,67.19 1 7
github.com/evstack/ev-node/pkg/config/config.go:178.42,180.2 1 23
github.com/evstack/ev-node/pkg/config/config.go:183.46,184.27 1 17
github.com/evstack/ev-node/pkg/config/config.go:184.27,186.3 1 1
github.com/evstack/ev-node/pkg/config/config.go:188.2,188.25 1 16
github.com/evstack/ev-node/pkg/config/config.go:192.57,194.2 1 7
github.com/evstack/ev-node/pkg/config/config.go:244.35,245.21 1 8
github.com/evstack/ev-node/pkg/config/config.go:245.21,247.3 1 0
github.com/evstack/ev-node/pkg/config/config.go:249.2,250.52 2 8
github.com/evstack/ev-node/pkg/config/config.go:250.52,252.3 1 0
github.com/evstack/ev-node/pkg/config/config.go:255.2,255.49 1 8
github.com/evstack/ev-node/pkg/config/config.go:255.49,257.3 1 1
github.com/evstack/ev-node/pkg/config/config.go:260.2,260.63 1 7
github.com/evstack/ev-node/pkg/config/config.go:260.63,262.3 1 0
github.com/evstack/ev-node/pkg/config/config.go:264.2,264.38 1 7
github.com/evstack/ev-node/pkg/config/config.go:264.38,265.68 1 7
github.com/evstack/ev-node/pkg/config/config.go:265.68,267.4 1 0
github.com/evstack/ev-node/pkg/config/config.go:270.2,270.49 1 7
github.com/evstack/ev-node/pkg/config/config.go:270.49,276.3 1 0
github.com/evstack/ev-node/pkg/config/config.go:279.2,279.87 1 7
github.com/evstack/ev-node/pkg/config/config.go:279.87,282.3 1 0
github.com/evstack/ev-node/pkg/config/config.go:284.2,284.12 1 7
github.com/evstack/ev-node/pkg/config/config.go:287.48,288.21 1 14
github.com/evstack/ev-node/pkg/config/config.go:288.21,290.3 1 0
github.com/evstack/ev-node/pkg/config/config.go:292.2,293.67 2 14
github.com/evstack/ev-node/pkg/config/config.go:293.67,295.3 1 0
github.com/evstack/ev-node/pkg/config/config.go:296.2,296.12 1 14
github.com/evstack/ev-node/pkg/config/config.go:300.38,302.2 1 10
github.com/evstack/ev-node/pkg/config/config.go:307.61,314.2 5 6
github.com/evstack/ev-node/pkg/config/config.go:317.35,321.88 2 6
github.com/evstack/ev-node/pkg/config/config.go:321.88,322.49 1 391
github.com/evstack/ev-node/pkg/config/config.go:322.49,324.4 1 5
github.com/evstack/ev-node/pkg/config/config.go:326.3,326.36 1 386
github.com/evstack/ev-node/pkg/config/config.go:330.2,382.59 39 6
github.com/evstack/ev-node/pkg/config/config.go:389.47,391.16 2 4
github.com/evstack/ev-node/pkg/config/config.go:391.16,393.3 1 0
github.com/evstack/ev-node/pkg/config/config.go:393.8,393.34 1 4
github.com/evstack/ev-node/pkg/config/config.go:393.34,396.17 2 0
github.com/evstack/ev-node/pkg/config/config.go:396.17,398.4 1 0
github.com/evstack/ev-node/pkg/config/config.go:399.3,399.17 1 0
github.com/evstack/ev-node/pkg/config/config.go:402.2,414.16 11 4
github.com/evstack/ev-node/pkg/config/config.go:414.16,416.3 1 0
github.com/evstack/ev-node/pkg/config/config.go:418.2,418.69 1 4
github.com/evstack/ev-node/pkg/config/config.go:418.69,420.3 1 0
github.com/evstack/ev-node/pkg/config/config.go:425.2,427.31 2 4
github.com/evstack/ev-node/pkg/config/config.go:435.61,438.16 2 3
github.com/evstack/ev-node/pkg/config/config.go:438.16,440.3 1 0
github.com/evstack/ev-node/pkg/config/config.go:440.8,440.34 1 3
github.com/evstack/ev-node/pkg/config/config.go:440.34,443.17 2 0
github.com/evstack/ev-node/pkg/config/config.go:443.17,445.4 1 0
github.com/evstack/ev-node/pkg/config/config.go:446.3,446.17 1 0
github.com/evstack/ev-node/pkg/config/config.go:450.2,466.42 9 3
github.com/evstack/ev-node/pkg/config/config.go:466.42,468.3 1 15
github.com/evstack/ev-node/pkg/config/config.go:471.2,471.43 1 3
github.com/evstack/ev-node/pkg/config/config.go:471.43,473.29 1 44
github.com/evstack/ev-node/pkg/config/config.go:473.29,474.12 1 40
github.com/evstack/ev-node/pkg/config/config.go:478.3,478.64 1 4
github.com/evstack/ev-node/pkg/config/config.go:478.64,482.4 2 0
github.com/evstack/ev-node/pkg/config/config.go:482.9,482.72 1 4
github.com/evstack/ev-node/pkg/config/config.go:482.72,486.4 2 1
github.com/evstack/ev-node/pkg/config/config.go:486.9,488.4 1 3
github.com/evstack/ev-node/pkg/config/config.go:491.2,491.41 1 3
github.com/evstack/ev-node/pkg/config/config.go:496.65,504.64 3 7
github.com/evstack/ev-node/pkg/config/config.go:504.64,505.78 1 210
github.com/evstack/ev-node/pkg/config/config.go:505.78,506.38 1 23
github.com/evstack/ev-node/pkg/config/config.go:506.38,508.21 2 23
github.com/evstack/ev-node/pkg/config/config.go:508.21,510.8 1 0
github.com/evstack/ev-node/pkg/config/config.go:511.7,511.54 1 23
github.com/evstack/ev-node/pkg/config/config.go:514.5,514.21 1 187
github.com/evstack/ev-node/pkg/config/config.go:520.2,520.16 1 7
github.com/evstack/ev-node/pkg/config/config.go:520.16,522.3 1 0
github.com/evstack/ev-node/pkg/config/config.go:524.2,524.56 1 7
github.com/evstack/ev-node/pkg/config/config.go:524.56,526.3 1 0
github.com/evstack/ev-node/pkg/config/config.go:528.2,528.17 1 7
github.com/evstack/ev-node/pkg/config/config.go:531.81,532.15 1 4
github.com/evstack/ev-node/pkg/config/config.go:532.15,533.31 1 4
github.com/evstack/ev-node/pkg/config/config.go:533.31,535.4 1 0
github.com/evstack/ev-node/pkg/config/config.go:538.2,538.43 1 4
github.com/evstack/ev-node/pkg/config/config.go:538.43,546.17 4 165
github.com/evstack/ev-node/pkg/config/config.go:546.17,547.14 1 0
github.com/evstack/ev-node/pkg/config/config.go:550.3,551.17 2 165
github.com/evstack/ev-node/pkg/config/config.go:551.17,552.14 1 0
github.com/evstack/ev-node/pkg/config/config.go:557.3,557.38 1 165
github.com/evstack/ev-node/pkg/config/config.go:557.38,560.18 3 0
github.com/evstack/ev-node/pkg/config/config.go:560.18,561.15 1 0
github.com/evstack/ev-node/pkg/config/config.go:566.2,566.12 1 4
github.com/evstack/ev-node/pkg/config/defaults.go:26.52,27.19 1 8
github.com/evstack/ev-node/pkg/config/defaults.go:27.19,29.3 1 2
github.com/evstack/ev-node/pkg/config/defaults.go:31.2,32.16 2 8
github.com/evstack/ev-node/pkg/config/defaults.go:32.16,34.3 1 0
github.com/evstack/ev-node/pkg/config/defaults.go:36.2,36.41 1 8
github.com/evstack/ev-node/pkg/config/defaults.go:42.94,43.20 1 63
github.com/evstack/ev-node/pkg/config/defaults.go:43.20,45.3 1 0
github.com/evstack/ev-node/pkg/config/defaults.go:46.2,46.24 1 63
github.com/evstack/ev-node/pkg/config/defaults.go:46.24,48.3 1 0
github.com/evstack/ev-node/pkg/config/defaults.go:49.2,49.71 1 63
github.com/evstack/ev-node/pkg/config/defaults.go:53.29,97.2 3 63
github.com/evstack/ev-node/pkg/config/defaults.go:99.36,103.24 4 63
github.com/evstack/ev-node/pkg/config/defaults.go:103.24,105.3 1 630
github.com/evstack/ev-node/pkg/config/defaults.go:107.2,107.23 1 63
github.com/evstack/ev-node/pkg/config/instrumentation.go:46.60,55.2 1 72
github.com/evstack/ev-node/pkg/config/instrumentation.go:59.57,60.32 1 2
github.com/evstack/ev-node/pkg/config/instrumentation.go:60.32,62.3 1 1
github.com/evstack/ev-node/pkg/config/instrumentation.go:63.2,63.12 1 1
github.com/evstack/ev-node/pkg/config/instrumentation.go:67.62,69.2 1 4
github.com/evstack/ev-node/pkg/config/instrumentation.go:72.57,74.2 1 2
github.com/evstack/ev-node/pkg/config/instrumentation.go:78.63,79.31 1 2
github.com/evstack/ev-node/pkg/config/instrumentation.go:79.31,81.3 1 1
github.com/evstack/ev-node/pkg/config/instrumentation.go:83.2,83.28 1 1
github.com/evstack/ev-node/pkg/config/yaml.go:20.56,22.2 1 10
github.com/evstack/ev-node/pkg/config/yaml.go:25.60,29.2 3 0
github.com/evstack/ev-node/pkg/config/yaml.go:35.37,37.69 2 2
github.com/evstack/ev-node/pkg/config/yaml.go:37.69,39.3 1 0
github.com/evstack/ev-node/pkg/config/yaml.go:42.2,43.50 2 2
github.com/evstack/ev-node/pkg/config/yaml.go:43.50,47.3 1 66
github.com/evstack/ev-node/pkg/config/yaml.go:50.2,51.54 2 2
github.com/evstack/ev-node/pkg/config/yaml.go:51.54,52.37 1 24
github.com/evstack/ev-node/pkg/config/yaml.go:52.37,56.27 2 94
github.com/evstack/ev-node/pkg/config/yaml.go:56.27,57.13 1 0
github.com/evstack/ev-node/pkg/config/yaml.go:60.4,64.39 3 94
github.com/evstack/ev-node/pkg/config/yaml.go:64.39,65.13 1 14
github.com/evstack/ev-node/pkg/config/yaml.go:69.4,69.62 1 80
github.com/evstack/ev-node/pkg/config/yaml.go:69.62,71.13 2 0
github.com/evstack/ev-node/pkg/config/yaml.go:75.4,76.20 2 80
github.com/evstack/ev-node/pkg/config/yaml.go:76.20,78.5 1 64
github.com/evstack/ev-node/pkg/config/yaml.go:79.4,82.21 2 80
github.com/evstack/ev-node/pkg/config/yaml.go:82.21,84.5 1 66
github.com/evstack/ev-node/pkg/config/yaml.go:87.4,87.63 1 80
github.com/evstack/ev-node/pkg/config/yaml.go:87.63,89.5 1 22
github.com/evstack/ev-node/pkg/config/yaml.go:94.2,97.16 3 2
github.com/evstack/ev-node/pkg/config/yaml.go:97.16,99.3 1 0
github.com/evstack/ev-node/pkg/config/yaml.go:101.2,101.46 1 2
github.com/evstack/ev-node/pkg/da/selector.go:24.68,25.25 1 5
github.com/evstack/ev-node/pkg/da/selector.go:25.25,26.88 1 1
github.com/evstack/ev-node/pkg/da/selector.go:28.2,30.3 1 4
github.com/evstack/ev-node/pkg/da/selector.go:36.44,37.27 1 11017
github.com/evstack/ev-node/pkg/da/selector.go:37.27,38.89 1 1
github.com/evstack/ev-node/pkg/da/selector.go:41.2,41.27 1 11016
github.com/evstack/ev-node/pkg/da/selector.go:41.27,43.3 1 10
github.com/evstack/ev-node/pkg/da/selector.go:46.2,47.52 2 11006
github.com/evstack/ev-node/pkg/da/selector.go:55.38,57.2 1 2
github.com/evstack/ev-node/pkg/da/selector.go:60.38,62.2 1 5010
github.com/evstack/ev-node/pkg/da/jsonrpc/blob.go:44.74,46.2 1 2
github.com/evstack/ev-node/pkg/da/jsonrpc/blob.go:51.112,52.52 1 6
github.com/evstack/ev-node/pkg/da/jsonrpc/blob.go:52.52,54.3 1 0
github.com/evstack/ev-node/pkg/da/jsonrpc/blob.go:56.2,57.16 2 6
github.com/evstack/ev-node/pkg/da/jsonrpc/blob.go:57.16,59.3 1 0
github.com/evstack/ev-node/pkg/da/jsonrpc/blob.go:61.2,62.25 2 6
github.com/evstack/ev-node/pkg/da/jsonrpc/blob.go:62.25,64.3 1 4
github.com/evstack/ev-node/pkg/da/jsonrpc/blob.go:64.8,66.17 2 2
github.com/evstack/ev-node/pkg/da/jsonrpc/blob.go:66.17,68.4 1 0
github.com/evstack/ev-node/pkg/da/jsonrpc/blob.go:69.3,69.10 1 2
github.com/evstack/ev-node/pkg/da/jsonrpc/blob.go:72.2,76.8 1 6
github.com/evstack/ev-node/pkg/da/jsonrpc/blob.go:80.47,82.2 1 6
github.com/evstack/ev-node/pkg/da/jsonrpc/blob.go:85.28,87.2 1 0
github.com/evstack/ev-node/pkg/da/jsonrpc/blob.go:90.46,109.2 3 4
github.com/evstack/ev-node/pkg/da/jsonrpc/blob.go:112.49,123.50 3 4
github.com/evstack/ev-node/pkg/da/jsonrpc/blob.go:123.50,125.3 1 0
github.com/evstack/ev-node/pkg/da/jsonrpc/blob.go:127.2,128.16 2 4
github.com/evstack/ev-node/pkg/da/jsonrpc/blob.go:128.16,130.3 1 0
github.com/evstack/ev-node/pkg/da/jsonrpc/blob.go:132.2,133.16 2 4
github.com/evstack/ev-node/pkg/da/jsonrpc/blob.go:133.16,135.3 1 0
github.com/evstack/ev-node/pkg/da/jsonrpc/blob.go:137.2,140.12 4 4
github.com/evstack/ev-node/pkg/da/jsonrpc/blob.go:144.58,149.2 4 1
github.com/evstack/ev-node/pkg/da/jsonrpc/blob.go:153.46,154.18 1 1
github.com/evstack/ev-node/pkg/da/jsonrpc/blob.go:154.18,156.3 1 0
github.com/evstack/ev-node/pkg/da/jsonrpc/blob.go:157.2,157.51 1 1
github.com/evstack/ev-node/pkg/da/jsonrpc/blob.go:161.53,163.2 1 0
github.com/evstack/ev-node/pkg/da/jsonrpc/client.go:20.26,21.33 1 1
github.com/evstack/ev-node/pkg/da/jsonrpc/client.go:21.33,23.3 1 1
github.com/evstack/ev-node/pkg/da/jsonrpc/client.go:27.97,29.17 2 1
github.com/evstack/ev-node/pkg/da/jsonrpc/client.go:29.17,30.27 1 0
github.com/evstack/ev-node/pkg/da/jsonrpc/client.go:30.27,32.4 1 0
github.com/evstack/ev-node/pkg/da/jsonrpc/client.go:33.3,33.86 1 0
github.com/evstack/ev-node/pkg/da/jsonrpc/client.go:36.2,40.16 3 1
github.com/evstack/ev-node/pkg/da/jsonrpc/client.go:40.16,42.3 1 0
github.com/evstack/ev-node/pkg/da/jsonrpc/client.go:45.2,46.16 2 1
github.com/evstack/ev-node/pkg/da/jsonrpc/client.go:46.16,49.3 2 0
github.com/evstack/ev-node/pkg/da/jsonrpc/client.go:52.2,52.21 1 1
github.com/evstack/ev-node/pkg/da/jsonrpc/client.go:52.21,55.3 2 1
github.com/evstack/ev-node/pkg/da/jsonrpc/client.go:57.2,57.17 1 1
github.com/evstack/ev-node/pkg/da/jsonrpc/client.go:107.101,109.2 1 1
github.com/evstack/ev-node/pkg/da/jsonrpc/client.go:112.129,114.2 1 1
github.com/evstack/ev-node/pkg/da/jsonrpc/client.go:117.114,119.2 1 1
github.com/evstack/ev-node/pkg/da/jsonrpc/client.go:122.135,124.2 1 1
github.com/evstack/ev-node/pkg/da/jsonrpc/client.go:127.147,129.2 1 1
github.com/evstack/ev-node/pkg/da/jsonrpc/client.go:132.156,134.2 1 1
github.com/evstack/ev-node/pkg/da/jsonrpc/client.go:137.120,139.2 1 0
github.com/evstack/ev-node/pkg/da/jsonrpc/header.go:39.35,41.29 1 0
github.com/evstack/ev-node/pkg/da/jsonrpc/header.go:41.29,43.3 1 0
github.com/evstack/ev-node/pkg/da/jsonrpc/header.go:44.2,44.20 1 0
github.com/evstack/ev-node/pkg/da/jsonrpc/header.go:65.88,67.2 1 0
github.com/evstack/ev-node/pkg/da/jsonrpc/header.go:70.71,72.2 1 0
github.com/evstack/ev-node/pkg/da/jsonrpc/header.go:75.73,77.2 1 0
github.com/evstack/ev-node/node/full.go:77.29,86.16 6 2
github.com/evstack/ev-node/node/full.go:86.16,88.3 1 0
github.com/evstack/ev-node/node/full.go:90.2,91.16 2 2
github.com/evstack/ev-node/node/full.go:91.16,93.3 1 0
github.com/evstack/ev-node/node/full.go:95.2,96.32 2 2
github.com/evstack/ev-node/node/full.go:96.32,111.3 1 2
github.com/evstack/ev-node/node/full.go:111.8,124.3 1 0
github.com/evstack/ev-node/node/full.go:125.2,125.16 1 2
github.com/evstack/ev-node/node/full.go:125.16,127.3 1 0
github.com/evstack/ev-node/node/full.go:129.2,142.18 3 2
github.com/evstack/ev-node/node/full.go:151.38,155.16 3 2
github.com/evstack/ev-node/node/full.go:155.16,157.3 1 0
github.com/evstack/ev-node/node/full.go:158.2,158.31 1 2
github.com/evstack/ev-node/node/full.go:167.36,171.16 3 2
github.com/evstack/ev-node/node/full.go:171.16,173.3 1 0
github.com/evstack/ev-node/node/full.go:174.2,174.29 1 2
github.com/evstack/ev-node/node/full.go:179.46,180.24 1 0
github.com/evstack/ev-node/node/full.go:180.24,182.3 1 0
github.com/evstack/ev-node/node/full.go:184.2,185.16 2 0
github.com/evstack/ev-node/node/full.go:185.16,187.3 1 0
github.com/evstack/ev-node/node/full.go:189.2,189.51 1 0
github.com/evstack/ev-node/node/full.go:189.51,193.3 2 0
github.com/evstack/ev-node/node/full.go:195.2,195.12 1 0
github.com/evstack/ev-node/node/full.go:200.78,204.56 2 1
github.com/evstack/ev-node/node/full.go:204.56,221.13 4 1
github.com/evstack/ev-node/node/full.go:221.13,222.101 1 1
github.com/evstack/ev-node/node/full.go:222.101,224.5 1 0
github.com/evstack/ev-node/node/full.go:227.3,227.119 1 1
github.com/evstack/ev-node/node/full.go:231.2,231.51 1 1
github.com/evstack/ev-node/node/full.go:231.51,254.13 14 1
github.com/evstack/ev-node/node/full.go:254.13,255.96 1 1
github.com/evstack/ev-node/node/full.go:255.96,257.5 1 0
github.com/evstack/ev-node/node/full.go:260.3,260.114 1 1
github.com/evstack/ev-node/node/full.go:264.2,264.29 1 1
github.com/evstack/ev-node/node/full.go:264.29,266.3 1 1
github.com/evstack/ev-node/node/full.go:267.2,267.25 1 0
github.com/evstack/ev-node/node/full.go:272.57,278.105 3 1
github.com/evstack/ev-node/node/full.go:278.105,280.3 1 0
github.com/evstack/ev-node/node/full.go:283.2,283.43 1 1
github.com/evstack/ev-node/node/full.go:283.43,287.3 3 0
github.com/evstack/ev-node/node/full.go:289.2,299.16 2 1
github.com/evstack/ev-node/node/full.go:299.16,301.3 1 0
github.com/evstack/ev-node/node/full.go:303.2,311.12 2 1
github.com/evstack/ev-node/node/full.go:311.12,313.95 2 1
github.com/evstack/ev-node/node/full.go:313.95,315.4 1 0
github.com/evstack/ev-node/node/full.go:318.2,320.16 3 1
github.com/evstack/ev-node/node/full.go:320.16,322.3 1 0
github.com/evstack/ev-node/node/full.go:324.2,324.49 1 1
github.com/evstack/ev-node/node/full.go:324.49,326.3 1 0
github.com/evstack/ev-node/node/full.go:328.2,328.49 1 1
github.com/evstack/ev-node/node/full.go:328.49,330.3 1 0
github.com/evstack/ev-node/node/full.go:332.2,334.53 2 1
github.com/evstack/ev-node/node/full.go:334.53,335.40 1 1
github.com/evstack/ev-node/node/full.go:335.40,337.4 1 0
github.com/evstack/ev-node/node/full.go:337.9,339.4 1 1
github.com/evstack/ev-node/node/full.go:343.2,353.49 6 1
github.com/evstack/ev-node/node/full.go:353.49,356.3 2 0
github.com/evstack/ev-node/node/full.go:359.2,360.16 2 1
github.com/evstack/ev-node/node/full.go:360.16,362.85 1 1
github.com/evstack/ev-node/node/full.go:362.85,365.4 2 0
github.com/evstack/ev-node/node/full.go:365.9,367.4 1 1
github.com/evstack/ev-node/node/full.go:371.2,372.16 2 1
github.com/evstack/ev-node/node/full.go:372.16,374.85 1 1
github.com/evstack/ev-node/node/full.go:374.85,377.4 2 0
github.com/evstack/ev-node/node/full.go:377.9,379.4 1 1
github.com/evstack/ev-node/node/full.go:383.2,384.16 2 1
github.com/evstack/ev-node/node/full.go:384.16,386.3 1 0
github.com/evstack/ev-node/node/full.go:389.2,389.28 1 1
github.com/evstack/ev-node/node/full.go:389.28,392.58 2 0
github.com/evstack/ev-node/node/full.go:392.58,394.4 1 0
github.com/evstack/ev-node/node/full.go:394.9,396.4 1 0
github.com/evstack/ev-node/node/full.go:400.2,400.23 1 1
github.com/evstack/ev-node/node/full.go:400.23,402.58 2 0
github.com/evstack/ev-node/node/full.go:402.58,404.4 1 0
github.com/evstack/ev-node/node/full.go:404.9,406.4 1 0
github.com/evstack/ev-node/node/full.go:410.2,410.24 1 1
github.com/evstack/ev-node/node/full.go:410.24,412.58 2 1
github.com/evstack/ev-node/node/full.go:412.58,414.4 1 0
github.com/evstack/ev-node/node/full.go:414.9,416.4 1 1
github.com/evstack/ev-node/node/full.go:420.2,420.39 1 1
github.com/evstack/ev-node/node/full.go:420.39,422.3 1 0
github.com/evstack/ev-node/node/full.go:422.8,424.3 1 1
github.com/evstack/ev-node/node/full.go:427.2,427.64 1 1
github.com/evstack/ev-node/node/full.go:427.64,428.62 1 1
github.com/evstack/ev-node/node/full.go:428.62,430.4 1 0
github.com/evstack/ev-node/node/full.go:430.9,432.4 1 1
github.com/evstack/ev-node/node/full.go:436.2,436.29 1 1
github.com/evstack/ev-node/node/full.go:436.29,437.81 1 0
github.com/evstack/ev-node/node/full.go:437.81,439.4 1 0
github.com/evstack/ev-node/node/full.go:440.8,442.3 1 1
github.com/evstack/ev-node/node/full.go:443.2,443.23 1 1
github.com/evstack/ev-node/node/full.go:443.23,445.3 1 0
github.com/evstack/ev-node/node/full.go:446.2,446.29 1 1
github.com/evstack/ev-node/node/full.go:446.29,448.3 1 0
github.com/evstack/ev-node/node/full.go:449.2,449.18 1 1
github.com/evstack/ev-node/node/full.go:453.52,455.2 1 0
github.com/evstack/ev-node/node/full.go:458.57,460.16 2 0
github.com/evstack/ev-node/node/full.go:460.16,462.3 1 0
github.com/evstack/ev-node/node/full.go:463.2,463.25 1 0
github.com/evstack/ev-node/node/full.go:467.37,469.2 1 1
github.com/evstack/ev-node/node/helpers.go:28.29,28.30 0 0
github.com/evstack/ev-node/node/helpers.go:31.32,31.33 0 0
github.com/evstack/ev-node/node/helpers.go:34.55,34.56 0 0
github.com/evstack/ev-node/node/helpers.go:37.57,37.58 0 0
github.com/evstack/ev-node/node/helpers.go:39.56,41.2 1 0
github.com/evstack/ev-node/node/helpers.go:43.55,45.2 1 0
github.com/evstack/ev-node/node/helpers.go:47.62,48.16 1 0
github.com/evstack/ev-node/node/helpers.go:49.14,50.39 1 0
github.com/evstack/ev-node/node/helpers.go:51.12,52.37 1 0
github.com/evstack/ev-node/node/helpers.go:53.13,54.38 1 0
github.com/evstack/ev-node/node/helpers.go:55.10,56.41 1 0
github.com/evstack/ev-node/node/helpers.go:60.57,61.36 1 0
github.com/evstack/ev-node/node/helpers.go:61.36,63.3 1 0
github.com/evstack/ev-node/node/helpers.go:64.2,64.37 1 0
github.com/evstack/ev-node/node/helpers.go:64.37,66.3 1 0
github.com/evstack/ev-node/node/helpers.go:67.2,67.50 1 0
github.com/evstack/ev-node/node/helpers.go:70.55,71.36 1 0
github.com/evstack/ev-node/node/helpers.go:71.36,73.3 1 0
github.com/evstack/ev-node/node/helpers.go:74.2,74.41 1 0
github.com/evstack/ev-node/node/helpers.go:77.56,78.36 1 0
github.com/evstack/ev-node/node/helpers.go:78.36,80.3 1 0
[...]
github.com/evstack/ev-node/types/signed_header.go:87.93,91.2 1 1
github.com/evstack/ev-node/types/signed_header.go:110.47,111.50 1 9
github.com/evstack/ev-node/types/signed_header.go:111.50,113.3 1 1
github.com/evstack/ev-node/types/signed_header.go:115.2,115.53 1 8
github.com/evstack/ev-node/types/signed_header.go:115.53,117.3 1 1
github.com/evstack/ev-node/types/signed_header.go:120.2,120.57 1 7
github.com/evstack/ev-node/types/signed_header.go:120.57,122.3 1 1
github.com/evstack/ev-node/types/signed_header.go:126.2,127.51 2 6
github.com/evstack/ev-node/types/signed_header.go:127.51,128.24 1 10
github.com/evstack/ev-node/types/signed_header.go:128.24,130.4 1 0
github.com/evstack/ev-node/types/signed_header.go:133.3,133.27 1 10
github.com/evstack/ev-node/types/signed_header.go:133.27,134.31 1 4
github.com/evstack/ev-node/types/signed_header.go:134.31,136.5 1 0
github.com/evstack/ev-node/types/signed_header.go:138.3,141.17 3 10
github.com/evstack/ev-node/types/signed_header.go:141.17,143.4 1 0
github.com/evstack/ev-node/types/signed_header.go:144.3,144.23 1 10
github.com/evstack/ev-node/types/signed_header.go:147.2,147.43 1 6
github.com/evstack/ev-node/types/signed_header.go:147.43,149.17 2 0
github.com/evstack/ev-node/types/signed_header.go:149.17,151.4 1 0
github.com/evstack/ev-node/types/signed_header.go:152.3,153.17 2 0
github.com/evstack/ev-node/types/signed_header.go:153.17,155.4 1 0
github.com/evstack/ev-node/types/signed_header.go:156.3,156.9 1 0
github.com/evstack/ev-node/types/signed_header.go:156.9,158.4 1 0
github.com/evstack/ev-node/types/signed_header.go:161.2,162.16 2 6
github.com/evstack/ev-node/types/signed_header.go:162.16,164.3 1 0
github.com/evstack/ev-node/types/signed_header.go:165.2,166.16 2 6
github.com/evstack/ev-node/types/signed_header.go:166.16,168.3 1 0
github.com/evstack/ev-node/types/signed_header.go:169.2,169.8 1 6
github.com/evstack/ev-node/types/signed_header.go:169.8,171.3 1 2
github.com/evstack/ev-node/types/signed_header.go:173.2,174.16 2 4
github.com/evstack/ev-node/types/signed_header.go:174.16,176.3 1 0
github.com/evstack/ev-node/types/signed_header.go:177.2,178.16 2 4
github.com/evstack/ev-node/types/signed_header.go:178.16,180.3 1 0
github.com/evstack/ev-node/types/signed_header.go:181.2,181.8 1 4
github.com/evstack/ev-node/types/signed_header.go:181.8,183.3 1 1
github.com/evstack/ev-node/types/signed_header.go:185.2,185.39 1 3
github.com/evstack/ev-node/types/signed_header.go:189.65,190.50 1 0
github.com/evstack/ev-node/types/signed_header.go:190.50,192.3 1 0
github.com/evstack/ev-node/types/signed_header.go:194.2,194.53 1 0
github.com/evstack/ev-node/types/signed_header.go:194.53,196.3 1 0
github.com/evstack/ev-node/types/signed_header.go:199.2,199.57 1 0
github.com/evstack/ev-node/types/signed_header.go:199.57,201.3 1 0
github.com/evstack/ev-node/types/signed_header.go:205.2,206.51 2 0
github.com/evstack/ev-node/types/signed_header.go:206.51,207.24 1 0
github.com/evstack/ev-node/types/signed_header.go:207.24,209.4 1 0
github.com/evstack/ev-node/types/signed_header.go:212.3,212.27 1 0
github.com/evstack/ev-node/types/signed_header.go:212.27,213.31 1 0
github.com/evstack/ev-node/types/signed_header.go:213.31,215.5 1 0
github.com/evstack/ev-node/types/signed_header.go:217.3,220.17 3 0
github.com/evstack/ev-node/types/signed_header.go:220.17,222.4 1 0
github.com/evstack/ev-node/types/signed_header.go:223.3,223.23 1 0
github.com/evstack/ev-node/types/signed_header.go:226.2,226.46 1 0
github.com/evstack/ev-node/types/signed_header.go:226.46,228.17 2 0
github.com/evstack/ev-node/types/signed_header.go:228.17,230.4 1 0
github.com/evstack/ev-node/types/signed_header.go:231.3,232.17 2 0
github.com/evstack/ev-node/types/signed_header.go:232.17,234.4 1 0
github.com/evstack/ev-node/types/signed_header.go:235.3,235.9 1 0
github.com/evstack/ev-node/types/signed_header.go:235.9,237.4 1 0
github.com/evstack/ev-node/types/signed_header.go:240.2,241.16 2 0
github.com/evstack/ev-node/types/signed_header.go:241.16,243.3 1 0
github.com/evstack/ev-node/types/signed_header.go:244.2,245.16 2 0
github.com/evstack/ev-node/types/signed_header.go:245.16,247.3 1 0
github.com/evstack/ev-node/types/signed_header.go:248.2,248.8 1 0
github.com/evstack/ev-node/types/signed_header.go:248.8,250.3 1 0
github.com/evstack/ev-node/types/signed_header.go:252.2,253.16 2 0
github.com/evstack/ev-node/types/signed_header.go:253.16,255.3 1 0
github.com/evstack/ev-node/types/signed_header.go:256.2,257.16 2 0
github.com/evstack/ev-node/types/signed_header.go:257.16,259.3 1 0
github.com/evstack/ev-node/types/signed_header.go:260.2,260.8 1 0
github.com/evstack/ev-node/types/signed_header.go:260.8,262.3 1 0
github.com/evstack/ev-node/types/signed_header.go:264.2,264.39 1 0
github.com/evstack/ev-node/types/signer.go:16.54,18.16 2 19
github.com/evstack/ev-node/types/signer.go:18.16,20.3 1 0
github.com/evstack/ev-node/types/signer.go:22.2,26.8 2 19
github.com/evstack/ev-node/types/signer.go:30.70,32.2 1 4
github.com/evstack/ev-node/types/signer.go:34.46,36.16 2 7
github.com/evstack/ev-node/types/signer.go:36.16,38.3 1 0
github.com/evstack/ev-node/types/signer.go:39.2,40.16 2 7
github.com/evstack/ev-node/types/state.go:41.75,54.2 2 0
github.com/evstack/ev-node/types/state.go:58.80,59.35 1 7
github.com/evstack/ev-node/types/state.go:59.35,61.3 1 1
github.com/evstack/ev-node/types/state.go:63.2,63.47 1 6
github.com/evstack/ev-node/types/state.go:63.47,65.3 1 1
github.com/evstack/ev-node/types/state.go:67.2,67.32 1 5
github.com/evstack/ev-node/types/state.go:67.32,69.3 1 1
github.com/evstack/ev-node/types/state.go:71.2,71.72 1 4
github.com/evstack/ev-node/types/state.go:71.72,73.3 1 1
github.com/evstack/ev-node/types/state.go:75.2,75.68 1 3
github.com/evstack/ev-node/types/state.go:75.68,77.3 1 1
github.com/evstack/ev-node/types/state.go:78.2,78.59 1 2
github.com/evstack/ev-node/types/state.go:78.59,80.3 1 1
github.com/evstack/ev-node/types/state.go:81.2,81.45 1 1
github.com/evstack/ev-node/types/state.go:81.45,83.3 1 1
github.com/evstack/ev-node/types/state.go:85.2,85.12 1 0
github.com/evstack/ev-node/types/utils.go:29.85,38.2 3 8
github.com/evstack/ev-node/types/utils.go:41.135,45.27 3 8
github.com/evstack/ev-node/types/utils.go:45.27,47.17 2 8
github.com/evstack/ev-node/types/utils.go:47.17,48.14 1 0
github.com/evstack/ev-node/types/utils.go:50.3,50.22 1 8
github.com/evstack/ev-node/types/utils.go:53.2,54.16 2 8
github.com/evstack/ev-node/types/utils.go:54.16,55.13 1 0
github.com/evstack/ev-node/types/utils.go:58.2,66.16 3 8
github.com/evstack/ev-node/types/utils.go:66.16,67.13 1 0
github.com/evstack/ev-node/types/utils.go:70.2,70.32 1 8
github.com/evstack/ev-node/types/utils.go:70.32,72.3 1 0
github.com/evstack/ev-node/types/utils.go:74.2,81.43 2 8
github.com/evstack/ev-node/types/utils.go:85.108,89.2 2 8
github.com/evstack/ev-node/types/utils.go:100.61,117.2 1 110
github.com/evstack/ev-node/types/utils.go:121.64,129.2 7 1
github.com/evstack/ev-node/types/utils.go:132.83,134.16 2 1
github.com/evstack/ev-node/types/utils.go:134.16,136.3 1 0
github.com/evstack/ev-node/types/utils.go:138.2,139.16 2 1
github.com/evstack/ev-node/types/utils.go:139.16,141.3 1 0
github.com/evstack/ev-node/types/utils.go:142.2,150.16 3 1
github.com/evstack/ev-node/types/utils.go:150.16,152.3 1 0
github.com/evstack/ev-node/types/utils.go:153.2,153.30 1 1
github.com/evstack/ev-node/types/utils.go:157.95,159.16 2 9
github.com/evstack/ev-node/types/utils.go:159.16,161.3 1 0
github.com/evstack/ev-node/types/utils.go:162.2,163.16 2 9
github.com/evstack/ev-node/types/utils.go:163.16,165.3 1 0
github.com/evstack/ev-node/types/utils.go:167.2,178.16 8 9
github.com/evstack/ev-node/types/utils.go:178.16,180.3 1 0
github.com/evstack/ev-node/types/utils.go:181.2,182.16 2 9
github.com/evstack/ev-node/types/utils.go:182.16,184.3 1 0
github.com/evstack/ev-node/types/utils.go:185.2,186.26 2 9
github.com/evstack/ev-node/types/utils.go:191.121,198.16 3 1
github.com/evstack/ev-node/types/utils.go:198.16,200.3 1 0
github.com/evstack/ev-node/types/utils.go:201.2,202.29 2 1
github.com/evstack/ev-node/types/utils.go:206.88,208.16 2 2
github.com/evstack/ev-node/types/utils.go:208.16,210.3 1 0
github.com/evstack/ev-node/types/utils.go:211.2,212.16 2 2
github.com/evstack/ev-node/types/utils.go:212.16,214.3 1 0
github.com/evstack/ev-node/types/utils.go:216.2,217.16 2 2
github.com/evstack/ev-node/types/utils.go:217.16,219.3 1 0
github.com/evstack/ev-node/types/utils.go:220.2,241.16 4 2
github.com/evstack/ev-node/types/utils.go:241.16,243.3 1 0
github.com/evstack/ev-node/types/utils.go:245.2,246.27 2 2
github.com/evstack/ev-node/types/utils.go:250.93,252.16 2 2
github.com/evstack/ev-node/types/utils.go:252.16,253.13 1 0
github.com/evstack/ev-node/types/utils.go:256.2,257.16 2 2
github.com/evstack/ev-node/types/utils.go:257.16,258.13 1 0
github.com/evstack/ev-node/types/utils.go:261.2,266.20 1 2
github.com/evstack/ev-node/types/utils.go:270.23,273.2 2 136
github.com/evstack/ev-node/types/utils.go:277.36,279.49 2 796
github.com/evstack/ev-node/types/utils.go:279.49,280.13 1 0
github.com/evstack/ev-node/types/utils.go:282.2,282.13 1 796
github.com/evstack/ev-node/types/utils.go:286.75,288.16 2 10
github.com/evstack/ev-node/types/utils.go:288.16,290.3 1 0
github.com/evstack/ev-node/types/utils.go:291.2,291.23 1 10
github.com/evstack/ev-node/types/utils.go:294.39,299.22 2 8
github.com/evstack/ev-node/types/utils.go:299.22,301.3 1 36
github.com/evstack/ev-node/types/utils.go:304.2,304.15 1 8
github.com/evstack/ev-node/types/utils.go:304.15,306.3 1 0
github.com/evstack/ev-node/types/utils.go:307.2,307.13 1 8
github.com/evstack/ev-node/pkg/signer/file/local.go:39.87,46.47 4 18
github.com/evstack/ev-node/pkg/signer/file/local.go:46.47,48.3 1 1
github.com/evstack/ev-node/pkg/signer/file/local.go:51.2,51.45 1 17
github.com/evstack/ev-node/pkg/signer/file/local.go:51.45,53.3 1 1
github.com/evstack/ev-node/pkg/signer/file/local.go:53.8,53.32 1 16
github.com/evstack/ev-node/pkg/signer/file/local.go:53.32,56.3 1 0
github.com/evstack/ev-node/pkg/signer/file/local.go:59.2,60.16 2 16
github.com/evstack/ev-node/pkg/signer/file/local.go:60.16,62.3 1 0
github.com/evstack/ev-node/pkg/signer/file/local.go:64.2,71.52 2 16
github.com/evstack/ev-node/pkg/signer/file/local.go:71.52,75.3 2 0
github.com/evstack/ev-node/pkg/signer/file/local.go:77.2,77.20 1 16
github.com/evstack/ev-node/pkg/signer/file/local.go:81.85,87.53 3 11
github.com/evstack/ev-node/pkg/signer/file/local.go:87.53,89.3 1 1
github.com/evstack/ev-node/pkg/signer/file/local.go:89.8,89.23 1 10
github.com/evstack/ev-node/pkg/signer/file/local.go:89.23,92.3 1 0
github.com/evstack/ev-node/pkg/signer/file/local.go:95.2,100.52 2 10
github.com/evstack/ev-node/pkg/signer/file/local.go:100.52,102.3 1 4
github.com/evstack/ev-node/pkg/signer/file/local.go:104.2,104.20 1 6
github.com/evstack/ev-node/pkg/signer/file/local.go:110.74,117.16 4 3
github.com/evstack/ev-node/pkg/signer/file/local.go:117.16,119.3 1 1
github.com/evstack/ev-node/pkg/signer/file/local.go:122.2,123.56 2 2
github.com/evstack/ev-node/pkg/signer/file/local.go:123.56,125.3 1 0
github.com/evstack/ev-node/pkg/signer/file/local.go:128.2,129.25 2 2
github.com/evstack/ev-node/pkg/signer/file/local.go:129.25,131.3 1 0
github.com/evstack/ev-node/pkg/signer/file/local.go:131.8,133.3 1 2
github.com/evstack/ev-node/pkg/signer/file/local.go:134.2,137.16 3 2
github.com/evstack/ev-node/pkg/signer/file/local.go:137.16,139.3 1 0
github.com/evstack/ev-node/pkg/signer/file/local.go:141.2,142.16 2 2
github.com/evstack/ev-node/pkg/signer/file/local.go:142.16,144.3 1 0
github.com/evstack/ev-node/pkg/signer/file/local.go:147.2,148.16 2 2
github.com/evstack/ev-node/pkg/signer/file/local.go:148.16,150.3 1 1
github.com/evstack/ev-node/pkg/signer/file/local.go:152.2,152.26 1 1
github.com/evstack/ev-node/pkg/signer/file/local.go:158.85,170.47 7 2
github.com/evstack/ev-node/pkg/signer/file/local.go:170.47,172.3 1 0
github.com/evstack/ev-node/pkg/signer/file/local.go:175.2,176.16 2 2
github.com/evstack/ev-node/pkg/signer/file/local.go:176.16,178.3 1 1
github.com/evstack/ev-node/pkg/signer/file/local.go:180.2,182.16 3 1
github.com/evstack/ev-node/pkg/signer/file/local.go:182.16,184.3 1 0
github.com/evstack/ev-node/pkg/signer/file/local.go:187.2,188.43 2 1
github.com/evstack/ev-node/pkg/signer/file/local.go:188.43,190.3 1 0
github.com/evstack/ev-node/pkg/signer/file/local.go:193.2,198.16 4 1
github.com/evstack/ev-node/pkg/signer/file/local.go:198.16,200.3 1 0
github.com/evstack/ev-node/pkg/signer/file/local.go:203.2,204.16 2 1
github.com/evstack/ev-node/pkg/signer/file/local.go:204.16,206.3 1 0
github.com/evstack/ev-node/pkg/signer/file/local.go:209.2,210.59 2 1
github.com/evstack/ev-node/pkg/signer/file/local.go:210.59,212.3 1 0
github.com/evstack/ev-node/pkg/signer/file/local.go:215.2,227.16 4 1
github.com/evstack/ev-node/pkg/signer/file/local.go:227.16,229.3 1 0
github.com/evstack/ev-node/pkg/signer/file/local.go:232.2,232.63 1 1
github.com/evstack/ev-node/pkg/signer/file/local.go:232.63,234.3 1 0
github.com/evstack/ev-node/pkg/signer/file/local.go:236.2,236.12 1 1
github.com/evstack/ev-node/pkg/signer/file/local.go:240.62,244.47 3 18
github.com/evstack/ev-node/pkg/signer/file/local.go:244.47,246.3 1 1
github.com/evstack/ev-node/pkg/signer/file/local.go:249.2,250.43 2 17
github.com/evstack/ev-node/pkg/signer/file/local.go:250.43,252.3 1 0
github.com/evstack/ev-node/pkg/signer/file/local.go:255.2,256.16 2 17
github.com/evstack/ev-node/pkg/signer/file/local.go:256.16,258.3 1 0
github.com/evstack/ev-node/pkg/signer/file/local.go:259.2,263.16 3 17
github.com/evstack/ev-node/pkg/signer/file/local.go:263.16,265.3 1 0
github.com/evstack/ev-node/pkg/signer/file/local.go:268.2,273.16 4 17
github.com/evstack/ev-node/pkg/signer/file/local.go:273.16,275.3 1 0
github.com/evstack/ev-node/pkg/signer/file/local.go:278.2,279.16 2 17
github.com/evstack/ev-node/pkg/signer/file/local.go:279.16,281.3 1 0
github.com/evstack/ev-node/pkg/signer/file/local.go:284.2,285.59 2 17
github.com/evstack/ev-node/pkg/signer/file/local.go:285.59,287.3 1 0
github.com/evstack/ev-node/pkg/signer/file/local.go:290.2,302.16 4 17
github.com/evstack/ev-node/pkg/signer/file/local.go:302.16,304.3 1 0
github.com/evstack/ev-node/pkg/signer/file/local.go:307.2,307.64 1 17
github.com/evstack/ev-node/pkg/signer/file/local.go:307.64,309.3 1 1
github.com/evstack/ev-node/pkg/signer/file/local.go:311.2,311.12 1 16
github.com/evstack/ev-node/pkg/signer/file/local.go:315.62,321.16 4 11
github.com/evstack/ev-node/pkg/signer/file/local.go:321.16,323.3 1 1
github.com/evstack/ev-node/pkg/signer/file/local.go:326.2,327.56 2 10
github.com/evstack/ev-node/pkg/signer/file/local.go:327.56,329.3 1 1
github.com/evstack/ev-node/pkg/signer/file/local.go:332.2,333.25 2 9
github.com/evstack/ev-node/pkg/signer/file/local.go:333.25,336.3 1 1
github.com/evstack/ev-node/pkg/signer/file/local.go:336.8,338.3 1 8
github.com/evstack/ev-node/pkg/signer/file/local.go:339.2,342.16 3 9
github.com/evstack/ev-node/pkg/signer/file/local.go:342.16,344.3 1 0
github.com/evstack/ev-node/pkg/signer/file/local.go:346.2,347.16 2 9
github.com/evstack/ev-node/pkg/signer/file/local.go:347.16,349.3 1 0
github.com/evstack/ev-node/pkg/signer/file/local.go:352.2,353.16 2 9
github.com/evstack/ev-node/pkg/signer/file/local.go:353.16,355.3 1 3
github.com/evstack/ev-node/pkg/signer/file/local.go:359.2,367.16 5 6
github.com/evstack/ev-node/pkg/signer/file/local.go:367.16,369.3 1 0
github.com/evstack/ev-node/pkg/signer/file/local.go:372.2,373.16 2 6
github.com/evstack/ev-node/pkg/signer/file/local.go:373.16,375.3 1 0
github.com/evstack/ev-node/pkg/signer/file/local.go:378.2,381.12 3 6
github.com/evstack/ev-node/pkg/signer/file/local.go:385.65,389.25 3 58
github.com/evstack/ev-node/pkg/signer/file/local.go:389.25,391.3 1 1
github.com/evstack/ev-node/pkg/signer/file/local.go:393.2,393.35 1 57
github.com/evstack/ev-node/pkg/signer/file/local.go:397.63,401.24 3 59
github.com/evstack/ev-node/pkg/signer/file/local.go:401.24,403.3 1 1
github.com/evstack/ev-node/pkg/signer/file/local.go:405.2,405.25 1 58
github.com/evstack/ev-node/pkg/signer/file/local.go:409.57,414.2 3 0
github.com/evstack/ev-node/pkg/signer/file/local.go:417.69,424.2 1 31
github.com/evstack/ev-node/pkg/signer/file/local.go:428.62,429.31 1 4
github.com/evstack/ev-node/pkg/signer/file/local.go:429.31,431.3 1 1
github.com/evstack/ev-node/pkg/signer/file/local.go:433.2,435.44 3 3
github.com/evstack/ev-node/pkg/signer/file/local.go:435.44,437.3 1 54
github.com/evstack/ev-node/pkg/signer/file/local.go:438.2,438.12 1 3
github.com/evstack/ev-node/pkg/signer/file/local.go:442.26,444.2 1 89
github.com/evstack/ev-node/pkg/signer/file/local.go:447.55,449.16 2 0
github.com/evstack/ev-node/pkg/signer/file/local.go:449.16,451.3 1 0
github.com/evstack/ev-node/pkg/signer/file/local.go:453.2,454.24 2 0
github.com/evstack/ev-node/block/components.go:40.56,45.12 3 3
github.com/evstack/ev-node/block/components.go:45.12,46.10 1 3
github.com/evstack/ev-node/block/components.go:47.28,49.12 2 2
github.com/evstack/ev-node/block/components.go:50.21,51.10 1 1
github.com/evstack/ev-node/block/components.go:55.2,55.24 1 3
github.com/evstack/ev-node/block/components.go:55.24,56.58 1 1
github.com/evstack/ev-node/block/components.go:56.58,58.4 1 0
github.com/evstack/ev-node/block/components.go:60.2,60.22 1 3
github.com/evstack/ev-node/block/components.go:60.22,61.56 1 1
github.com/evstack/ev-node/block/components.go:61.56,63.4 1 0
github.com/evstack/ev-node/block/components.go:65.2,65.22 1 3
github.com/evstack/ev-node/block/components.go:65.22,66.56 1 0
github.com/evstack/ev-node/block/components.go:66.56,68.4 1 0
github.com/evstack/ev-node/block/components.go:70.2,70.25 1 3
github.com/evstack/ev-node/block/components.go:70.25,71.59 1 1
github.com/evstack/ev-node/block/components.go:71.59,73.4 1 0
github.com/evstack/ev-node/block/components.go:77.2,80.9 2 3
github.com/evstack/ev-node/block/components.go:81.30,82.86 1 2
github.com/evstack/ev-node/block/components.go:83.10,84.19 1 1
github.com/evstack/ev-node/block/components.go:89.36,91.24 2 1
github.com/evstack/ev-node/block/components.go:91.24,92.44 1 1
github.com/evstack/ev-node/block/components.go:92.44,94.4 1 0
github.com/evstack/ev-node/block/components.go:96.2,96.22 1 1
github.com/evstack/ev-node/block/components.go:96.22,97.42 1 1
github.com/evstack/ev-node/block/components.go:97.42,99.4 1 0
github.com/evstack/ev-node/block/components.go:101.2,101.22 1 1
github.com/evstack/ev-node/block/components.go:101.22,102.42 1 0
github.com/evstack/ev-node/block/components.go:102.42,104.4 1 0
github.com/evstack/ev-node/block/components.go:106.2,106.25 1 1
github.com/evstack/ev-node/block/components.go:106.25,107.45 1 1
github.com/evstack/ev-node/block/components.go:107.45,109.4 1 0
github.com/evstack/ev-node/block/components.go:112.2,112.13 1 1
github.com/evstack/ev-node/block/components.go:129.24,132.16 3 1
github.com/evstack/ev-node/block/components.go:132.16,134.3 1 0
github.com/evstack/ev-node/block/components.go:137.2,175.8 5 1
github.com/evstack/ev-node/block/components.go:194.24,197.16 3 2
github.com/evstack/ev-node/block/components.go:197.16,199.3 1 0
github.com/evstack/ev-node/block/components.go:202.2,219.16 3 2
github.com/evstack/ev-node/block/components.go:219.16,221.3 1 0
github.com/evstack/ev-node/block/components.go:223.2,232.16 2 2
github.com/evstack/ev-node/block/components.go:232.16,234.3 1 0
github.com/evstack/ev-node/block/components.go:236.2,236.32 1 2
github.com/evstack/ev-node/block/components.go:236.32,243.3 1 0
github.com/evstack/ev-node/block/components.go:245.2,266.8 3 2
github.com/evstack/ev-node/block/public.go:17.41,19.2 1 3
github.com/evstack/ev-node/block/public.go:25.78,27.2 1 0
github.com/evstack/ev-node/block/public.go:30.28,32.2 1 3
github.com/evstack/ev-node/block/public.go:50.16,59.2 1 0
github.com/evstack/ev-node/block/public.go:78.28,80.2 1 0
