mode: atomic
github.com/evstack/ev-node/apps/evm/main.go:15.13,37.42 5 0
github.com/evstack/ev-node/apps/evm/main.go:37.42,41.3 2 0
github.com/evstack/ev-node/apps/evm/cmd/init.go:17.31,22.55 1 0
github.com/evstack/ev-node/apps/evm/cmd/init.go:22.55,24.18 2 0
github.com/evstack/ev-node/apps/evm/cmd/init.go:24.18,26.5 1 0
github.com/evstack/ev-node/apps/evm/cmd/init.go:28.4,29.18 2 0
github.com/evstack/ev-node/apps/evm/cmd/init.go:29.18,31.5 1 0
github.com/evstack/ev-node/apps/evm/cmd/init.go:35.4,37.41 3 0
github.com/evstack/ev-node/apps/evm/cmd/init.go:37.41,39.5 1 0
github.com/evstack/ev-node/apps/evm/cmd/init.go:42.4,43.18 2 0
github.com/evstack/ev-node/apps/evm/cmd/init.go:43.18,45.5 1 0
github.com/evstack/ev-node/apps/evm/cmd/init.go:47.4,48.28 2 0
github.com/evstack/ev-node/apps/evm/cmd/init.go:48.28,51.19 2 0
github.com/evstack/ev-node/apps/evm/cmd/init.go:51.19,53.6 1 0
github.com/evstack/ev-node/apps/evm/cmd/init.go:54.5,56.25 2 0
github.com/evstack/ev-node/apps/evm/cmd/init.go:56.25,58.6 1 0
github.com/evstack/ev-node/apps/evm/cmd/init.go:61.4,62.18 2 0
github.com/evstack/ev-node/apps/evm/cmd/init.go:62.18,64.5 1 0
github.com/evstack/ev-node/apps/evm/cmd/init.go:66.4,66.43 1 0
github.com/evstack/ev-node/apps/evm/cmd/init.go:66.43,68.5 1 0
github.com/evstack/ev-node/apps/evm/cmd/init.go:70.4,70.61 1 0
github.com/evstack/ev-node/apps/evm/cmd/init.go:70.61,72.5 1 0
github.com/evstack/ev-node/apps/evm/cmd/init.go:75.4,76.18 2 0
github.com/evstack/ev-node/apps/evm/cmd/init.go:76.18,78.5 1 0
github.com/evstack/ev-node/apps/evm/cmd/init.go:80.4,82.52 3 0
github.com/evstack/ev-node/apps/evm/cmd/init.go:82.52,84.73 1 0
github.com/evstack/ev-node/apps/evm/cmd/init.go:84.73,85.47 1 0
github.com/evstack/ev-node/apps/evm/cmd/init.go:85.47,87.7 1 0
github.com/evstack/ev-node/apps/evm/cmd/init.go:88.11,90.6 1 0
github.com/evstack/ev-node/apps/evm/cmd/init.go:92.5,92.87 1 0
github.com/evstack/ev-node/apps/evm/cmd/init.go:93.10,93.25 1 0
github.com/evstack/ev-node/apps/evm/cmd/init.go:93.25,95.5 1 0
github.com/evstack/ev-node/apps/evm/cmd/init.go:97.4,98.14 2 0
github.com/evstack/ev-node/apps/evm/cmd/init.go:103.2,106.16 3 0
github.com/evstack/ev-node/apps/evm/cmd/post_tx_cmd.go:28.33,64.2 5 0
github.com/evstack/ev-node/apps/evm/cmd/post_tx_cmd.go:67.58,69.16 2 0
github.com/evstack/ev-node/apps/evm/cmd/post_tx_cmd.go:69.16,71.3 1 0
github.com/evstack/ev-node/apps/evm/cmd/post_tx_cmd.go:73.2,76.19 3 0
github.com/evstack/ev-node/apps/evm/cmd/post_tx_cmd.go:76.19,78.3 1 0
github.com/evstack/ev-node/apps/evm/cmd/post_tx_cmd.go:80.2,81.44 2 0
github.com/evstack/ev-node/apps/evm/cmd/post_tx_cmd.go:81.44,84.17 2 0
github.com/evstack/ev-node/apps/evm/cmd/post_tx_cmd.go:84.17,86.4 1 0
github.com/evstack/ev-node/apps/evm/cmd/post_tx_cmd.go:87.8,90.17 2 0
github.com/evstack/ev-node/apps/evm/cmd/post_tx_cmd.go:90.17,92.4 1 0
github.com/evstack/ev-node/apps/evm/cmd/post_tx_cmd.go:95.2,95.22 1 0
github.com/evstack/ev-node/apps/evm/cmd/post_tx_cmd.go:95.22,97.3 1 0
github.com/evstack/ev-node/apps/evm/cmd/post_tx_cmd.go:100.2,101.21 2 0
github.com/evstack/ev-node/apps/evm/cmd/post_tx_cmd.go:101.21,103.3 1 0
github.com/evstack/ev-node/apps/evm/cmd/post_tx_cmd.go:105.2,105.21 1 0
github.com/evstack/ev-node/apps/evm/cmd/post_tx_cmd.go:105.21,107.3 1 0
github.com/evstack/ev-node/apps/evm/cmd/post_tx_cmd.go:109.2,113.16 3 0
github.com/evstack/ev-node/apps/evm/cmd/post_tx_cmd.go:113.16,115.3 1 0
github.com/evstack/ev-node/apps/evm/cmd/post_tx_cmd.go:117.2,125.16 3 0
github.com/evstack/ev-node/apps/evm/cmd/post_tx_cmd.go:125.16,127.3 1 0
github.com/evstack/ev-node/apps/evm/cmd/post_tx_cmd.go:130.2,139.21 6 0
github.com/evstack/ev-node/apps/evm/cmd/post_tx_cmd.go:140.24,149.17 8 0
github.com/evstack/ev-node/apps/evm/cmd/post_tx_cmd.go:149.17,151.4 1 0
github.com/evstack/ev-node/apps/evm/cmd/post_tx_cmd.go:153.3,161.13 4 0
github.com/evstack/ev-node/apps/evm/cmd/post_tx_cmd.go:163.23,164.78 1 0
github.com/evstack/ev-node/apps/evm/cmd/post_tx_cmd.go:166.35,167.80 1 0
github.com/evstack/ev-node/apps/evm/cmd/post_tx_cmd.go:169.33,171.24 2 0
github.com/evstack/ev-node/apps/evm/cmd/post_tx_cmd.go:171.24,173.4 1 0
github.com/evstack/ev-node/apps/evm/cmd/post_tx_cmd.go:174.3,174.13 1 0
github.com/evstack/ev-node/apps/evm/cmd/post_tx_cmd.go:176.32,177.63 1 0
github.com/evstack/ev-node/apps/evm/cmd/post_tx_cmd.go:179.10,180.88 1 0
github.com/evstack/ev-node/apps/evm/cmd/post_tx_cmd.go:185.56,187.16 2 0
github.com/evstack/ev-node/apps/evm/cmd/post_tx_cmd.go:187.16,189.3 1 0
github.com/evstack/ev-node/apps/evm/cmd/post_tx_cmd.go:191.2,191.39 1 0
github.com/evstack/ev-node/apps/evm/cmd/post_tx_cmd.go:195.53,200.63 3 0
github.com/evstack/ev-node/apps/evm/cmd/post_tx_cmd.go:200.63,201.46 1 0
github.com/evstack/ev-node/apps/evm/cmd/post_tx_cmd.go:201.46,203.4 1 0
github.com/evstack/ev-node/apps/evm/cmd/post_tx_cmd.go:204.3,204.87 1 0
github.com/evstack/ev-node/apps/evm/cmd/post_tx_cmd.go:208.2,208.27 1 0
github.com/evstack/ev-node/apps/evm/cmd/post_tx_cmd.go:212.49,216.72 2 0
github.com/evstack/ev-node/apps/evm/cmd/post_tx_cmd.go:216.72,218.3 1 0
github.com/evstack/ev-node/apps/evm/cmd/post_tx_cmd.go:221.2,222.16 2 0
github.com/evstack/ev-node/apps/evm/cmd/post_tx_cmd.go:222.16,224.3 1 0
github.com/evstack/ev-node/apps/evm/cmd/post_tx_cmd.go:226.2,226.23 1 0
github.com/evstack/ev-node/apps/evm/cmd/post_tx_cmd.go:226.23,228.3 1 0
github.com/evstack/ev-node/apps/evm/cmd/post_tx_cmd.go:230.2,230.21 1 0
github.com/evstack/ev-node/apps/evm/cmd/rollback.go:17.38,26.55 2 0
github.com/evstack/ev-node/apps/evm/cmd/rollback.go:26.55,28.18 2 0
github.com/evstack/ev-node/apps/evm/cmd/rollback.go:28.18,30.5 1 0
github.com/evstack/ev-node/apps/evm/cmd/rollback.go:32.4,33.20 2 0
github.com/evstack/ev-node/apps/evm/cmd/rollback.go:33.20,35.5 1 0
github.com/evstack/ev-node/apps/evm/cmd/rollback.go:38.4,39.18 2 0
github.com/evstack/ev-node/apps/evm/cmd/rollback.go:39.18,41.5 1 0
github.com/evstack/ev-node/apps/evm/cmd/rollback.go:43.4,43.17 1 0
github.com/evstack/ev-node/apps/evm/cmd/rollback.go:43.17,44.57 1 0
github.com/evstack/ev-node/apps/evm/cmd/rollback.go:44.57,46.6 1 0
github.com/evstack/ev-node/apps/evm/cmd/rollback.go:50.4,52.19 3 0
github.com/evstack/ev-node/apps/evm/cmd/rollback.go:52.19,54.19 2 0
github.com/evstack/ev-node/apps/evm/cmd/rollback.go:54.19,56.6 1 0
github.com/evstack/ev-node/apps/evm/cmd/rollback.go:58.5,58.31 1 0
github.com/evstack/ev-node/apps/evm/cmd/rollback.go:62.4,62.73 1 0
github.com/evstack/ev-node/apps/evm/cmd/rollback.go:62.73,64.5 1 0
github.com/evstack/ev-node/apps/evm/cmd/rollback.go:67.4,72.18 2 0
github.com/evstack/ev-node/apps/evm/cmd/rollback.go:72.18,74.5 1 0
github.com/evstack/ev-node/apps/evm/cmd/rollback.go:76.4,81.18 2 0
github.com/evstack/ev-node/apps/evm/cmd/rollback.go:81.18,83.5 1 0
github.com/evstack/ev-node/apps/evm/cmd/rollback.go:85.4,85.51 1 0
github.com/evstack/ev-node/apps/evm/cmd/rollback.go:85.51,87.5 1 0
github.com/evstack/ev-node/apps/evm/cmd/rollback.go:88.4,90.49 2 0
github.com/evstack/ev-node/apps/evm/cmd/rollback.go:90.49,92.5 1 0
github.com/evstack/ev-node/apps/evm/cmd/rollback.go:93.4,96.89 3 0
github.com/evstack/ev-node/apps/evm/cmd/rollback.go:96.89,98.5 1 0
github.com/evstack/ev-node/apps/evm/cmd/rollback.go:100.4,100.85 1 0
github.com/evstack/ev-node/apps/evm/cmd/rollback.go:100.85,102.5 1 0
github.com/evstack/ev-node/apps/evm/cmd/rollback.go:104.4,105.16 2 0
github.com/evstack/ev-node/apps/evm/cmd/rollback.go:105.16,107.5 1 0
github.com/evstack/ev-node/apps/evm/cmd/rollback.go:109.4,109.15 1 0
github.com/evstack/ev-node/apps/evm/cmd/rollback.go:113.2,116.12 3 0
github.com/evstack/ev-node/apps/evm/cmd/run.go:45.54,47.17 2 0
github.com/evstack/ev-node/apps/evm/cmd/run.go:47.17,49.4 1 0
github.com/evstack/ev-node/apps/evm/cmd/run.go:51.3,55.17 3 0
github.com/evstack/ev-node/apps/evm/cmd/run.go:55.17,57.4 1 0
github.com/evstack/ev-node/apps/evm/cmd/run.go:59.3,60.17 2 0
github.com/evstack/ev-node/apps/evm/cmd/run.go:60.17,62.4 1 0
github.com/evstack/ev-node/apps/evm/cmd/run.go:64.3,65.17 2 0
github.com/evstack/ev-node/apps/evm/cmd/run.go:65.17,67.4 1 0
github.com/evstack/ev-node/apps/evm/cmd/run.go:69.3,72.49 2 0
github.com/evstack/ev-node/apps/evm/cmd/run.go:72.49,74.4 1 0
github.com/evstack/ev-node/apps/evm/cmd/run.go:76.3,83.17 6 0
github.com/evstack/ev-node/apps/evm/cmd/run.go:83.17,85.4 1 0
github.com/evstack/ev-node/apps/evm/cmd/run.go:87.3,87.64 1 0
github.com/evstack/ev-node/apps/evm/cmd/run.go:87.64,89.4 1 0
github.com/evstack/ev-node/apps/evm/cmd/run.go:92.3,93.17 2 0
github.com/evstack/ev-node/apps/evm/cmd/run.go:93.17,95.4 1 0
github.com/evstack/ev-node/apps/evm/cmd/run.go:97.3,98.17 2 0
github.com/evstack/ev-node/apps/evm/cmd/run.go:98.17,100.4 1 0
github.com/evstack/ev-node/apps/evm/cmd/run.go:102.3,103.17 2 0
github.com/evstack/ev-node/apps/evm/cmd/run.go:103.17,105.4 1 0
github.com/evstack/ev-node/apps/evm/cmd/run.go:108.3,109.17 2 0
github.com/evstack/ev-node/apps/evm/cmd/run.go:109.17,111.4 1 0
github.com/evstack/ev-node/apps/evm/cmd/run.go:113.3,113.31 1 0
github.com/evstack/ev-node/apps/evm/cmd/run.go:113.31,115.18 2 0
github.com/evstack/ev-node/apps/evm/cmd/run.go:115.18,117.5 1 0
github.com/evstack/ev-node/apps/evm/cmd/run.go:119.4,127.18 2 0
github.com/evstack/ev-node/apps/evm/cmd/run.go:127.18,129.5 1 0
github.com/evstack/ev-node/apps/evm/cmd/run.go:131.4,131.68 1 0
github.com/evstack/ev-node/apps/evm/cmd/run.go:131.68,133.5 1 0
github.com/evstack/ev-node/apps/evm/cmd/run.go:136.4,136.17 1 0
github.com/evstack/ev-node/apps/evm/cmd/run.go:136.17,139.66 3 0
github.com/evstack/ev-node/apps/evm/cmd/run.go:139.66,141.6 1 0
github.com/evstack/ev-node/apps/evm/cmd/run.go:145.3,145.124 1 0
github.com/evstack/ev-node/apps/evm/cmd/run.go:149.13,152.2 2 0
github.com/evstack/ev-node/apps/evm/cmd/run.go:163.36,164.36 1 0
github.com/evstack/ev-node/apps/evm/cmd/run.go:164.36,166.34 1 0
github.com/evstack/ev-node/apps/evm/cmd/run.go:166.34,168.4 1 0
github.com/evstack/ev-node/apps/evm/cmd/run.go:170.3,172.17 3 0
github.com/evstack/ev-node/apps/evm/cmd/run.go:172.17,174.4 1 0
github.com/evstack/ev-node/apps/evm/cmd/run.go:176.3,181.23 2 0
github.com/evstack/ev-node/apps/evm/cmd/run.go:184.2,193.16 2 0
github.com/evstack/ev-node/apps/evm/cmd/run.go:193.16,195.3 1 0
github.com/evstack/ev-node/apps/evm/cmd/run.go:197.2,201.23 2 0
github.com/evstack/ev-node/apps/evm/cmd/run.go:204.99,207.16 2 0
github.com/evstack/ev-node/apps/evm/cmd/run.go:207.16,209.3 1 0
github.com/evstack/ev-node/apps/evm/cmd/run.go:210.2,211.16 2 0
github.com/evstack/ev-node/apps/evm/cmd/run.go:211.16,213.3 1 0
github.com/evstack/ev-node/apps/evm/cmd/run.go:216.2,217.16 2 0
github.com/evstack/ev-node/apps/evm/cmd/run.go:217.16,219.3 1 0
github.com/evstack/ev-node/apps/evm/cmd/run.go:221.2,221.25 1 0
github.com/evstack/ev-node/apps/evm/cmd/run.go:221.25,223.3 1 0
github.com/evstack/ev-node/apps/evm/cmd/run.go:226.2,227.16 2 0
github.com/evstack/ev-node/apps/evm/cmd/run.go:227.16,229.3 1 0
github.com/evstack/ev-node/apps/evm/cmd/run.go:230.2,232.21 2 0
github.com/evstack/ev-node/apps/evm/cmd/run.go:232.21,234.3 1 0
github.com/evstack/ev-node/apps/evm/cmd/run.go:236.2,237.16 2 0
github.com/evstack/ev-node/apps/evm/cmd/run.go:237.16,239.3 1 0
github.com/evstack/ev-node/apps/evm/cmd/run.go:240.2,241.16 2 0
github.com/evstack/ev-node/apps/evm/cmd/run.go:241.16,243.3 1 0
github.com/evstack/ev-node/apps/evm/cmd/run.go:246.2,249.98 3 0
github.com/evstack/ev-node/apps/evm/cmd/run.go:253.35,260.2 6 0
github.com/evstack/ev-node/apps/evm/server/force_inclusion.go:51.34,52.16 1 9
github.com/evstack/ev-node/apps/evm/server/force_inclusion.go:52.16,54.3 1 8
github.com/evstack/ev-node/apps/evm/server/force_inclusion.go:56.2,56.52 1 9
github.com/evstack/ev-node/apps/evm/server/force_inclusion.go:56.52,58.3 1 0
github.com/evstack/ev-node/apps/evm/server/force_inclusion.go:60.2,84.15 6 9
github.com/evstack/ev-node/apps/evm/server/force_inclusion.go:88.65,94.12 3 1
github.com/evstack/ev-node/apps/evm/server/force_inclusion.go:94.12,95.82 1 1
github.com/evstack/ev-node/apps/evm/server/force_inclusion.go:95.82,97.4 1 0
github.com/evstack/ev-node/apps/evm/server/force_inclusion.go:100.2,100.9 1 1
github.com/evstack/ev-node/apps/evm/server/force_inclusion.go:101.24,102.71 1 0
github.com/evstack/ev-node/apps/evm/server/force_inclusion.go:103.44,104.13 1 1
github.com/evstack/ev-node/apps/evm/server/force_inclusion.go:109.64,112.2 2 1
github.com/evstack/ev-node/apps/evm/server/force_inclusion.go:146.86,147.33 1 10
github.com/evstack/ev-node/apps/evm/server/force_inclusion.go:147.33,150.3 2 0
github.com/evstack/ev-node/apps/evm/server/force_inclusion.go:152.2,153.16 2 10
github.com/evstack/ev-node/apps/evm/server/force_inclusion.go:153.16,156.3 2 0
github.com/evstack/ev-node/apps/evm/server/force_inclusion.go:157.2,160.51 3 10
github.com/evstack/ev-node/apps/evm/server/force_inclusion.go:160.51,163.3 2 1
github.com/evstack/ev-node/apps/evm/server/force_inclusion.go:165.2,170.20 2 9
github.com/evstack/ev-node/apps/evm/server/force_inclusion.go:171.32,172.38 1 6
github.com/evstack/ev-node/apps/evm/server/force_inclusion.go:173.10,174.39 1 3
github.com/evstack/ev-node/apps/evm/server/force_inclusion.go:179.90,182.16 2 0
github.com/evstack/ev-node/apps/evm/server/force_inclusion.go:182.16,185.3 2 0
github.com/evstack/ev-node/apps/evm/server/force_inclusion.go:187.2,188.36 2 0
github.com/evstack/ev-node/apps/evm/server/force_inclusion.go:192.109,193.29 1 3
github.com/evstack/ev-node/apps/evm/server/force_inclusion.go:193.29,196.3 2 2
github.com/evstack/ev-node/apps/evm/server/force_inclusion.go:198.2,204.16 3 1
github.com/evstack/ev-node/apps/evm/server/force_inclusion.go:204.16,207.3 2 0
github.com/evstack/ev-node/apps/evm/server/force_inclusion.go:209.2,212.16 3 1
github.com/evstack/ev-node/apps/evm/server/force_inclusion.go:212.16,215.3 2 0
github.com/evstack/ev-node/apps/evm/server/force_inclusion.go:216.2,219.16 3 1
github.com/evstack/ev-node/apps/evm/server/force_inclusion.go:219.16,222.3 2 0
github.com/evstack/ev-node/apps/evm/server/force_inclusion.go:224.2,226.45 3 1
github.com/evstack/ev-node/apps/evm/server/force_inclusion.go:226.45,228.3 1 0
github.com/evstack/ev-node/apps/evm/server/force_inclusion.go:232.101,234.80 2 6
github.com/evstack/ev-node/apps/evm/server/force_inclusion.go:234.80,237.3 2 2
github.com/evstack/ev-node/apps/evm/server/force_inclusion.go:239.2,241.16 3 4
github.com/evstack/ev-node/apps/evm/server/force_inclusion.go:241.16,244.3 2 2
github.com/evstack/ev-node/apps/evm/server/force_inclusion.go:246.2,246.22 1 2
github.com/evstack/ev-node/apps/evm/server/force_inclusion.go:246.22,249.3 2 0
github.com/evstack/ev-node/apps/evm/server/force_inclusion.go:251.2,263.37 8 2
github.com/evstack/ev-node/apps/evm/server/force_inclusion.go:263.37,266.3 2 1
github.com/evstack/ev-node/apps/evm/server/force_inclusion.go:268.2,269.19 2 1
github.com/evstack/ev-node/apps/evm/server/force_inclusion.go:269.19,272.3 2 0
github.com/evstack/ev-node/apps/evm/server/force_inclusion.go:274.2,293.35 6 1
github.com/evstack/ev-node/apps/evm/server/force_inclusion.go:297.75,300.74 2 9
github.com/evstack/ev-node/apps/evm/server/force_inclusion.go:300.74,302.3 1 3
github.com/evstack/ev-node/apps/evm/server/force_inclusion.go:304.2,307.16 3 6
github.com/evstack/ev-node/apps/evm/server/force_inclusion.go:307.16,309.3 1 1
github.com/evstack/ev-node/apps/evm/server/force_inclusion.go:311.2,311.21 1 5
github.com/evstack/ev-node/apps/evm/server/force_inclusion.go:315.104,322.2 2 1
github.com/evstack/ev-node/apps/evm/server/force_inclusion.go:325.108,335.2 2 8
github.com/evstack/ev-node/apps/evm/server/force_inclusion.go:338.91,340.56 2 9
github.com/evstack/ev-node/apps/evm/server/force_inclusion.go:340.56,342.3 1 0
