mode: atomic
github.com/evstack/ev-node/execution/evm/types/pb/execution/evm/v1/state.pb.go:52.28,57.2 4 0
github.com/evstack/ev-node/execution/evm/types/pb/execution/evm/v1/state.pb.go:59.36,61.2 1 0
github.com/evstack/ev-node/execution/evm/types/pb/execution/evm/v1/state.pb.go:63.34,63.35 0 0
github.com/evstack/ev-node/execution/evm/types/pb/execution/evm/v1/state.pb.go:65.56,67.14 2 0
github.com/evstack/ev-node/execution/evm/types/pb/execution/evm/v1/state.pb.go:67.14,69.34 2 0
github.com/evstack/ev-node/execution/evm/types/pb/execution/evm/v1/state.pb.go:69.34,71.4 1 0
github.com/evstack/ev-node/execution/evm/types/pb/execution/evm/v1/state.pb.go:72.3,72.12 1 0
github.com/evstack/ev-node/execution/evm/types/pb/execution/evm/v1/state.pb.go:74.2,74.24 1 0
github.com/evstack/ev-node/execution/evm/types/pb/execution/evm/v1/state.pb.go:78.47,80.2 1 0
github.com/evstack/ev-node/execution/evm/types/pb/execution/evm/v1/state.pb.go:82.39,83.14 1 0
github.com/evstack/ev-node/execution/evm/types/pb/execution/evm/v1/state.pb.go:83.14,85.3 1 0
github.com/evstack/ev-node/execution/evm/types/pb/execution/evm/v1/state.pb.go:86.2,86.10 1 0
github.com/evstack/ev-node/execution/evm/types/pb/execution/evm/v1/state.pb.go:89.43,90.14 1 0
github.com/evstack/ev-node/execution/evm/types/pb/execution/evm/v1/state.pb.go:90.14,92.3 1 0
github.com/evstack/ev-node/execution/evm/types/pb/execution/evm/v1/state.pb.go:93.2,93.12 1 0
github.com/evstack/ev-node/execution/evm/types/pb/execution/evm/v1/state.pb.go:96.42,97.14 1 0
github.com/evstack/ev-node/execution/evm/types/pb/execution/evm/v1/state.pb.go:97.14,99.3 1 0
github.com/evstack/ev-node/execution/evm/types/pb/execution/evm/v1/state.pb.go:100.2,100.12 1 0
github.com/evstack/ev-node/execution/evm/types/pb/execution/evm/v1/state.pb.go:103.42,104.14 1 0
github.com/evstack/ev-node/execution/evm/types/pb/execution/evm/v1/state.pb.go:104.14,106.3 1 0
github.com/evstack/ev-node/execution/evm/types/pb/execution/evm/v1/state.pb.go:107.2,107.12 1 0
github.com/evstack/ev-node/execution/evm/types/pb/execution/evm/v1/state.pb.go:110.42,111.14 1 0
github.com/evstack/ev-node/execution/evm/types/pb/execution/evm/v1/state.pb.go:111.14,113.3 1 0
github.com/evstack/ev-node/execution/evm/types/pb/execution/evm/v1/state.pb.go:114.2,114.12 1 0
github.com/evstack/ev-node/execution/evm/types/pb/execution/evm/v1/state.pb.go:117.39,118.14 1 0
github.com/evstack/ev-node/execution/evm/types/pb/execution/evm/v1/state.pb.go:118.14,120.3 1 0
github.com/evstack/ev-node/execution/evm/types/pb/execution/evm/v1/state.pb.go:121.2,121.12 1 0
github.com/evstack/ev-node/execution/evm/types/pb/execution/evm/v1/state.pb.go:124.41,125.14 1 0
github.com/evstack/ev-node/execution/evm/types/pb/execution/evm/v1/state.pb.go:125.14,127.3 1 0
github.com/evstack/ev-node/execution/evm/types/pb/execution/evm/v1/state.pb.go:128.2,128.10 1 0
github.com/evstack/ev-node/execution/evm/types/pb/execution/evm/v1/state.pb.go:131.38,132.14 1 0
github.com/evstack/ev-node/execution/evm/types/pb/execution/evm/v1/state.pb.go:132.14,134.3 1 0
github.com/evstack/ev-node/execution/evm/types/pb/execution/evm/v1/state.pb.go:135.2,135.11 1 0
github.com/evstack/ev-node/execution/evm/types/pb/execution/evm/v1/state.pb.go:138.45,139.14 1 0
github.com/evstack/ev-node/execution/evm/types/pb/execution/evm/v1/state.pb.go:139.14,141.3 1 0
github.com/evstack/ev-node/execution/evm/types/pb/execution/evm/v1/state.pb.go:142.2,142.10 1 0
github.com/evstack/ev-node/execution/evm/types/pb/execution/evm/v1/state.pb.go:170.61,171.58 1 0
github.com/evstack/ev-node/execution/evm/types/pb/execution/evm/v1/state.pb.go:171.58,173.3 1 0
github.com/evstack/ev-node/execution/evm/types/pb/execution/evm/v1/state.pb.go:174.2,174.54 1 0
github.com/evstack/ev-node/execution/evm/types/pb/execution/evm/v1/state.pb.go:189.13,189.57 1 0
github.com/evstack/ev-node/execution/evm/types/pb/execution/evm/v1/state.pb.go:190.47,191.46 1 0
github.com/evstack/ev-node/execution/evm/types/pb/execution/evm/v1/state.pb.go:191.46,193.3 1 0
github.com/evstack/ev-node/execution/evm/types/pb/execution/evm/v1/state.pb.go:194.2,210.49 5 0
github.com/evstack/ev-node/execution/evm/execution.go:66.65,67.23 1 4
github.com/evstack/ev-node/execution/evm/execution.go:68.20,69.13 1 1
github.com/evstack/ev-node/execution/evm/execution.go:70.39,72.27 1 2
github.com/evstack/ev-node/execution/evm/execution.go:73.22,75.33 1 1
github.com/evstack/ev-node/execution/evm/execution.go:76.10,78.33 1 0
github.com/evstack/ev-node/execution/evm/execution.go:82.62,83.28 1 0
github.com/evstack/ev-node/execution/evm/execution.go:83.28,85.3 1 0
github.com/evstack/ev-node/execution/evm/execution.go:86.2,86.30 1 0
github.com/evstack/ev-node/execution/evm/execution.go:96.146,99.53 2 8
github.com/evstack/ev-node/execution/evm/execution.go:99.53,101.17 2 12
github.com/evstack/ev-node/execution/evm/execution.go:101.17,103.4 1 2
github.com/evstack/ev-node/execution/evm/execution.go:106.3,106.46 1 10
github.com/evstack/ev-node/execution/evm/execution.go:106.46,108.4 1 1
github.com/evstack/ev-node/execution/evm/execution.go:111.3,111.41 1 9
github.com/evstack/ev-node/execution/evm/execution.go:111.41,113.4 1 2
github.com/evstack/ev-node/execution/evm/execution.go:116.3,116.28 1 7
github.com/evstack/ev-node/execution/evm/execution.go:116.28,118.4 1 1
github.com/evstack/ev-node/execution/evm/execution.go:121.3,121.10 1 6
github.com/evstack/ev-node/execution/evm/execution.go:122.21,123.88 1 2
github.com/evstack/ev-node/execution/evm/execution.go:124.30,125.16 1 4
github.com/evstack/ev-node/execution/evm/execution.go:129.2,129.78 1 0
github.com/evstack/ev-node/execution/evm/execution.go:167.26,168.15 1 0
github.com/evstack/ev-node/execution/evm/execution.go:168.15,170.3 1 0
github.com/evstack/ev-node/execution/evm/execution.go:172.2,173.16 2 0
github.com/evstack/ev-node/execution/evm/execution.go:173.16,175.3 1 0
github.com/evstack/ev-node/execution/evm/execution.go:177.2,178.16 2 0
github.com/evstack/ev-node/execution/evm/execution.go:178.16,180.3 1 0
github.com/evstack/ev-node/execution/evm/execution.go:182.2,183.46 1 0
github.com/evstack/ev-node/execution/evm/execution.go:183.46,185.18 2 0
github.com/evstack/ev-node/execution/evm/execution.go:185.18,187.5 1 0
github.com/evstack/ev-node/execution/evm/execution.go:189.4,189.23 1 0
github.com/evstack/ev-node/execution/evm/execution.go:189.23,191.5 1 0
github.com/evstack/ev-node/execution/evm/execution.go:192.4,192.14 1 0
github.com/evstack/ev-node/execution/evm/execution.go:194.2,194.16 1 0
github.com/evstack/ev-node/execution/evm/execution.go:194.16,196.3 1 0
github.com/evstack/ev-node/execution/evm/execution.go:198.2,209.8 1 0
github.com/evstack/ev-node/execution/evm/execution.go:213.52,215.2 1 0
github.com/evstack/ev-node/execution/evm/execution.go:218.140,219.24 1 0
github.com/evstack/ev-node/execution/evm/execution.go:219.24,221.3 1 0
github.com/evstack/ev-node/execution/evm/execution.go:224.2,224.59 1 0
github.com/evstack/ev-node/execution/evm/execution.go:224.59,234.17 3 0
github.com/evstack/ev-node/execution/evm/execution.go:234.17,236.4 1 0
github.com/evstack/ev-node/execution/evm/execution.go:239.3,239.79 1 0
github.com/evstack/ev-node/execution/evm/execution.go:239.79,246.4 2 0
github.com/evstack/ev-node/execution/evm/execution.go:248.3,248.13 1 0
github.com/evstack/ev-node/execution/evm/execution.go:250.2,250.16 1 0
github.com/evstack/ev-node/execution/evm/execution.go:250.16,252.3 1 0
github.com/evstack/ev-node/execution/evm/execution.go:254.2,255.16 2 0
github.com/evstack/ev-node/execution/evm/execution.go:255.16,257.3 1 0
github.com/evstack/ev-node/execution/evm/execution.go:259.2,261.36 2 0
github.com/evstack/ev-node/execution/evm/execution.go:265.70,268.16 3 0
github.com/evstack/ev-node/execution/evm/execution.go:268.16,270.3 1 0
github.com/evstack/ev-node/execution/evm/execution.go:272.2,273.32 2 0
github.com/evstack/ev-node/execution/evm/execution.go:273.32,274.58 1 0
github.com/evstack/ev-node/execution/evm/execution.go:274.58,276.4 1 0
github.com/evstack/ev-node/execution/evm/execution.go:277.3,278.43 2 0
github.com/evstack/ev-node/execution/evm/execution.go:278.43,280.4 1 0
github.com/evstack/ev-node/execution/evm/execution.go:281.3,281.29 1 0
github.com/evstack/ev-node/execution/evm/execution.go:284.2,284.17 1 0
github.com/evstack/ev-node/execution/evm/execution.go:293.187,297.16 2 0
github.com/evstack/ev-node/execution/evm/execution.go:297.16,300.3 1 0
github.com/evstack/ev-node/execution/evm/execution.go:300.8,300.18 1 0
github.com/evstack/ev-node/execution/evm/execution.go:300.18,301.23 1 0
github.com/evstack/ev-node/execution/evm/execution.go:301.23,303.4 1 0
github.com/evstack/ev-node/execution/evm/execution.go:304.3,304.23 1 0
github.com/evstack/ev-node/execution/evm/execution.go:304.23,307.4 1 0
github.com/evstack/ev-node/execution/evm/execution.go:310.2,311.16 2 0
github.com/evstack/ev-node/execution/evm/execution.go:311.16,313.3 1 0
github.com/evstack/ev-node/execution/evm/execution.go:316.2,316.88 1 0
github.com/evstack/ev-node/execution/evm/execution.go:316.88,318.3 1 0
github.com/evstack/ev-node/execution/evm/execution.go:321.2,358.58 9 0
github.com/evstack/ev-node/execution/evm/execution.go:358.58,361.17 3 0
github.com/evstack/ev-node/execution/evm/execution.go:361.17,363.4 1 0
github.com/evstack/ev-node/execution/evm/execution.go:366.3,366.79 1 0
github.com/evstack/ev-node/execution/evm/execution.go:366.79,374.4 2 0
github.com/evstack/ev-node/execution/evm/execution.go:376.3,376.40 1 0
github.com/evstack/ev-node/execution/evm/execution.go:376.40,389.4 2 0
github.com/evstack/ev-node/execution/evm/execution.go:391.3,392.13 2 0
github.com/evstack/ev-node/execution/evm/execution.go:394.2,394.16 1 0
github.com/evstack/ev-node/execution/evm/execution.go:394.16,396.3 1 0
github.com/evstack/ev-node/execution/evm/execution.go:400.2,403.50 2 0
github.com/evstack/ev-node/execution/evm/execution.go:408.82,420.2 5 0
github.com/evstack/ev-node/execution/evm/execution.go:422.97,424.2 1 0
github.com/evstack/ev-node/execution/evm/execution.go:432.126,438.16 4 0
github.com/evstack/ev-node/execution/evm/execution.go:438.16,444.9 5 0
github.com/evstack/ev-node/execution/evm/execution.go:444.9,446.4 1 0
github.com/evstack/ev-node/execution/evm/execution.go:446.9,449.18 3 0
github.com/evstack/ev-node/execution/evm/execution.go:449.18,455.5 2 0
github.com/evstack/ev-node/execution/evm/execution.go:460.2,460.21 1 0
github.com/evstack/ev-node/execution/evm/execution.go:460.21,466.9 5 0
github.com/evstack/ev-node/execution/evm/execution.go:466.9,468.4 1 0
github.com/evstack/ev-node/execution/evm/execution.go:468.9,471.18 3 0
github.com/evstack/ev-node/execution/evm/execution.go:471.18,477.5 2 0
github.com/evstack/ev-node/execution/evm/execution.go:481.2,482.13 2 0
github.com/evstack/ev-node/execution/evm/execution.go:482.13,485.3 2 0
github.com/evstack/ev-node/execution/evm/execution.go:485.8,488.17 3 0
github.com/evstack/ev-node/execution/evm/execution.go:488.17,490.4 1 0
github.com/evstack/ev-node/execution/evm/execution.go:491.3,491.22 1 0
github.com/evstack/ev-node/execution/evm/execution.go:491.22,493.4 1 0
github.com/evstack/ev-node/execution/evm/execution.go:495.2,502.52 3 0
github.com/evstack/ev-node/execution/evm/execution.go:506.119,508.59 1 0
github.com/evstack/ev-node/execution/evm/execution.go:508.59,511.17 3 0
github.com/evstack/ev-node/execution/evm/execution.go:511.17,513.4 1 0
github.com/evstack/ev-node/execution/evm/execution.go:516.3,516.79 1 0
github.com/evstack/ev-node/execution/evm/execution.go:516.79,524.4 2 0
github.com/evstack/ev-node/execution/evm/execution.go:525.3,525.13 1 0
github.com/evstack/ev-node/execution/evm/execution.go:527.2,527.16 1 0
github.com/evstack/ev-node/execution/evm/execution.go:527.16,529.3 1 0
github.com/evstack/ev-node/execution/evm/execution.go:531.2,531.12 1 0
github.com/evstack/ev-node/execution/evm/execution.go:535.80,537.16 2 0
github.com/evstack/ev-node/execution/evm/execution.go:537.16,539.3 1 0
github.com/evstack/ev-node/execution/evm/execution.go:540.2,540.41 1 0
github.com/evstack/ev-node/execution/evm/execution.go:546.82,557.2 5 0
github.com/evstack/ev-node/execution/evm/execution.go:563.82,569.9 4 0
github.com/evstack/ev-node/execution/evm/execution.go:569.9,573.17 3 0
github.com/evstack/ev-node/execution/evm/execution.go:573.17,580.4 2 0
github.com/evstack/ev-node/execution/evm/execution.go:582.2,582.34 1 0
github.com/evstack/ev-node/execution/evm/execution.go:587.72,596.42 5 0
github.com/evstack/ev-node/execution/evm/execution.go:596.42,598.31 2 0
github.com/evstack/ev-node/execution/evm/execution.go:598.31,600.4 1 0
github.com/evstack/ev-node/execution/evm/execution.go:601.3,601.35 1 0
github.com/evstack/ev-node/execution/evm/execution.go:601.35,602.21 1 0
github.com/evstack/ev-node/execution/evm/execution.go:602.21,604.5 1 0
github.com/evstack/ev-node/execution/evm/execution.go:612.87,625.2 6 0
github.com/evstack/ev-node/execution/evm/execution.go:633.112,636.30 1 0
github.com/evstack/ev-node/execution/evm/execution.go:636.30,638.3 1 0
github.com/evstack/ev-node/execution/evm/execution.go:639.2,647.23 5 0
github.com/evstack/ev-node/execution/evm/execution.go:656.183,659.35 2 0
github.com/evstack/ev-node/execution/evm/execution.go:659.35,661.73 1 0
github.com/evstack/ev-node/execution/evm/execution.go:661.73,667.4 2 0
github.com/evstack/ev-node/execution/evm/execution.go:670.3,670.73 1 0
github.com/evstack/ev-node/execution/evm/execution.go:670.73,679.4 4 0
github.com/evstack/ev-node/execution/evm/execution.go:683.2,684.56 2 0
github.com/evstack/ev-node/execution/evm/execution.go:684.56,686.52 1 0
github.com/evstack/ev-node/execution/evm/execution.go:686.52,694.60 2 0
github.com/evstack/ev-node/execution/evm/execution.go:694.60,697.5 1 0
github.com/evstack/ev-node/execution/evm/execution.go:700.4,702.52 2 0
github.com/evstack/ev-node/execution/evm/execution.go:705.3,709.67 1 0
github.com/evstack/ev-node/execution/evm/execution.go:712.2,712.29 1 0
github.com/evstack/ev-node/execution/evm/execution.go:716.107,720.25 3 0
github.com/evstack/ev-node/execution/evm/execution.go:720.25,721.19 1 0
github.com/evstack/ev-node/execution/evm/execution.go:721.19,722.12 1 0
github.com/evstack/ev-node/execution/evm/execution.go:727.3,727.86 1 0
github.com/evstack/ev-node/execution/evm/execution.go:727.86,729.12 2 0
github.com/evstack/ev-node/execution/evm/execution.go:733.3,734.51 2 0
github.com/evstack/ev-node/execution/evm/execution.go:734.51,741.12 2 0
github.com/evstack/ev-node/execution/evm/execution.go:744.3,744.59 1 0
github.com/evstack/ev-node/execution/evm/execution.go:747.2,747.30 1 0
github.com/evstack/ev-node/execution/evm/execution.go:747.30,754.3 1 0
github.com/evstack/ev-node/execution/evm/execution.go:755.2,755.17 1 0
github.com/evstack/ev-node/execution/evm/execution.go:759.126,763.16 3 0
github.com/evstack/ev-node/execution/evm/execution.go:763.16,765.3 1 0
github.com/evstack/ev-node/execution/evm/execution.go:767.2,772.58 4 0
github.com/evstack/ev-node/execution/evm/execution.go:772.58,779.17 2 0
github.com/evstack/ev-node/execution/evm/execution.go:779.17,781.4 1 0
github.com/evstack/ev-node/execution/evm/execution.go:783.3,783.65 1 0
github.com/evstack/ev-node/execution/evm/execution.go:783.65,791.4 2 0
github.com/evstack/ev-node/execution/evm/execution.go:792.3,792.13 1 0
github.com/evstack/ev-node/execution/evm/execution.go:794.2,794.16 1 0
github.com/evstack/ev-node/execution/evm/execution.go:794.16,796.3 1 0
github.com/evstack/ev-node/execution/evm/execution.go:799.2,803.16 4 0
github.com/evstack/ev-node/execution/evm/execution.go:803.16,805.3 1 0
github.com/evstack/ev-node/execution/evm/execution.go:808.2,810.102 2 0
github.com/evstack/ev-node/execution/evm/execution.go:813.73,815.2 1 0
github.com/evstack/ev-node/execution/evm/execution.go:817.123,820.16 2 0
github.com/evstack/ev-node/execution/evm/execution.go:820.16,822.3 1 0
github.com/evstack/ev-node/execution/evm/execution.go:824.2,824.70 1 0
github.com/evstack/ev-node/execution/evm/execution.go:829.172,841.18 2 0
github.com/evstack/ev-node/execution/evm/execution.go:841.18,843.26 2 0
github.com/evstack/ev-node/execution/evm/execution.go:843.26,845.4 1 0
github.com/evstack/ev-node/execution/evm/execution.go:846.3,846.31 1 0
github.com/evstack/ev-node/execution/evm/execution.go:849.2,849.60 1 0
github.com/evstack/ev-node/execution/evm/execution.go:849.60,852.3 2 0
github.com/evstack/ev-node/execution/evm/execution.go:854.2,857.48 1 0
github.com/evstack/ev-node/execution/evm/execution.go:861.77,863.16 2 0
github.com/evstack/ev-node/execution/evm/execution.go:863.16,865.3 1 0
github.com/evstack/ev-node/execution/evm/execution.go:866.2,866.36 1 0
github.com/evstack/ev-node/execution/evm/execution.go:870.53,872.16 2 0
github.com/evstack/ev-node/execution/evm/execution.go:872.16,874.3 1 0
github.com/evstack/ev-node/execution/evm/execution.go:875.2,875.20 1 0
github.com/evstack/ev-node/execution/evm/execution.go:879.53,887.16 3 0
github.com/evstack/ev-node/execution/evm/execution.go:887.16,889.3 1 0
github.com/evstack/ev-node/execution/evm/execution.go:890.2,890.23 1 0
github.com/evstack/ev-node/execution/evm/store.go:54.44,66.2 1 0
github.com/evstack/ev-node/execution/evm/store.go:69.57,70.18 1 0
github.com/evstack/ev-node/execution/evm/store.go:70.18,72.3 1 0
github.com/evstack/ev-node/execution/evm/store.go:73.2,82.12 10 0
github.com/evstack/ev-node/execution/evm/store.go:92.44,94.2 1 0
github.com/evstack/ev-node/execution/evm/store.go:97.40,101.2 3 0
github.com/evstack/ev-node/execution/evm/store.go:105.87,108.16 3 0
github.com/evstack/ev-node/execution/evm/store.go:108.16,109.37 1 0
github.com/evstack/ev-node/execution/evm/store.go:109.37,111.4 1 0
github.com/evstack/ev-node/execution/evm/store.go:112.3,112.61 1 0
github.com/evstack/ev-node/execution/evm/store.go:115.2,116.55 2 0
github.com/evstack/ev-node/execution/evm/store.go:116.55,118.3 1 0
github.com/evstack/ev-node/execution/evm/store.go:120.2,121.48 2 0
github.com/evstack/ev-node/execution/evm/store.go:121.48,123.3 1 0
github.com/evstack/ev-node/execution/evm/store.go:125.2,125.18 1 0
github.com/evstack/ev-node/execution/evm/store.go:129.76,132.16 3 0
github.com/evstack/ev-node/execution/evm/store.go:132.16,134.3 1 0
github.com/evstack/ev-node/execution/evm/store.go:136.2,136.49 1 0
github.com/evstack/ev-node/execution/evm/store.go:136.49,138.3 1 0
github.com/evstack/ev-node/execution/evm/store.go:140.2,140.12 1 0
github.com/evstack/ev-node/execution/evm/store.go:144.52,146.2 1 0
github.com/evstack/ev-node/execution/evm/test_helpers.go:19.141,43.2 16 0
github.com/evstack/ev-node/execution/evm/test_helpers.go:46.73,49.2 2 0
