mode: atomic
github.com/evstack/ev-node/apps/testapp/main.go:11.13,27.42 4 0
github.com/evstack/ev-node/apps/testapp/main.go:27.42,31.3 2 0
github.com/evstack/ev-node/apps/testapp/kv/bench/main.go:20.33,22.19 2 0
github.com/evstack/ev-node/apps/testapp/kv/bench/main.go:22.19,24.3 1 0
github.com/evstack/ev-node/apps/testapp/kv/bench/main.go:25.2,25.18 1 0
github.com/evstack/ev-node/apps/testapp/kv/bench/main.go:29.49,32.16 3 0
github.com/evstack/ev-node/apps/testapp/kv/bench/main.go:32.16,34.3 1 0
github.com/evstack/ev-node/apps/testapp/kv/bench/main.go:35.2,37.38 2 0
github.com/evstack/ev-node/apps/testapp/kv/bench/main.go:37.38,39.3 1 0
github.com/evstack/ev-node/apps/testapp/kv/bench/main.go:40.2,41.12 2 0
github.com/evstack/ev-node/apps/testapp/kv/bench/main.go:44.13,60.87 9 0
github.com/evstack/ev-node/apps/testapp/kv/bench/main.go:60.87,63.3 2 0
github.com/evstack/ev-node/apps/testapp/kv/bench/main.go:66.2,66.55 1 0
github.com/evstack/ev-node/apps/testapp/kv/bench/main.go:66.55,69.3 2 0
github.com/evstack/ev-node/apps/testapp/kv/bench/main.go:72.2,72.16 1 0
github.com/evstack/ev-node/apps/testapp/kv/bench/main.go:72.16,74.17 2 0
github.com/evstack/ev-node/apps/testapp/kv/bench/main.go:74.17,77.4 2 0
github.com/evstack/ev-node/apps/testapp/kv/bench/main.go:78.3,78.16 1 0
github.com/evstack/ev-node/apps/testapp/kv/bench/main.go:78.16,79.44 1 0
github.com/evstack/ev-node/apps/testapp/kv/bench/main.go:79.44,81.5 1 0
github.com/evstack/ev-node/apps/testapp/kv/bench/main.go:84.3,86.17 3 0
github.com/evstack/ev-node/apps/testapp/kv/bench/main.go:86.17,89.4 2 0
github.com/evstack/ev-node/apps/testapp/kv/bench/main.go:90.3,91.9 2 0
github.com/evstack/ev-node/apps/testapp/kv/bench/main.go:95.2,102.70 2 0
github.com/evstack/ev-node/apps/testapp/kv/bench/main.go:106.84,123.6 8 0
github.com/evstack/ev-node/apps/testapp/kv/bench/main.go:123.6,124.10 1 0
github.com/evstack/ev-node/apps/testapp/kv/bench/main.go:125.21,137.29 10 0
github.com/evstack/ev-node/apps/testapp/kv/bench/main.go:137.29,140.5 2 0
github.com/evstack/ev-node/apps/testapp/kv/bench/main.go:142.4,142.10 1 0
github.com/evstack/ev-node/apps/testapp/kv/bench/main.go:144.19,146.39 1 0
github.com/evstack/ev-node/apps/testapp/kv/bench/main.go:146.39,148.15 2 0
github.com/evstack/ev-node/apps/testapp/kv/bench/main.go:148.15,156.17 7 0
github.com/evstack/ev-node/apps/testapp/kv/bench/main.go:156.17,158.7 1 0
github.com/evstack/ev-node/apps/testapp/kv/bench/main.go:158.12,160.7 1 0
github.com/evstack/ev-node/apps/testapp/kv/bench/main.go:165.4,167.81 2 0
github.com/evstack/ev-node/apps/testapp/kv/bench/main.go:173.47,175.16 2 0
github.com/evstack/ev-node/apps/testapp/kv/bench/main.go:175.16,178.3 2 0
github.com/evstack/ev-node/apps/testapp/kv/bench/main.go:179.2,181.47 2 0
github.com/evstack/ev-node/apps/testapp/kv/http_server.go:23.73,40.2 7 9
github.com/evstack/ev-node/apps/testapp/kv/http_server.go:43.56,46.12 2 1
github.com/evstack/ev-node/apps/testapp/kv/http_server.go:46.12,48.83 2 1
github.com/evstack/ev-node/apps/testapp/kv/http_server.go:48.83,50.4 1 0
github.com/evstack/ev-node/apps/testapp/kv/http_server.go:54.2,54.12 1 1
github.com/evstack/ev-node/apps/testapp/kv/http_server.go:54.12,61.57 5 1
github.com/evstack/ev-node/apps/testapp/kv/http_server.go:61.57,63.4 1 0
github.com/evstack/ev-node/apps/testapp/kv/http_server.go:67.2,67.9 1 1
github.com/evstack/ev-node/apps/testapp/kv/http_server.go:68.22,69.13 1 0
github.com/evstack/ev-node/apps/testapp/kv/http_server.go:70.44,72.13 1 1
github.com/evstack/ev-node/apps/testapp/kv/http_server.go:77.36,79.2 1 0
github.com/evstack/ev-node/apps/testapp/kv/http_server.go:86.72,87.33 1 3
github.com/evstack/ev-node/apps/testapp/kv/http_server.go:87.33,90.3 2 1
github.com/evstack/ev-node/apps/testapp/kv/http_server.go:92.2,93.16 2 2
github.com/evstack/ev-node/apps/testapp/kv/http_server.go:93.16,96.3 2 0
github.com/evstack/ev-node/apps/testapp/kv/http_server.go:97.2,97.15 1 2
github.com/evstack/ev-node/apps/testapp/kv/http_server.go:97.15,98.40 1 2
github.com/evstack/ev-node/apps/testapp/kv/http_server.go:98.40,100.4 1 0
github.com/evstack/ev-node/apps/testapp/kv/http_server.go:103.2,103.20 1 2
github.com/evstack/ev-node/apps/testapp/kv/http_server.go:103.20,106.3 2 1
github.com/evstack/ev-node/apps/testapp/kv/http_server.go:108.2,111.16 4 1
github.com/evstack/ev-node/apps/testapp/kv/http_server.go:111.16,113.3 1 0
github.com/evstack/ev-node/apps/testapp/kv/http_server.go:119.72,120.18 1 4
github.com/evstack/ev-node/apps/testapp/kv/http_server.go:121.22,123.16 2 4
github.com/evstack/ev-node/apps/testapp/kv/http_server.go:123.16,126.4 2 1
github.com/evstack/ev-node/apps/testapp/kv/http_server.go:129.3,130.14 2 3
github.com/evstack/ev-node/apps/testapp/kv/http_server.go:130.14,136.38 2 1
github.com/evstack/ev-node/apps/testapp/kv/http_server.go:136.38,138.5 1 1
github.com/evstack/ev-node/apps/testapp/kv/http_server.go:138.10,142.5 2 0
github.com/evstack/ev-node/apps/testapp/kv/http_server.go:143.4,143.10 1 1
github.com/evstack/ev-node/apps/testapp/kv/http_server.go:146.3,147.17 2 2
github.com/evstack/ev-node/apps/testapp/kv/http_server.go:147.17,149.4 1 0
github.com/evstack/ev-node/apps/testapp/kv/http_server.go:151.10,152.67 1 0
github.com/evstack/ev-node/apps/testapp/kv/http_server.go:158.75,159.32 1 1
github.com/evstack/ev-node/apps/testapp/kv/http_server.go:159.32,162.3 2 0
github.com/evstack/ev-node/apps/testapp/kv/http_server.go:164.2,167.16 4 1
github.com/evstack/ev-node/apps/testapp/kv/http_server.go:167.16,171.3 3 0
github.com/evstack/ev-node/apps/testapp/kv/http_server.go:172.2,174.37 2 1
github.com/evstack/ev-node/apps/testapp/kv/http_server.go:174.37,175.26 1 0
github.com/evstack/ev-node/apps/testapp/kv/http_server.go:175.26,179.4 3 0
github.com/evstack/ev-node/apps/testapp/kv/http_server.go:181.3,182.77 2 0
github.com/evstack/ev-node/apps/testapp/kv/http_server.go:182.77,183.12 1 0
github.com/evstack/ev-node/apps/testapp/kv/http_server.go:185.3,185.43 1 0
github.com/evstack/ev-node/apps/testapp/kv/http_server.go:188.2,189.57 2 1
github.com/evstack/ev-node/apps/testapp/kv/http_server.go:189.57,192.3 1 0
github.com/evstack/ev-node/apps/testapp/kv/kvexecutor.go:41.65,43.16 2 15
github.com/evstack/ev-node/apps/testapp/kv/kvexecutor.go:43.16,45.3 1 0
github.com/evstack/ev-node/apps/testapp/kv/kvexecutor.go:46.2,49.8 1 15
github.com/evstack/ev-node/apps/testapp/kv/kvexecutor.go:54.84,58.16 3 3
github.com/evstack/ev-node/apps/testapp/kv/kvexecutor.go:58.16,61.3 2 0
github.com/evstack/ev-node/apps/testapp/kv/kvexecutor.go:62.2,69.37 6 3
github.com/evstack/ev-node/apps/testapp/kv/kvexecutor.go:69.37,70.26 1 4
github.com/evstack/ev-node/apps/testapp/kv/kvexecutor.go:70.26,73.4 2 0
github.com/evstack/ev-node/apps/testapp/kv/kvexecutor.go:75.3,77.53 2 4
github.com/evstack/ev-node/apps/testapp/kv/kvexecutor.go:77.53,80.23 2 4
github.com/evstack/ev-node/apps/testapp/kv/kvexecutor.go:80.23,82.69 2 4
github.com/evstack/ev-node/apps/testapp/kv/kvexecutor.go:82.69,85.26 2 4
github.com/evstack/ev-node/apps/testapp/kv/kvexecutor.go:85.26,87.45 1 3
github.com/evstack/ev-node/apps/testapp/kv/kvexecutor.go:87.45,91.8 3 3
github.com/evstack/ev-node/apps/testapp/kv/kvexecutor.go:98.2,98.12 1 3
github.com/evstack/ev-node/apps/testapp/kv/kvexecutor.go:98.12,100.3 1 1
github.com/evstack/ev-node/apps/testapp/kv/kvexecutor.go:102.2,102.26 1 2
github.com/evstack/ev-node/apps/testapp/kv/kvexecutor.go:107.76,110.16 3 15
github.com/evstack/ev-node/apps/testapp/kv/kvexecutor.go:110.16,112.3 1 0
github.com/evstack/ev-node/apps/testapp/kv/kvexecutor.go:113.2,116.37 3 15
github.com/evstack/ev-node/apps/testapp/kv/kvexecutor.go:116.37,117.26 1 35
github.com/evstack/ev-node/apps/testapp/kv/kvexecutor.go:117.26,119.4 1 0
github.com/evstack/ev-node/apps/testapp/kv/kvexecutor.go:121.3,122.26 2 35
github.com/evstack/ev-node/apps/testapp/kv/kvexecutor.go:122.26,123.12 1 13
github.com/evstack/ev-node/apps/testapp/kv/kvexecutor.go:125.3,125.34 1 22
github.com/evstack/ev-node/apps/testapp/kv/kvexecutor.go:127.2,130.27 3 15
github.com/evstack/ev-node/apps/testapp/kv/kvexecutor.go:130.27,132.17 2 22
github.com/evstack/ev-node/apps/testapp/kv/kvexecutor.go:132.17,135.4 1 0
github.com/evstack/ev-node/apps/testapp/kv/kvexecutor.go:136.3,136.65 1 22
github.com/evstack/ev-node/apps/testapp/kv/kvexecutor.go:138.2,138.33 1 15
github.com/evstack/ev-node/apps/testapp/kv/kvexecutor.go:144.138,145.9 1 3
github.com/evstack/ev-node/apps/testapp/kv/kvexecutor.go:146.20,147.27 1 0
github.com/evstack/ev-node/apps/testapp/kv/kvexecutor.go:148.10,148.10 0 3
github.com/evstack/ev-node/apps/testapp/kv/kvexecutor.go:151.2,152.16 2 3
github.com/evstack/ev-node/apps/testapp/kv/kvexecutor.go:152.16,154.3 1 0
github.com/evstack/ev-node/apps/testapp/kv/kvexecutor.go:156.2,156.17 1 3
github.com/evstack/ev-node/apps/testapp/kv/kvexecutor.go:156.17,158.17 2 1
github.com/evstack/ev-node/apps/testapp/kv/kvexecutor.go:158.17,160.4 1 0
github.com/evstack/ev-node/apps/testapp/kv/kvexecutor.go:161.3,161.32 1 1
github.com/evstack/ev-node/apps/testapp/kv/kvexecutor.go:166.2,167.16 2 2
github.com/evstack/ev-node/apps/testapp/kv/kvexecutor.go:167.16,169.3 1 0
github.com/evstack/ev-node/apps/testapp/kv/kvexecutor.go:172.2,173.16 2 2
github.com/evstack/ev-node/apps/testapp/kv/kvexecutor.go:173.16,175.3 1 0
github.com/evstack/ev-node/apps/testapp/kv/kvexecutor.go:176.2,177.16 2 2
github.com/evstack/ev-node/apps/testapp/kv/kvexecutor.go:177.16,179.3 1 0
github.com/evstack/ev-node/apps/testapp/kv/kvexecutor.go:180.2,181.16 2 2
github.com/evstack/ev-node/apps/testapp/kv/kvexecutor.go:181.16,183.3 1 0
github.com/evstack/ev-node/apps/testapp/kv/kvexecutor.go:184.2,185.16 2 2
github.com/evstack/ev-node/apps/testapp/kv/kvexecutor.go:185.16,187.3 1 0
github.com/evstack/ev-node/apps/testapp/kv/kvexecutor.go:189.2,189.29 1 2
github.com/evstack/ev-node/apps/testapp/kv/kvexecutor.go:194.68,195.9 1 5
github.com/evstack/ev-node/apps/testapp/kv/kvexecutor.go:196.20,197.24 1 0
github.com/evstack/ev-node/apps/testapp/kv/kvexecutor.go:198.10,198.10 0 5
github.com/evstack/ev-node/apps/testapp/kv/kvexecutor.go:202.2,203.6 2 5
github.com/evstack/ev-node/apps/testapp/kv/kvexecutor.go:203.6,204.10 1 9
github.com/evstack/ev-node/apps/testapp/kv/kvexecutor.go:205.25,206.25 1 4
github.com/evstack/ev-node/apps/testapp/kv/kvexecutor.go:207.11,209.11 1 5
github.com/evstack/ev-node/apps/testapp/kv/kvexecutor.go:210.22,211.26 1 0
github.com/evstack/ev-node/apps/testapp/kv/kvexecutor.go:212.12,213.22 1 5
github.com/evstack/ev-node/apps/testapp/kv/kvexecutor.go:213.22,215.6 1 2
github.com/evstack/ev-node/apps/testapp/kv/kvexecutor.go:216.5,216.20 1 3
github.com/evstack/ev-node/apps/testapp/kv/kvexecutor.go:225.155,226.9 1 10
github.com/evstack/ev-node/apps/testapp/kv/kvexecutor.go:227.20,228.27 1 0
github.com/evstack/ev-node/apps/testapp/kv/kvexecutor.go:229.10,229.10 0 10
github.com/evstack/ev-node/apps/testapp/kv/kvexecutor.go:232.2,233.16 2 10
github.com/evstack/ev-node/apps/testapp/kv/kvexecutor.go:233.16,235.3 1 0
github.com/evstack/ev-node/apps/testapp/kv/kvexecutor.go:237.2,242.25 3 10
github.com/evstack/ev-node/apps/testapp/kv/kvexecutor.go:242.25,244.19 1 17
github.com/evstack/ev-node/apps/testapp/kv/kvexecutor.go:244.19,247.12 3 2
github.com/evstack/ev-node/apps/testapp/kv/kvexecutor.go:250.3,251.22 2 15
github.com/evstack/ev-node/apps/testapp/kv/kvexecutor.go:251.22,254.12 3 3
github.com/evstack/ev-node/apps/testapp/kv/kvexecutor.go:257.3,259.16 3 12
github.com/evstack/ev-node/apps/testapp/kv/kvexecutor.go:259.16,262.12 3 0
github.com/evstack/ev-node/apps/testapp/kv/kvexecutor.go:265.3,268.26 2 12
github.com/evstack/ev-node/apps/testapp/kv/kvexecutor.go:268.26,271.12 3 0
github.com/evstack/ev-node/apps/testapp/kv/kvexecutor.go:274.3,275.17 2 12
github.com/evstack/ev-node/apps/testapp/kv/kvexecutor.go:275.17,278.4 1 0
github.com/evstack/ev-node/apps/testapp/kv/kvexecutor.go:279.3,279.17 1 12
github.com/evstack/ev-node/apps/testapp/kv/kvexecutor.go:283.2,283.24 1 10
github.com/evstack/ev-node/apps/testapp/kv/kvexecutor.go:283.24,285.3 1 2
github.com/evstack/ev-node/apps/testapp/kv/kvexecutor.go:288.2,289.16 2 10
github.com/evstack/ev-node/apps/testapp/kv/kvexecutor.go:289.16,291.3 1 0
github.com/evstack/ev-node/apps/testapp/kv/kvexecutor.go:294.2,295.16 2 10
github.com/evstack/ev-node/apps/testapp/kv/kvexecutor.go:295.16,299.3 1 0
github.com/evstack/ev-node/apps/testapp/kv/kvexecutor.go:301.2,301.29 1 10
github.com/evstack/ev-node/apps/testapp/kv/kvexecutor.go:305.78,306.9 1 3
github.com/evstack/ev-node/apps/testapp/kv/kvexecutor.go:307.20,308.19 1 0
github.com/evstack/ev-node/apps/testapp/kv/kvexecutor.go:309.10,309.10 0 3
github.com/evstack/ev-node/apps/testapp/kv/kvexecutor.go:313.2,313.22 1 3
github.com/evstack/ev-node/apps/testapp/kv/kvexecutor.go:313.22,315.3 1 1
github.com/evstack/ev-node/apps/testapp/kv/kvexecutor.go:317.2,317.82 1 2
github.com/evstack/ev-node/apps/testapp/kv/kvexecutor.go:322.42,323.9 1 4
github.com/evstack/ev-node/apps/testapp/kv/kvexecutor.go:324.22,324.22 0 4
github.com/evstack/ev-node/apps/testapp/kv/kvexecutor.go:326.10,328.82 1 0
github.com/evstack/ev-node/apps/testapp/kv/kvexecutor.go:334.73,335.9 1 0
github.com/evstack/ev-node/apps/testapp/kv/kvexecutor.go:336.20,337.19 1 0
github.com/evstack/ev-node/apps/testapp/kv/kvexecutor.go:338.10,338.10 0 0
github.com/evstack/ev-node/apps/testapp/kv/kvexecutor.go:342.2,342.17 1 0
github.com/evstack/ev-node/apps/testapp/kv/kvexecutor.go:342.17,344.3 1 0
github.com/evstack/ev-node/apps/testapp/kv/kvexecutor.go:347.2,348.16 2 0
github.com/evstack/ev-node/apps/testapp/kv/kvexecutor.go:348.16,350.3 1 0
github.com/evstack/ev-node/apps/testapp/kv/kvexecutor.go:353.2,355.16 3 0
github.com/evstack/ev-node/apps/testapp/kv/kvexecutor.go:355.16,357.3 1 0
github.com/evstack/ev-node/apps/testapp/kv/kvexecutor.go:358.2,363.37 4 0
github.com/evstack/ev-node/apps/testapp/kv/kvexecutor.go:363.37,364.26 1 0
github.com/evstack/ev-node/apps/testapp/kv/kvexecutor.go:364.26,366.4 1 0
github.com/evstack/ev-node/apps/testapp/kv/kvexecutor.go:368.3,370.47 2 0
github.com/evstack/ev-node/apps/testapp/kv/kvexecutor.go:370.47,373.22 2 0
github.com/evstack/ev-node/apps/testapp/kv/kvexecutor.go:373.22,375.69 2 0
github.com/evstack/ev-node/apps/testapp/kv/kvexecutor.go:375.69,377.28 1 0
github.com/evstack/ev-node/apps/testapp/kv/kvexecutor.go:377.28,379.7 1 0
github.com/evstack/ev-node/apps/testapp/kv/kvexecutor.go:386.2,386.35 1 0
github.com/evstack/ev-node/apps/testapp/kv/kvexecutor.go:386.35,387.10 1 0
github.com/evstack/ev-node/apps/testapp/kv/kvexecutor.go:388.21,389.20 1 0
github.com/evstack/ev-node/apps/testapp/kv/kvexecutor.go:390.11,390.11 0 0
github.com/evstack/ev-node/apps/testapp/kv/kvexecutor.go:393.3,394.17 2 0
github.com/evstack/ev-node/apps/testapp/kv/kvexecutor.go:394.17,396.4 1 0
github.com/evstack/ev-node/apps/testapp/kv/kvexecutor.go:400.2,401.80 2 0
github.com/evstack/ev-node/apps/testapp/kv/kvexecutor.go:401.80,403.93 2 0
github.com/evstack/ev-node/apps/testapp/kv/kvexecutor.go:403.93,404.32 1 0
github.com/evstack/ev-node/apps/testapp/kv/kvexecutor.go:404.32,406.19 2 0
github.com/evstack/ev-node/apps/testapp/kv/kvexecutor.go:406.19,408.6 1 0
github.com/evstack/ev-node/apps/testapp/kv/kvexecutor.go:414.2,415.16 2 0
github.com/evstack/ev-node/apps/testapp/kv/kvexecutor.go:415.16,417.3 1 0
github.com/evstack/ev-node/apps/testapp/kv/kvexecutor.go:419.2,419.12 1 0
github.com/evstack/ev-node/apps/testapp/kv/kvexecutor.go:422.51,424.2 1 12
github.com/evstack/ev-node/apps/testapp/cmd/init.go:17.31,22.55 1 1
github.com/evstack/ev-node/apps/testapp/cmd/init.go:22.55,24.18 2 1
github.com/evstack/ev-node/apps/testapp/cmd/init.go:24.18,26.5 1 0
github.com/evstack/ev-node/apps/testapp/cmd/init.go:28.4,29.18 2 1
github.com/evstack/ev-node/apps/testapp/cmd/init.go:29.18,31.5 1 0
github.com/evstack/ev-node/apps/testapp/cmd/init.go:35.4,37.41 3 1
github.com/evstack/ev-node/apps/testapp/cmd/init.go:37.41,39.5 1 0
github.com/evstack/ev-node/apps/testapp/cmd/init.go:42.4,43.18 2 1
github.com/evstack/ev-node/apps/testapp/cmd/init.go:43.18,45.5 1 0
github.com/evstack/ev-node/apps/testapp/cmd/init.go:47.4,48.28 2 1
github.com/evstack/ev-node/apps/testapp/cmd/init.go:48.28,51.19 2 1
github.com/evstack/ev-node/apps/testapp/cmd/init.go:51.19,53.6 1 0
github.com/evstack/ev-node/apps/testapp/cmd/init.go:54.5,56.25 2 1
github.com/evstack/ev-node/apps/testapp/cmd/init.go:56.25,58.6 1 0
github.com/evstack/ev-node/apps/testapp/cmd/init.go:61.4,62.18 2 1
github.com/evstack/ev-node/apps/testapp/cmd/init.go:62.18,64.5 1 0
github.com/evstack/ev-node/apps/testapp/cmd/init.go:66.4,66.43 1 1
github.com/evstack/ev-node/apps/testapp/cmd/init.go:66.43,68.5 1 0
github.com/evstack/ev-node/apps/testapp/cmd/init.go:70.4,70.61 1 1
github.com/evstack/ev-node/apps/testapp/cmd/init.go:70.61,72.5 1 0
github.com/evstack/ev-node/apps/testapp/cmd/init.go:75.4,76.18 2 1
github.com/evstack/ev-node/apps/testapp/cmd/init.go:76.18,78.5 1 0
github.com/evstack/ev-node/apps/testapp/cmd/init.go:81.4,83.52 3 1
github.com/evstack/ev-node/apps/testapp/cmd/init.go:83.52,85.73 1 0
github.com/evstack/ev-node/apps/testapp/cmd/init.go:85.73,86.47 1 0
github.com/evstack/ev-node/apps/testapp/cmd/init.go:86.47,88.7 1 0
github.com/evstack/ev-node/apps/testapp/cmd/init.go:89.11,91.6 1 0
github.com/evstack/ev-node/apps/testapp/cmd/init.go:93.5,93.87 1 0
github.com/evstack/ev-node/apps/testapp/cmd/init.go:94.10,94.25 1 1
github.com/evstack/ev-node/apps/testapp/cmd/init.go:94.25,96.5 1 0
github.com/evstack/ev-node/apps/testapp/cmd/init.go:98.4,99.14 2 1
github.com/evstack/ev-node/apps/testapp/cmd/init.go:104.2,107.16 3 1
github.com/evstack/ev-node/apps/testapp/cmd/rollback.go:18.38,27.55 2 0
github.com/evstack/ev-node/apps/testapp/cmd/rollback.go:27.55,29.18 2 0
github.com/evstack/ev-node/apps/testapp/cmd/rollback.go:29.18,31.5 1 0
github.com/evstack/ev-node/apps/testapp/cmd/rollback.go:33.4,34.20 2 0
github.com/evstack/ev-node/apps/testapp/cmd/rollback.go:34.20,36.5 1 0
github.com/evstack/ev-node/apps/testapp/cmd/rollback.go:39.4,40.18 2 0
github.com/evstack/ev-node/apps/testapp/cmd/rollback.go:40.18,42.5 1 0
github.com/evstack/ev-node/apps/testapp/cmd/rollback.go:44.4,44.17 1 0
github.com/evstack/ev-node/apps/testapp/cmd/rollback.go:44.17,45.57 1 0
github.com/evstack/ev-node/apps/testapp/cmd/rollback.go:45.57,47.6 1 0
github.com/evstack/ev-node/apps/testapp/cmd/rollback.go:51.4,53.19 3 0
github.com/evstack/ev-node/apps/testapp/cmd/rollback.go:53.19,55.19 2 0
github.com/evstack/ev-node/apps/testapp/cmd/rollback.go:55.19,57.6 1 0
github.com/evstack/ev-node/apps/testapp/cmd/rollback.go:59.5,59.31 1 0
github.com/evstack/ev-node/apps/testapp/cmd/rollback.go:62.4,63.18 2 0
github.com/evstack/ev-node/apps/testapp/cmd/rollback.go:63.18,65.5 1 0
github.com/evstack/ev-node/apps/testapp/cmd/rollback.go:68.4,68.73 1 0
github.com/evstack/ev-node/apps/testapp/cmd/rollback.go:68.73,70.5 1 0
github.com/evstack/ev-node/apps/testapp/cmd/rollback.go:73.4,78.18 2 0
github.com/evstack/ev-node/apps/testapp/cmd/rollback.go:78.18,80.5 1 0
github.com/evstack/ev-node/apps/testapp/cmd/rollback.go:82.4,87.18 2 0
github.com/evstack/ev-node/apps/testapp/cmd/rollback.go:87.18,89.5 1 0
github.com/evstack/ev-node/apps/testapp/cmd/rollback.go:91.4,91.51 1 0
github.com/evstack/ev-node/apps/testapp/cmd/rollback.go:91.51,93.5 1 0
github.com/evstack/ev-node/apps/testapp/cmd/rollback.go:94.4,96.49 2 0
github.com/evstack/ev-node/apps/testapp/cmd/rollback.go:96.49,98.5 1 0
github.com/evstack/ev-node/apps/testapp/cmd/rollback.go:99.4,102.89 3 0
github.com/evstack/ev-node/apps/testapp/cmd/rollback.go:102.89,104.5 1 0
github.com/evstack/ev-node/apps/testapp/cmd/rollback.go:106.4,106.85 1 0
github.com/evstack/ev-node/apps/testapp/cmd/rollback.go:106.85,108.5 1 0
github.com/evstack/ev-node/apps/testapp/cmd/rollback.go:111.4,111.59 1 0
github.com/evstack/ev-node/apps/testapp/cmd/rollback.go:111.59,113.5 1 0
github.com/evstack/ev-node/apps/testapp/cmd/rollback.go:115.4,116.16 2 0
github.com/evstack/ev-node/apps/testapp/cmd/rollback.go:116.16,118.5 1 0
github.com/evstack/ev-node/apps/testapp/cmd/rollback.go:120.4,120.15 1 0
github.com/evstack/ev-node/apps/testapp/cmd/rollback.go:124.2,126.12 3 0
github.com/evstack/ev-node/apps/testapp/cmd/root.go:17.13,22.2 3 1
github.com/evstack/ev-node/apps/testapp/cmd/run.go:34.58,36.17 2 0
github.com/evstack/ev-node/apps/testapp/cmd/run.go:36.17,38.4 1 0
github.com/evstack/ev-node/apps/testapp/cmd/run.go:40.3,44.23 3 0
github.com/evstack/ev-node/apps/testapp/cmd/run.go:44.23,46.4 1 0
github.com/evstack/ev-node/apps/testapp/cmd/run.go:49.3,50.17 2 0
github.com/evstack/ev-node/apps/testapp/cmd/run.go:50.17,52.4 1 0
github.com/evstack/ev-node/apps/testapp/cmd/run.go:54.3,63.17 7 0
github.com/evstack/ev-node/apps/testapp/cmd/run.go:63.17,65.4 1 0
github.com/evstack/ev-node/apps/testapp/cmd/run.go:67.3,68.17 2 0
github.com/evstack/ev-node/apps/testapp/cmd/run.go:68.17,70.4 1 0
github.com/evstack/ev-node/apps/testapp/cmd/run.go:73.3,73.23 1 0
github.com/evstack/ev-node/apps/testapp/cmd/run.go:73.23,76.18 3 0
github.com/evstack/ev-node/apps/testapp/cmd/run.go:76.18,78.5 1 0
github.com/evstack/ev-node/apps/testapp/cmd/run.go:78.10,80.5 1 0
github.com/evstack/ev-node/apps/testapp/cmd/run.go:83.3,85.17 3 0
github.com/evstack/ev-node/apps/testapp/cmd/run.go:85.17,87.4 1 0
github.com/evstack/ev-node/apps/testapp/cmd/run.go:89.3,89.64 1 0
github.com/evstack/ev-node/apps/testapp/cmd/run.go:89.64,91.4 1 0
github.com/evstack/ev-node/apps/testapp/cmd/run.go:94.3,95.17 2 0
github.com/evstack/ev-node/apps/testapp/cmd/run.go:95.17,97.4 1 0
github.com/evstack/ev-node/apps/testapp/cmd/run.go:99.3,100.17 2 0
github.com/evstack/ev-node/apps/testapp/cmd/run.go:100.17,102.4 1 0
github.com/evstack/ev-node/apps/testapp/cmd/run.go:104.3,104.124 1 0
github.com/evstack/ev-node/apps/testapp/cmd/run.go:117.36,119.16 2 0
github.com/evstack/ev-node/apps/testapp/cmd/run.go:119.16,121.3 1 0
github.com/evstack/ev-node/apps/testapp/cmd/run.go:123.2,125.36 2 0
github.com/evstack/ev-node/apps/testapp/cmd/run.go:125.36,127.34 1 0
github.com/evstack/ev-node/apps/testapp/cmd/run.go:127.34,129.4 1 0
github.com/evstack/ev-node/apps/testapp/cmd/run.go:131.3,133.17 3 0
github.com/evstack/ev-node/apps/testapp/cmd/run.go:133.17,135.4 1 0
github.com/evstack/ev-node/apps/testapp/cmd/run.go:137.3,142.23 2 0
github.com/evstack/ev-node/apps/testapp/cmd/run.go:145.2,154.16 2 0
github.com/evstack/ev-node/apps/testapp/cmd/run.go:154.16,156.3 1 0
github.com/evstack/ev-node/apps/testapp/cmd/run.go:158.2,162.23 2 0
