mode: atomic
github.com/evstack/ev-node/core/execution/context.go:9.78,11.2 1 6
github.com/evstack/ev-node/core/execution/context.go:15.55,16.72 1 8
github.com/evstack/ev-node/core/execution/context.go:16.72,18.3 1 6
github.com/evstack/ev-node/core/execution/context.go:19.2,19.12 1 2
github.com/evstack/ev-node/core/execution/dummy.go:27.40,33.2 1 10
github.com/evstack/ev-node/core/execution/dummy.go:37.141,45.2 6 1
github.com/evstack/ev-node/core/execution/dummy.go:48.67,55.2 5 109
github.com/evstack/ev-node/core/execution/dummy.go:58.45,63.2 3 110
github.com/evstack/ev-node/core/execution/dummy.go:66.158,72.25 5 8
github.com/evstack/ev-node/core/execution/dummy.go:72.25,74.3 1 11
github.com/evstack/ev-node/core/execution/dummy.go:75.2,78.33 4 8
github.com/evstack/ev-node/core/execution/dummy.go:82.81,86.52 3 4
github.com/evstack/ev-node/core/execution/dummy.go:86.52,90.3 3 3
github.com/evstack/ev-node/core/execution/dummy.go:91.2,91.75 1 1
github.com/evstack/ev-node/core/execution/dummy.go:94.57,95.72 1 11
github.com/evstack/ev-node/core/execution/dummy.go:95.72,96.55 1 9
github.com/evstack/ev-node/core/execution/dummy.go:96.55,96.84 1 15
github.com/evstack/ev-node/core/execution/dummy.go:101.47,106.2 3 108
github.com/evstack/ev-node/core/sequencer/dummy.go:22.42,26.2 1 6
github.com/evstack/ev-node/core/sequencer/dummy.go:29.122,33.22 3 57
github.com/evstack/ev-node/core/sequencer/dummy.go:33.22,36.3 2 57
github.com/evstack/ev-node/core/sequencer/dummy.go:37.2,37.39 1 57
github.com/evstack/ev-node/core/sequencer/dummy.go:41.116,48.23 6 58
github.com/evstack/ev-node/core/sequencer/dummy.go:48.23,50.3 1 1
github.com/evstack/ev-node/core/sequencer/dummy.go:50.8,53.3 2 57
github.com/evstack/ev-node/core/sequencer/dummy.go:55.2,58.8 1 58
github.com/evstack/ev-node/core/sequencer/dummy.go:62.113,66.2 1 1
github.com/evstack/ev-node/core/sequencer/dummy.go:69.54,71.2 0 0
github.com/evstack/ev-node/core/sequencer/dummy.go:74.47,76.2 1 0
github.com/evstack/ev-node/core/sequencer/sequencing.go:51.44,56.50 2 16
github.com/evstack/ev-node/core/sequencer/sequencing.go:56.50,59.3 2 4
github.com/evstack/ev-node/core/sequencer/sequencing.go:62.2,67.40 4 12
github.com/evstack/ev-node/core/sequencer/sequencing.go:67.40,75.3 4 30
github.com/evstack/ev-node/core/sequencer/sequencing.go:77.2,77.29 1 12
