mode: atomic
github.com/evstack/ev-node/apps/grpc/main.go:15.13,36.42 4 0
github.com/evstack/ev-node/apps/grpc/main.go:36.42,40.3 2 0
github.com/evstack/ev-node/apps/grpc/cmd/init.go:17.31,24.55 1 0
github.com/evstack/ev-node/apps/grpc/cmd/init.go:24.55,26.18 2 0
github.com/evstack/ev-node/apps/grpc/cmd/init.go:26.18,28.5 1 0
github.com/evstack/ev-node/apps/grpc/cmd/init.go:30.4,31.18 2 0
github.com/evstack/ev-node/apps/grpc/cmd/init.go:31.18,33.5 1 0
github.com/evstack/ev-node/apps/grpc/cmd/init.go:37.4,39.41 3 0
github.com/evstack/ev-node/apps/grpc/cmd/init.go:39.41,41.5 1 0
github.com/evstack/ev-node/apps/grpc/cmd/init.go:44.4,45.18 2 0
github.com/evstack/ev-node/apps/grpc/cmd/init.go:45.18,47.5 1 0
github.com/evstack/ev-node/apps/grpc/cmd/init.go:49.4,50.28 2 0
github.com/evstack/ev-node/apps/grpc/cmd/init.go:50.28,53.19 2 0
github.com/evstack/ev-node/apps/grpc/cmd/init.go:53.19,55.6 1 0
github.com/evstack/ev-node/apps/grpc/cmd/init.go:56.5,58.25 2 0
github.com/evstack/ev-node/apps/grpc/cmd/init.go:58.25,60.6 1 0
github.com/evstack/ev-node/apps/grpc/cmd/init.go:63.4,64.18 2 0
github.com/evstack/ev-node/apps/grpc/cmd/init.go:64.18,66.5 1 0
github.com/evstack/ev-node/apps/grpc/cmd/init.go:68.4,68.43 1 0
github.com/evstack/ev-node/apps/grpc/cmd/init.go:68.43,70.5 1 0
github.com/evstack/ev-node/apps/grpc/cmd/init.go:72.4,72.61 1 0
github.com/evstack/ev-node/apps/grpc/cmd/init.go:72.61,74.5 1 0
github.com/evstack/ev-node/apps/grpc/cmd/init.go:77.4,78.18 2 0
github.com/evstack/ev-node/apps/grpc/cmd/init.go:78.18,80.5 1 0
github.com/evstack/ev-node/apps/grpc/cmd/init.go:83.4,85.52 3 0
github.com/evstack/ev-node/apps/grpc/cmd/init.go:85.52,87.73 1 0
github.com/evstack/ev-node/apps/grpc/cmd/init.go:87.73,88.47 1 0
github.com/evstack/ev-node/apps/grpc/cmd/init.go:88.47,90.7 1 0
github.com/evstack/ev-node/apps/grpc/cmd/init.go:91.11,93.6 1 0
github.com/evstack/ev-node/apps/grpc/cmd/init.go:95.5,95.87 1 0
github.com/evstack/ev-node/apps/grpc/cmd/init.go:96.10,96.25 1 0
github.com/evstack/ev-node/apps/grpc/cmd/init.go:96.25,98.5 1 0
github.com/evstack/ev-node/apps/grpc/cmd/init.go:100.4,101.14 2 0
github.com/evstack/ev-node/apps/grpc/cmd/init.go:106.2,109.16 3 0
github.com/evstack/ev-node/apps/grpc/cmd/run.go:42.54,45.17 2 0
github.com/evstack/ev-node/apps/grpc/cmd/run.go:45.17,47.4 1 0
github.com/evstack/ev-node/apps/grpc/cmd/run.go:50.3,51.17 2 0
github.com/evstack/ev-node/apps/grpc/cmd/run.go:51.17,53.4 1 0
github.com/evstack/ev-node/apps/grpc/cmd/run.go:55.3,64.17 6 0
github.com/evstack/ev-node/apps/grpc/cmd/run.go:64.17,66.4 1 0
github.com/evstack/ev-node/apps/grpc/cmd/run.go:69.3,70.17 2 0
github.com/evstack/ev-node/apps/grpc/cmd/run.go:70.17,72.4 1 0
github.com/evstack/ev-node/apps/grpc/cmd/run.go:74.3,74.64 1 0
github.com/evstack/ev-node/apps/grpc/cmd/run.go:74.64,76.4 1 0
github.com/evstack/ev-node/apps/grpc/cmd/run.go:79.3,80.17 2 0
github.com/evstack/ev-node/apps/grpc/cmd/run.go:80.17,82.4 1 0
github.com/evstack/ev-node/apps/grpc/cmd/run.go:85.3,86.17 2 0
github.com/evstack/ev-node/apps/grpc/cmd/run.go:86.17,88.4 1 0
github.com/evstack/ev-node/apps/grpc/cmd/run.go:91.3,92.17 2 0
github.com/evstack/ev-node/apps/grpc/cmd/run.go:92.17,94.4 1 0
github.com/evstack/ev-node/apps/grpc/cmd/run.go:97.3,97.124 1 0
github.com/evstack/ev-node/apps/grpc/cmd/run.go:101.13,107.2 2 0
github.com/evstack/ev-node/apps/grpc/cmd/run.go:116.36,118.16 2 0
github.com/evstack/ev-node/apps/grpc/cmd/run.go:118.16,120.3 1 0
github.com/evstack/ev-node/apps/grpc/cmd/run.go:122.2,124.36 2 0
github.com/evstack/ev-node/apps/grpc/cmd/run.go:124.36,126.34 1 0
github.com/evstack/ev-node/apps/grpc/cmd/run.go:126.34,128.4 1 0
github.com/evstack/ev-node/apps/grpc/cmd/run.go:130.3,132.17 3 0
github.com/evstack/ev-node/apps/grpc/cmd/run.go:132.17,134.4 1 0
github.com/evstack/ev-node/apps/grpc/cmd/run.go:136.3,141.23 2 0
github.com/evstack/ev-node/apps/grpc/cmd/run.go:144.2,153.16 2 0
github.com/evstack/ev-node/apps/grpc/cmd/run.go:153.16,155.3 1 0
github.com/evstack/ev-node/apps/grpc/cmd/run.go:157.2,161.23 2 0
github.com/evstack/ev-node/apps/grpc/cmd/run.go:165.80,168.16 2 0
github.com/evstack/ev-node/apps/grpc/cmd/run.go:168.16,170.3 1 0
github.com/evstack/ev-node/apps/grpc/cmd/run.go:172.2,172.23 1 0
github.com/evstack/ev-node/apps/grpc/cmd/run.go:172.23,174.3 1 0
github.com/evstack/ev-node/apps/grpc/cmd/run.go:177.2,177.50 1 0
github.com/evstack/ev-node/apps/grpc/cmd/run.go:181.39,183.2 1 0
