mode: atomic
github.com/evstack/ev-node/execution/grpc/client.go:34.66,42.2 1 4
github.com/evstack/ev-node/execution/grpc/client.go:48.157,56.16 3 1
github.com/evstack/ev-node/execution/grpc/client.go:56.16,58.3 1 0
github.com/evstack/ev-node/execution/grpc/client.go:60.2,60.51 1 1
github.com/evstack/ev-node/execution/grpc/client.go:67.64,71.16 3 1
github.com/evstack/ev-node/execution/grpc/client.go:71.16,73.3 1 0
github.com/evstack/ev-node/execution/grpc/client.go:75.2,75.26 1 1
github.com/evstack/ev-node/execution/grpc/client.go:83.181,92.16 3 1
github.com/evstack/ev-node/execution/grpc/client.go:92.16,94.3 1 0
github.com/evstack/ev-node/execution/grpc/client.go:96.2,96.58 1 1
github.com/evstack/ev-node/execution/grpc/client.go:103.74,109.16 3 1
github.com/evstack/ev-node/execution/grpc/client.go:109.16,111.3 1 0
github.com/evstack/ev-node/execution/grpc/client.go:113.2,113.12 1 1
github.com/evstack/ev-node/execution/grpc/handler.go:26.105,53.2 9 4
github.com/evstack/ev-node/execution/grpc/server.go:27.53,31.2 1 19
github.com/evstack/ev-node/execution/grpc/server.go:40.52,41.32 1 6
github.com/evstack/ev-node/execution/grpc/server.go:41.32,43.3 1 1
github.com/evstack/ev-node/execution/grpc/server.go:45.2,45.32 1 5
github.com/evstack/ev-node/execution/grpc/server.go:45.32,47.3 1 1
github.com/evstack/ev-node/execution/grpc/server.go:49.2,49.27 1 4
github.com/evstack/ev-node/execution/grpc/server.go:49.27,51.3 1 1
github.com/evstack/ev-node/execution/grpc/server.go:53.2,59.16 2 3
github.com/evstack/ev-node/execution/grpc/server.go:59.16,61.3 1 1
github.com/evstack/ev-node/execution/grpc/server.go:63.2,66.9 1 2
github.com/evstack/ev-node/execution/grpc/server.go:75.49,77.16 2 3
github.com/evstack/ev-node/execution/grpc/server.go:77.16,79.3 1 1
github.com/evstack/ev-node/execution/grpc/server.go:81.2,83.9 1 2
github.com/evstack/ev-node/execution/grpc/server.go:93.53,94.30 1 6
github.com/evstack/ev-node/execution/grpc/server.go:94.30,96.3 1 1
github.com/evstack/ev-node/execution/grpc/server.go:98.2,98.30 1 5
github.com/evstack/ev-node/execution/grpc/server.go:98.30,100.3 1 1
github.com/evstack/ev-node/execution/grpc/server.go:102.2,102.37 1 4
github.com/evstack/ev-node/execution/grpc/server.go:102.37,104.3 1 1
github.com/evstack/ev-node/execution/grpc/server.go:106.2,113.16 2 3
github.com/evstack/ev-node/execution/grpc/server.go:113.16,115.3 1 1
github.com/evstack/ev-node/execution/grpc/server.go:117.2,120.9 1 2
github.com/evstack/ev-node/execution/grpc/server.go:129.51,130.30 1 4
github.com/evstack/ev-node/execution/grpc/server.go:130.30,132.3 1 1
github.com/evstack/ev-node/execution/grpc/server.go:134.2,135.16 2 3
github.com/evstack/ev-node/execution/grpc/server.go:135.16,137.3 1 1
github.com/evstack/ev-node/execution/grpc/server.go:139.2,139.57 1 2
